8 Jul 09:53:06 - [34mdebug[39m: jobs.startJob(): saving job
8 Jul 09:53:06 - [34mdebug[39m: jobs.startJob(): job saved
8 Jul 09:53:07 - [34mdebug[39m: running shell command hook for phase prepare: 
8 Jul 09:53:07 - [34mdebug[39m: hook for phase prepare complete
8 Jul 09:53:07 - [34mdebug[39m: running NO-OP hook for phase: prepare
8 Jul 09:53:07 - [34mdebug[39m: hook for phase prepare complete
8 Jul 09:53:07 - [34mdebug[39m: running function hook for phase prepare
8 Jul 09:53:09 - [34mdebug[39m: hook for phase prepare complete
8 Jul 09:53:09 - [34mdebug[39m: Failure in phase prepare, running cleanup and failing build
8 Jul 09:53:09 - [34mdebug[39m: running NO-OP hook for phase: cleanup
8 Jul 09:53:09 - [34mdebug[39m: hook for phase cleanup complete
8 Jul 09:53:09 - [34mdebug[39m: running function hook for phase cleanup
8 Jul 09:53:09 - [34mdebug[39m: hook for phase cleanup complete
8 Jul 09:53:09 - [34mdebug[39m: running function hook for phase cleanup
8 Jul 09:53:09 - [34mdebug[39m: hook for phase cleanup complete
8 Jul 09:53:09 - [34mdebug[39m: test url for email: http://ec2-54-246-42-0.eu-west-1.compute.amazonaws.com/shmedialimited/node-webapp-template/job/51da8c02cf431af90a000008
8 Jul 11:40:07 - [34mdebug[39m: jobs.startJob(): saving job
8 Jul 11:40:07 - [34mdebug[39m: jobs.startJob(): job saved
8 Jul 11:40:16 - [34mdebug[39m: test url for email: http://ec2-54-246-42-0.eu-west-1.compute.amazonaws.com/shmedialimited/node-webapp-template/job/51daa5170ed1a70d07000008
8 Jul 11:40:23 - [34mdebug[39m: jobs.startJob(): saving job
8 Jul 11:40:23 - [34mdebug[39m: jobs.startJob(): job saved
8 Jul 11:40:25 - [34mdebug[39m: test url for email: http://ec2-54-246-42-0.eu-west-1.compute.amazonaws.com/shmedialimited/node-webapp-template/job/51daa5270ed1a70d07000009
8 Jul 11:41:18 - [34mdebug[39m: jobs.startJob(): saving job
8 Jul 11:41:18 - [34mdebug[39m: jobs.startJob(): job saved
8 Jul 11:41:19 - [34mdebug[39m: running NO-OP hook for phase: prepare
8 Jul 11:41:19 - [34mdebug[39m: hook for phase prepare complete
8 Jul 11:41:19 - [34mdebug[39m: running function hook for phase prepare
8 Jul 11:41:20 - [34mdebug[39m: hook for phase prepare complete
8 Jul 11:41:20 - [34mdebug[39m: Failure in phase prepare, running cleanup and failing build
8 Jul 11:41:20 - [34mdebug[39m: running function hook for phase cleanup
8 Jul 11:41:20 - [34mdebug[39m: hook for phase cleanup complete
8 Jul 11:41:20 - [34mdebug[39m: running function hook for phase cleanup
8 Jul 11:41:20 - [34mdebug[39m: hook for phase cleanup complete
8 Jul 11:41:20 - [34mdebug[39m: test url for email: http://ec2-54-246-42-0.eu-west-1.compute.amazonaws.com/shmedialimited/node-webapp-template/job/51daa55e0ed1a70d0700000a
8 Jul 11:43:10 - [34mdebug[39m: POST to Github /webhook payload: {"ref":"refs/heads/master","after":"7888a2771757df64172ad8f25c2dd394193fa056","before":"a82245736b1783c7b592f5c7fcdef6469a861570","created":false,"deleted":false,"forced":false,"compare":"https://github.com/SHMEDIALIMITED/node-webapp-template/compare/a82245736b17...7888a2771757","commits":[{"id":"7888a2771757df64172ad8f25c2dd394193fa056","distinct":true,"message":"t","timestamp":"2013-07-08T04:42:56-07:00","url":"https://github.com/SHMEDIALIMITED/node-webapp-template/commit/7888a2771757df64172ad8f25c2dd394193fa056","author":{"name":"Patrick Wolleb","email":"patrick.wolleb@shmedia.co.uk","username":"PatrickWolleb"},"committer":{"name":"Patrick Wolleb","email":"patrick.wolleb@shmedia.co.uk","username":"PatrickWolleb"},"added":[],"removed":[],"modified":["package.json"]}],"head_commit":{"id":"7888a2771757df64172ad8f25c2dd394193fa056","distinct":true,"message":"t","timestamp":"2013-07-08T04:42:56-07:00","url":"https://github.com/SHMEDIALIMITED/node-webapp-template/commit/7888a2771757df64172ad8f25c2dd394193fa056","author":{"name":"Patrick Wolleb","email":"patrick.wolleb@shmedia.co.uk","username":"PatrickWolleb"},"committer":{"name":"Patrick Wolleb","email":"patrick.wolleb@shmedia.co.uk","username":"PatrickWolleb"},"added":[],"removed":[],"modified":["package.json"]},"repository":{"id":11176293,"name":"node-webapp-template","url":"https://github.com/SHMEDIALIMITED/node-webapp-template","description":"","watchers":0,"stargazers":0,"forks":0,"fork":false,"size":38972,"owner":{"name":"SHMEDIALIMITED","email":""},"private":false,"open_issues":0,"has_issues":true,"has_downloads":true,"has_wiki":true,"language":"JavaScript","created_at":1372941040,"pushed_at":1373283789,"master_branch":"master","organization":"SHMEDIALIMITED"},"pusher":{"name":"PatrickWolleb","email":"patrick.wolleb@shmedia.co.uk"}}
8 Jul 11:43:10 - [34mdebug[39m: jobs.startJob(): saving job
8 Jul 11:43:10 - [34mdebug[39m: jobs.startJob(): job saved
8 Jul 11:43:23 - [34mdebug[39m: test url for email: http://ec2-54-246-42-0.eu-west-1.compute.amazonaws.com/shmedialimited/node-webapp-template/job/51daa5ce0ed1a70d0700000b
8 Jul 11:44:48 - [34mdebug[39m: POST to Github /webhook payload: {"ref":"refs/heads/master","after":"3ff79b02e359ba645836871b4b2ae00a0acc2658","before":"7888a2771757df64172ad8f25c2dd394193fa056","created":false,"deleted":false,"forced":false,"compare":"https://github.com/SHMEDIALIMITED/node-webapp-template/compare/7888a2771757...3ff79b02e359","commits":[{"id":"3ff79b02e359ba645836871b4b2ae00a0acc2658","distinct":true,"message":"t","timestamp":"2013-07-08T04:44:09-07:00","url":"https://github.com/SHMEDIALIMITED/node-webapp-template/commit/3ff79b02e359ba645836871b4b2ae00a0acc2658","author":{"name":"Patrick Wolleb","email":"patrick.wolleb@shmedia.co.uk","username":"PatrickWolleb"},"committer":{"name":"Patrick Wolleb","email":"patrick.wolleb@shmedia.co.uk","username":"PatrickWolleb"},"added":[],"removed":["web-app-template"],"modified":[]}],"head_commit":{"id":"3ff79b02e359ba645836871b4b2ae00a0acc2658","distinct":true,"message":"t","timestamp":"2013-07-08T04:44:09-07:00","url":"https://github.com/SHMEDIALIMITED/node-webapp-template/commit/3ff79b02e359ba645836871b4b2ae00a0acc2658","author":{"name":"Patrick Wolleb","email":"patrick.wolleb@shmedia.co.uk","username":"PatrickWolleb"},"committer":{"name":"Patrick Wolleb","email":"patrick.wolleb@shmedia.co.uk","username":"PatrickWolleb"},"added":[],"removed":["web-app-template"],"modified":[]},"repository":{"id":11176293,"name":"node-webapp-template","url":"https://github.com/SHMEDIALIMITED/node-webapp-template","description":"","watchers":0,"stargazers":0,"forks":0,"fork":false,"size":38972,"owner":{"name":"SHMEDIALIMITED","email":""},"private":false,"open_issues":0,"has_issues":true,"has_downloads":true,"has_wiki":true,"language":"JavaScript","created_at":1372941040,"pushed_at":1373283887,"master_branch":"master","organization":"SHMEDIALIMITED"},"pusher":{"name":"PatrickWolleb","email":"patrick.wolleb@shmedia.co.uk"}}
8 Jul 11:44:48 - [34mdebug[39m: jobs.startJob(): saving job
8 Jul 11:44:48 - [34mdebug[39m: jobs.startJob(): job saved
8 Jul 11:44:51 - [34mdebug[39m: running shell command hook for phase prepare: $(test -x ~/bin/node && echo ~/bin/node || echo node) ../../node_modules/npm/bin/npm-cli.js install
8 Jul 11:44:53 - [34mdebug[39m: hook for phase prepare complete
8 Jul 11:44:53 - [34mdebug[39m: Failure in phase prepare, running cleanup and failing build
8 Jul 11:44:53 - [34mdebug[39m: running NO-OP hook for phase: cleanup
8 Jul 11:44:53 - [34mdebug[39m: hook for phase cleanup complete
8 Jul 11:44:53 - [34mdebug[39m: running function hook for phase cleanup
8 Jul 11:44:53 - [34mdebug[39m: hook for phase cleanup complete
8 Jul 11:44:53 - [34mdebug[39m: running function hook for phase cleanup
8 Jul 11:44:53 - [34mdebug[39m: hook for phase cleanup complete
8 Jul 11:44:53 - [34mdebug[39m: test url for email: http://ec2-54-246-42-0.eu-west-1.compute.amazonaws.com/shmedialimited/node-webapp-template/job/51daa6300ed1a70d0700000c
8 Jul 11:45:41 - [34mdebug[39m: jobs.startJob(): saving job
8 Jul 11:45:41 - [34mdebug[39m: jobs.startJob(): job saved
8 Jul 11:45:43 - [34mdebug[39m: running shell command hook for phase prepare: $(test -x ~/bin/node && echo ~/bin/node || echo node) ../../node_modules/npm/bin/npm-cli.js install
8 Jul 11:45:44 - [34mdebug[39m: hook for phase prepare complete
8 Jul 11:45:44 - [34mdebug[39m: Failure in phase prepare, running cleanup and failing build
8 Jul 11:45:44 - [34mdebug[39m: running NO-OP hook for phase: cleanup
8 Jul 11:45:44 - [34mdebug[39m: hook for phase cleanup complete
8 Jul 11:45:44 - [34mdebug[39m: running function hook for phase cleanup
8 Jul 11:45:44 - [34mdebug[39m: hook for phase cleanup complete
8 Jul 11:45:44 - [34mdebug[39m: running function hook for phase cleanup
8 Jul 11:45:44 - [34mdebug[39m: hook for phase cleanup complete
8 Jul 11:45:44 - [34mdebug[39m: test url for email: http://ec2-54-246-42-0.eu-west-1.compute.amazonaws.com/shmedialimited/node-webapp-template/job/51daa6655e556ceb07000008
8 Jul 11:45:49 - [34mdebug[39m: jobs.startJob(): saving job
8 Jul 11:45:49 - [34mdebug[39m: jobs.startJob(): job saved
8 Jul 11:45:51 - [34mdebug[39m: running shell command hook for phase prepare: $(test -x ~/bin/node && echo ~/bin/node || echo node) ../../node_modules/npm/bin/npm-cli.js install
8 Jul 11:45:52 - [34mdebug[39m: hook for phase prepare complete
8 Jul 11:45:52 - [34mdebug[39m: Failure in phase prepare, running cleanup and failing build
8 Jul 11:45:52 - [34mdebug[39m: running NO-OP hook for phase: cleanup
8 Jul 11:45:52 - [34mdebug[39m: hook for phase cleanup complete
8 Jul 11:45:52 - [34mdebug[39m: running function hook for phase cleanup
8 Jul 11:45:52 - [34mdebug[39m: hook for phase cleanup complete
8 Jul 11:45:52 - [34mdebug[39m: running function hook for phase cleanup
8 Jul 11:45:52 - [34mdebug[39m: hook for phase cleanup complete
8 Jul 11:45:52 - [34mdebug[39m: test url for email: http://ec2-54-246-42-0.eu-west-1.compute.amazonaws.com/shmedialimited/node-webapp-template/job/51daa66d5e556ceb07000009
8 Jul 11:47:22 - [34mdebug[39m: jobs.startJob(): saving job
8 Jul 11:47:22 - [34mdebug[39m: jobs.startJob(): job saved
8 Jul 11:47:24 - [34mdebug[39m: running NO-OP hook for phase: prepare
8 Jul 11:47:24 - [34mdebug[39m: hook for phase prepare complete
8 Jul 11:47:24 - [34mdebug[39m: running NO-OP hook for phase: prepare
8 Jul 11:47:24 - [34mdebug[39m: hook for phase prepare complete
8 Jul 11:47:24 - [34mdebug[39m: running function hook for phase prepare
8 Jul 11:47:29 - [34mdebug[39m: hook for phase prepare complete
8 Jul 11:47:29 - [34mdebug[39m: running shell command hook for phase test: $(test -x ~/bin/node && echo ~/bin/node || echo node) ../../node_modules/npm/bin/npm-cli.js test
8 Jul 11:47:29 - [34mdebug[39m: hook for phase test complete
8 Jul 11:47:29 - [34mdebug[39m: running function hook for phase test
8 Jul 11:47:29 - [34mdebug[39m: hook for phase test complete
8 Jul 11:47:29 - [34mdebug[39m: running function hook for phase test
8 Jul 11:47:29 - [34mdebug[39m: hook for phase test complete
8 Jul 11:47:29 - [34mdebug[39m: running NO-OP hook for phase: deploy
8 Jul 11:47:29 - [34mdebug[39m: hook for phase deploy complete
8 Jul 11:47:29 - [34mdebug[39m: running NO-OP hook for phase: deploy
8 Jul 11:47:29 - [34mdebug[39m: hook for phase deploy complete
8 Jul 11:47:29 - [34mdebug[39m: running function hook for phase deploy
8 Jul 11:47:29 - [34mdebug[39m: hook for phase deploy complete
8 Jul 11:47:29 - [34mdebug[39m: running NO-OP hook for phase: cleanup
8 Jul 11:47:29 - [34mdebug[39m: hook for phase cleanup complete
8 Jul 11:47:29 - [34mdebug[39m: running function hook for phase cleanup
8 Jul 11:47:29 - [34mdebug[39m: hook for phase cleanup complete
8 Jul 11:47:29 - [34mdebug[39m: running function hook for phase cleanup
8 Jul 11:47:29 - [34mdebug[39m: hook for phase cleanup complete
8 Jul 11:59:23 - [34mdebug[39m: jobs.startJob(): saving job
8 Jul 11:59:23 - [34mdebug[39m: jobs.startJob(): job saved
8 Jul 11:59:35 - [34mdebug[39m: running NO-OP hook for phase: prepare
8 Jul 11:59:35 - [34mdebug[39m: hook for phase prepare complete
8 Jul 11:59:35 - [34mdebug[39m: running NO-OP hook for phase: prepare
8 Jul 11:59:35 - [34mdebug[39m: hook for phase prepare complete
8 Jul 11:59:35 - [34mdebug[39m: running function hook for phase prepare
8 Jul 12:00:07 - [34mdebug[39m: hook for phase prepare complete
8 Jul 12:00:07 - [34mdebug[39m: running shell command hook for phase test: $(test -x ~/bin/node && echo ~/bin/node || echo node) ../../node_modules/npm/bin/npm-cli.js test
8 Jul 12:00:09 - [34mdebug[39m: hook for phase test complete
8 Jul 12:00:09 - [34mdebug[39m: running function hook for phase test
8 Jul 12:00:09 - [34mdebug[39m: hook for phase test complete
8 Jul 12:00:09 - [34mdebug[39m: running function hook for phase test
8 Jul 12:00:09 - [34mdebug[39m: hook for phase test complete
8 Jul 12:00:09 - [34mdebug[39m: running NO-OP hook for phase: deploy
8 Jul 12:00:09 - [34mdebug[39m: hook for phase deploy complete
8 Jul 12:00:09 - [34mdebug[39m: running NO-OP hook for phase: deploy
8 Jul 12:00:09 - [34mdebug[39m: hook for phase deploy complete
8 Jul 12:00:09 - [34mdebug[39m: running function hook for phase deploy
8 Jul 12:00:09 - [34mdebug[39m: hook for phase deploy complete
8 Jul 12:00:09 - [34mdebug[39m: running NO-OP hook for phase: cleanup
8 Jul 12:00:09 - [34mdebug[39m: hook for phase cleanup complete
8 Jul 12:00:09 - [34mdebug[39m: running function hook for phase cleanup
8 Jul 12:00:09 - [34mdebug[39m: hook for phase cleanup complete
8 Jul 12:00:09 - [34mdebug[39m: running function hook for phase cleanup
8 Jul 12:00:09 - [34mdebug[39m: hook for phase cleanup complete
8 Jul 12:03:15 - [34mdebug[39m: POST to Github /webhook payload: {"ref":"refs/heads/master","after":"717847ef7b58f8fdc860d0e01b1595edcc8c07f2","before":"3ff79b02e359ba645836871b4b2ae00a0acc2658","created":false,"deleted":false,"forced":false,"compare":"https://github.com/SHMEDIALIMITED/node-webapp-template/compare/3ff79b02e359...717847ef7b58","commits":[{"id":"717847ef7b58f8fdc860d0e01b1595edcc8c07f2","distinct":true,"message":"t","timestamp":"2013-07-08T05:02:54-07:00","url":"https://github.com/SHMEDIALIMITED/node-webapp-template/commit/717847ef7b58f8fdc860d0e01b1595edcc8c07f2","author":{"name":"Patrick Wolleb","email":"patrick.wolleb@shmedia.co.uk","username":"PatrickWolleb"},"committer":{"name":"Patrick Wolleb","email":"patrick.wolleb@shmedia.co.uk","username":"PatrickWolleb"},"added":[],"removed":[],"modified":["src/test/spec/sample.spec.js"]}],"head_commit":{"id":"717847ef7b58f8fdc860d0e01b1595edcc8c07f2","distinct":true,"message":"t","timestamp":"2013-07-08T05:02:54-07:00","url":"https://github.com/SHMEDIALIMITED/node-webapp-template/commit/717847ef7b58f8fdc860d0e01b1595edcc8c07f2","author":{"name":"Patrick Wolleb","email":"patrick.wolleb@shmedia.co.uk","username":"PatrickWolleb"},"committer":{"name":"Patrick Wolleb","email":"patrick.wolleb@shmedia.co.uk","username":"PatrickWolleb"},"added":[],"removed":[],"modified":["src/test/spec/sample.spec.js"]},"repository":{"id":11176293,"name":"node-webapp-template","url":"https://github.com/SHMEDIALIMITED/node-webapp-template","description":"","watchers":0,"stargazers":0,"forks":0,"fork":false,"size":38972,"owner":{"name":"SHMEDIALIMITED","email":""},"private":false,"open_issues":0,"has_issues":true,"has_downloads":true,"has_wiki":true,"language":"JavaScript","created_at":1372941040,"pushed_at":1373284995,"master_branch":"master","organization":"SHMEDIALIMITED"},"pusher":{"name":"PatrickWolleb","email":"patrick.wolleb@shmedia.co.uk"}}
8 Jul 12:03:15 - [34mdebug[39m: jobs.startJob(): saving job
8 Jul 12:03:15 - [34mdebug[39m: jobs.startJob(): job saved
8 Jul 12:03:20 - [34mdebug[39m: running NO-OP hook for phase: prepare
8 Jul 12:03:20 - [34mdebug[39m: hook for phase prepare complete
8 Jul 12:03:20 - [34mdebug[39m: running NO-OP hook for phase: prepare
8 Jul 12:03:20 - [34mdebug[39m: hook for phase prepare complete
8 Jul 12:03:20 - [34mdebug[39m: running function hook for phase prepare
8 Jul 12:03:37 - [34mdebug[39m: hook for phase prepare complete
8 Jul 12:03:37 - [34mdebug[39m: running shell command hook for phase test: $(test -x ~/bin/node && echo ~/bin/node || echo node) ../../node_modules/npm/bin/npm-cli.js test
8 Jul 12:03:37 - [34mdebug[39m: hook for phase test complete
8 Jul 12:03:37 - [34mdebug[39m: running function hook for phase test
8 Jul 12:03:37 - [34mdebug[39m: hook for phase test complete
8 Jul 12:03:37 - [34mdebug[39m: running function hook for phase test
8 Jul 12:03:37 - [34mdebug[39m: hook for phase test complete
8 Jul 12:03:37 - [34mdebug[39m: running NO-OP hook for phase: deploy
8 Jul 12:03:37 - [34mdebug[39m: hook for phase deploy complete
8 Jul 12:03:37 - [34mdebug[39m: running NO-OP hook for phase: deploy
8 Jul 12:03:37 - [34mdebug[39m: hook for phase deploy complete
8 Jul 12:03:37 - [34mdebug[39m: running function hook for phase deploy
8 Jul 12:03:37 - [34mdebug[39m: hook for phase deploy complete
8 Jul 12:03:37 - [34mdebug[39m: running NO-OP hook for phase: cleanup
8 Jul 12:03:37 - [34mdebug[39m: hook for phase cleanup complete
8 Jul 12:03:37 - [34mdebug[39m: running function hook for phase cleanup
8 Jul 12:03:37 - [34mdebug[39m: hook for phase cleanup complete
8 Jul 12:03:37 - [34mdebug[39m: running function hook for phase cleanup
8 Jul 12:03:37 - [34mdebug[39m: hook for phase cleanup complete
8 Jul 12:04:34 - [34mdebug[39m: jobs.startJob(): saving job
8 Jul 12:04:34 - [34mdebug[39m: jobs.startJob(): job saved
8 Jul 12:04:36 - [34mdebug[39m: running NO-OP hook for phase: prepare
8 Jul 12:04:36 - [34mdebug[39m: hook for phase prepare complete
8 Jul 12:04:36 - [34mdebug[39m: running NO-OP hook for phase: prepare
8 Jul 12:04:36 - [34mdebug[39m: hook for phase prepare complete
8 Jul 12:04:36 - [34mdebug[39m: running function hook for phase prepare
8 Jul 12:04:52 - [34mdebug[39m: hook for phase prepare complete
8 Jul 12:04:52 - [34mdebug[39m: running shell command hook for phase test: $(test -x ~/bin/node && echo ~/bin/node || echo node) ../../node_modules/npm/bin/npm-cli.js test
8 Jul 12:04:56 - [34mdebug[39m: hook for phase test complete
8 Jul 12:04:56 - [34mdebug[39m: running function hook for phase test
8 Jul 12:04:56 - [34mdebug[39m: hook for phase test complete
8 Jul 12:04:56 - [34mdebug[39m: running function hook for phase test
8 Jul 12:04:57 - [34mdebug[39m: hook for phase test complete
8 Jul 12:04:57 - [34mdebug[39m: running NO-OP hook for phase: deploy
8 Jul 12:04:57 - [34mdebug[39m: hook for phase deploy complete
8 Jul 12:04:57 - [34mdebug[39m: running NO-OP hook for phase: deploy
8 Jul 12:04:57 - [34mdebug[39m: hook for phase deploy complete
8 Jul 12:04:57 - [34mdebug[39m: running function hook for phase deploy
8 Jul 12:04:57 - [34mdebug[39m: hook for phase deploy complete
8 Jul 12:04:57 - [34mdebug[39m: running NO-OP hook for phase: cleanup
8 Jul 12:04:57 - [34mdebug[39m: hook for phase cleanup complete
8 Jul 12:04:57 - [34mdebug[39m: running function hook for phase cleanup
8 Jul 12:04:57 - [34mdebug[39m: hook for phase cleanup complete
8 Jul 12:04:57 - [34mdebug[39m: running function hook for phase cleanup
8 Jul 12:04:57 - [34mdebug[39m: hook for phase cleanup complete
8 Jul 12:11:16 - [34mdebug[39m: jobs.startJob(): saving job
8 Jul 12:11:16 - [34mdebug[39m: jobs.startJob(): job saved
8 Jul 12:11:18 - [34mdebug[39m: running NO-OP hook for phase: prepare
8 Jul 12:11:18 - [34mdebug[39m: hook for phase prepare complete
8 Jul 12:11:18 - [34mdebug[39m: running NO-OP hook for phase: prepare
8 Jul 12:11:18 - [34mdebug[39m: hook for phase prepare complete
8 Jul 12:11:18 - [34mdebug[39m: running function hook for phase prepare
8 Jul 12:11:34 - [34mdebug[39m: hook for phase prepare complete
8 Jul 12:11:34 - [34mdebug[39m: running shell command hook for phase test: $(test -x ~/bin/node && echo ~/bin/node || echo node) ../../node_modules/npm/bin/npm-cli.js test
8 Jul 12:11:34 - [34mdebug[39m: hook for phase test complete
8 Jul 12:11:34 - [34mdebug[39m: running function hook for phase test
8 Jul 12:11:34 - [34mdebug[39m: hook for phase test complete
8 Jul 12:11:34 - [34mdebug[39m: running function hook for phase test
8 Jul 12:11:35 - [34mdebug[39m: hook for phase test complete
8 Jul 12:11:35 - [34mdebug[39m: Failure in phase test, running cleanup and failing build
8 Jul 12:11:35 - [34mdebug[39m: running NO-OP hook for phase: cleanup
8 Jul 12:11:35 - [34mdebug[39m: hook for phase cleanup complete
8 Jul 12:11:35 - [34mdebug[39m: running function hook for phase cleanup
8 Jul 12:11:35 - [34mdebug[39m: hook for phase cleanup complete
8 Jul 12:11:35 - [34mdebug[39m: running function hook for phase cleanup
8 Jul 12:11:36 - [34mdebug[39m: hook for phase cleanup complete
8 Jul 12:11:36 - [34mdebug[39m: test url for email: http://ec2-54-246-42-0.eu-west-1.compute.amazonaws.com/shmedialimited/node-webapp-template/job/51daac64ea89b7550800000c
8 Jul 12:13:32 - [34mdebug[39m: POST to Github /webhook payload: {"ref":"refs/heads/master","after":"0ad78044166fd58191d8f901e347b7a9353a477b","before":"717847ef7b58f8fdc860d0e01b1595edcc8c07f2","created":false,"deleted":false,"forced":false,"compare":"https://github.com/SHMEDIALIMITED/node-webapp-template/compare/717847ef7b58...0ad78044166f","commits":[{"id":"0ad78044166fd58191d8f901e347b7a9353a477b","distinct":true,"message":"t","timestamp":"2013-07-08T05:13:08-07:00","url":"https://github.com/SHMEDIALIMITED/node-webapp-template/commit/0ad78044166fd58191d8f901e347b7a9353a477b","author":{"name":"Patrick Wolleb","email":"patrick.wolleb@shmedia.co.uk","username":"PatrickWolleb"},"committer":{"name":"Patrick Wolleb","email":"patrick.wolleb@shmedia.co.uk","username":"PatrickWolleb"},"added":[],"removed":[],"modified":["grunt.js"]}],"head_commit":{"id":"0ad78044166fd58191d8f901e347b7a9353a477b","distinct":true,"message":"t","timestamp":"2013-07-08T05:13:08-07:00","url":"https://github.com/SHMEDIALIMITED/node-webapp-template/commit/0ad78044166fd58191d8f901e347b7a9353a477b","author":{"name":"Patrick Wolleb","email":"patrick.wolleb@shmedia.co.uk","username":"PatrickWolleb"},"committer":{"name":"Patrick Wolleb","email":"patrick.wolleb@shmedia.co.uk","username":"PatrickWolleb"},"added":[],"removed":[],"modified":["grunt.js"]},"repository":{"id":11176293,"name":"node-webapp-template","url":"https://github.com/SHMEDIALIMITED/node-webapp-template","description":"","watchers":0,"stargazers":0,"forks":0,"fork":false,"size":38972,"owner":{"name":"SHMEDIALIMITED","email":""},"private":false,"open_issues":0,"has_issues":true,"has_downloads":true,"has_wiki":true,"language":"JavaScript","created_at":1372941040,"pushed_at":1373285612,"master_branch":"master","organization":"SHMEDIALIMITED"},"pusher":{"name":"PatrickWolleb","email":"patrick.wolleb@shmedia.co.uk"}}
8 Jul 12:13:32 - [34mdebug[39m: jobs.startJob(): saving job
8 Jul 12:13:32 - [34mdebug[39m: jobs.startJob(): job saved
8 Jul 12:13:35 - [34mdebug[39m: running NO-OP hook for phase: prepare
8 Jul 12:13:35 - [34mdebug[39m: hook for phase prepare complete
8 Jul 12:13:35 - [34mdebug[39m: running NO-OP hook for phase: prepare
8 Jul 12:13:35 - [34mdebug[39m: hook for phase prepare complete
8 Jul 12:13:35 - [34mdebug[39m: running function hook for phase prepare
8 Jul 12:13:50 - [34mdebug[39m: hook for phase prepare complete
8 Jul 12:13:50 - [34mdebug[39m: running shell command hook for phase test: $(test -x ~/bin/node && echo ~/bin/node || echo node) ../../node_modules/npm/bin/npm-cli.js test
8 Jul 12:13:51 - [34mdebug[39m: hook for phase test complete
8 Jul 12:13:51 - [34mdebug[39m: running function hook for phase test
8 Jul 12:13:51 - [34mdebug[39m: hook for phase test complete
8 Jul 12:13:51 - [34mdebug[39m: running function hook for phase test
8 Jul 12:13:51 - [34mdebug[39m: hook for phase test complete
8 Jul 12:13:51 - [34mdebug[39m: Failure in phase test, running cleanup and failing build
8 Jul 12:13:51 - [34mdebug[39m: running NO-OP hook for phase: cleanup
8 Jul 12:13:51 - [34mdebug[39m: hook for phase cleanup complete
8 Jul 12:13:51 - [34mdebug[39m: running function hook for phase cleanup
8 Jul 12:13:51 - [34mdebug[39m: hook for phase cleanup complete
8 Jul 12:13:51 - [34mdebug[39m: running function hook for phase cleanup
8 Jul 12:13:52 - [34mdebug[39m: hook for phase cleanup complete
8 Jul 12:13:52 - [34mdebug[39m: test url for email: http://ec2-54-246-42-0.eu-west-1.compute.amazonaws.com/shmedialimited/node-webapp-template/job/51daacecea89b7550800000d
8 Jul 12:14:51 - [34mdebug[39m: POST to Github /webhook payload: {"ref":"refs/heads/master","after":"fe782a9d70ffcba756cde0fced4630f2b840133f","before":"0ad78044166fd58191d8f901e347b7a9353a477b","created":false,"deleted":false,"forced":false,"compare":"https://github.com/SHMEDIALIMITED/node-webapp-template/compare/0ad78044166f...fe782a9d70ff","commits":[{"id":"fe782a9d70ffcba756cde0fced4630f2b840133f","distinct":true,"message":"t","timestamp":"2013-07-08T05:14:41-07:00","url":"https://github.com/SHMEDIALIMITED/node-webapp-template/commit/fe782a9d70ffcba756cde0fced4630f2b840133f","author":{"name":"Patrick Wolleb","email":"patrick.wolleb@shmedia.co.uk","username":"PatrickWolleb"},"committer":{"name":"Patrick Wolleb","email":"patrick.wolleb@shmedia.co.uk","username":"PatrickWolleb"},"added":[],"removed":[],"modified":["src/test/spec/sample.spec.js"]}],"head_commit":{"id":"fe782a9d70ffcba756cde0fced4630f2b840133f","distinct":true,"message":"t","timestamp":"2013-07-08T05:14:41-07:00","url":"https://github.com/SHMEDIALIMITED/node-webapp-template/commit/fe782a9d70ffcba756cde0fced4630f2b840133f","author":{"name":"Patrick Wolleb","email":"patrick.wolleb@shmedia.co.uk","username":"PatrickWolleb"},"committer":{"name":"Patrick Wolleb","email":"patrick.wolleb@shmedia.co.uk","username":"PatrickWolleb"},"added":[],"removed":[],"modified":["src/test/spec/sample.spec.js"]},"repository":{"id":11176293,"name":"node-webapp-template","url":"https://github.com/SHMEDIALIMITED/node-webapp-template","description":"","watchers":0,"stargazers":0,"forks":0,"fork":false,"size":38972,"owner":{"name":"SHMEDIALIMITED","email":""},"private":false,"open_issues":0,"has_issues":true,"has_downloads":true,"has_wiki":true,"language":"JavaScript","created_at":1372941040,"pushed_at":1373285690,"master_branch":"master","organization":"SHMEDIALIMITED"},"pusher":{"name":"PatrickWolleb","email":"patrick.wolleb@shmedia.co.uk"}}
8 Jul 12:14:51 - [34mdebug[39m: jobs.startJob(): saving job
8 Jul 12:14:51 - [34mdebug[39m: jobs.startJob(): job saved
8 Jul 12:14:53 - [34mdebug[39m: running NO-OP hook for phase: prepare
8 Jul 12:14:53 - [34mdebug[39m: hook for phase prepare complete
8 Jul 12:14:53 - [34mdebug[39m: running NO-OP hook for phase: prepare
8 Jul 12:14:53 - [34mdebug[39m: hook for phase prepare complete
8 Jul 12:14:53 - [34mdebug[39m: running function hook for phase prepare
8 Jul 12:15:09 - [34mdebug[39m: hook for phase prepare complete
8 Jul 12:15:09 - [34mdebug[39m: running shell command hook for phase test: $(test -x ~/bin/node && echo ~/bin/node || echo node) ../../node_modules/npm/bin/npm-cli.js test
8 Jul 12:15:09 - [34mdebug[39m: hook for phase test complete
8 Jul 12:15:09 - [34mdebug[39m: running function hook for phase test
8 Jul 12:15:09 - [34mdebug[39m: hook for phase test complete
8 Jul 12:15:09 - [34mdebug[39m: running function hook for phase test
8 Jul 12:15:10 - [34mdebug[39m: hook for phase test complete
8 Jul 12:15:10 - [34mdebug[39m: running NO-OP hook for phase: deploy
8 Jul 12:15:10 - [34mdebug[39m: hook for phase deploy complete
8 Jul 12:15:10 - [34mdebug[39m: running NO-OP hook for phase: deploy
8 Jul 12:15:10 - [34mdebug[39m: hook for phase deploy complete
8 Jul 12:15:10 - [34mdebug[39m: running function hook for phase deploy
8 Jul 12:15:10 - [34mdebug[39m: hook for phase deploy complete
8 Jul 12:15:10 - [34mdebug[39m: running NO-OP hook for phase: cleanup
8 Jul 12:15:10 - [34mdebug[39m: hook for phase cleanup complete
8 Jul 12:15:10 - [34mdebug[39m: running function hook for phase cleanup
8 Jul 12:15:10 - [34mdebug[39m: hook for phase cleanup complete
8 Jul 12:15:10 - [34mdebug[39m: running function hook for phase cleanup
8 Jul 12:15:11 - [34mdebug[39m: hook for phase cleanup complete
8 Jul 12:16:27 - [34mdebug[39m: jobs.startJob(): saving job
8 Jul 12:16:27 - [34mdebug[39m: jobs.startJob(): job saved
8 Jul 12:16:30 - [34mdebug[39m: running NO-OP hook for phase: prepare
8 Jul 12:16:30 - [34mdebug[39m: hook for phase prepare complete
8 Jul 12:16:30 - [34mdebug[39m: running NO-OP hook for phase: prepare
8 Jul 12:16:30 - [34mdebug[39m: hook for phase prepare complete
8 Jul 12:16:30 - [34mdebug[39m: running function hook for phase prepare
8 Jul 12:16:46 - [34mdebug[39m: hook for phase prepare complete
8 Jul 12:16:46 - [34mdebug[39m: running shell command hook for phase test: $(test -x ~/bin/node && echo ~/bin/node || echo node) ../../node_modules/npm/bin/npm-cli.js test
8 Jul 12:16:46 - [34mdebug[39m: hook for phase test complete
8 Jul 12:16:46 - [34mdebug[39m: running function hook for phase test
8 Jul 12:16:46 - [34mdebug[39m: hook for phase test complete
8 Jul 12:16:46 - [34mdebug[39m: running function hook for phase test
8 Jul 12:16:47 - [34mdebug[39m: hook for phase test complete
8 Jul 12:16:47 - [34mdebug[39m: running NO-OP hook for phase: deploy
8 Jul 12:16:47 - [34mdebug[39m: hook for phase deploy complete
8 Jul 12:16:47 - [34mdebug[39m: running NO-OP hook for phase: deploy
8 Jul 12:16:47 - [34mdebug[39m: hook for phase deploy complete
8 Jul 12:16:47 - [34mdebug[39m: running function hook for phase deploy
8 Jul 12:16:48 - [34mdebug[39m: hook for phase deploy complete
8 Jul 12:16:48 - [34mdebug[39m: running NO-OP hook for phase: cleanup
8 Jul 12:16:48 - [34mdebug[39m: hook for phase cleanup complete
8 Jul 12:16:48 - [34mdebug[39m: running function hook for phase cleanup
8 Jul 12:16:48 - [34mdebug[39m: hook for phase cleanup complete
8 Jul 12:16:48 - [34mdebug[39m: running function hook for phase cleanup
8 Jul 12:16:48 - [34mdebug[39m: hook for phase cleanup complete
8 Jul 12:20:33 - [34mdebug[39m: jobs.startJob(): saving job
8 Jul 12:20:33 - [34mdebug[39m: jobs.startJob(): job saved
8 Jul 12:20:35 - [34mdebug[39m: running NO-OP hook for phase: prepare
8 Jul 12:20:35 - [34mdebug[39m: hook for phase prepare complete
8 Jul 12:20:35 - [34mdebug[39m: running NO-OP hook for phase: prepare
8 Jul 12:20:35 - [34mdebug[39m: hook for phase prepare complete
8 Jul 12:20:35 - [34mdebug[39m: running function hook for phase prepare
8 Jul 12:20:35 - [34mdebug[39m: hook for phase prepare complete
8 Jul 12:20:35 - [34mdebug[39m: running shell command hook for phase test: $(test -x ~/bin/node && echo ~/bin/node || echo node) ../../node_modules/npm/bin/npm-cli.js test
8 Jul 12:20:35 - [34mdebug[39m: hook for phase test complete
8 Jul 12:20:35 - [34mdebug[39m: running function hook for phase test
8 Jul 12:20:35 - [34mdebug[39m: hook for phase test complete
8 Jul 12:20:35 - [34mdebug[39m: running function hook for phase test
8 Jul 12:20:35 - [34mdebug[39m: hook for phase test complete
8 Jul 12:20:35 - [34mdebug[39m: running NO-OP hook for phase: deploy
8 Jul 12:20:35 - [34mdebug[39m: hook for phase deploy complete
8 Jul 12:20:35 - [34mdebug[39m: running NO-OP hook for phase: deploy
8 Jul 12:20:35 - [34mdebug[39m: hook for phase deploy complete
8 Jul 12:20:35 - [34mdebug[39m: running function hook for phase deploy
8 Jul 12:20:35 - [34mdebug[39m: hook for phase deploy complete
8 Jul 12:20:35 - [34mdebug[39m: running NO-OP hook for phase: cleanup
8 Jul 12:20:35 - [34mdebug[39m: hook for phase cleanup complete
8 Jul 12:20:35 - [34mdebug[39m: running function hook for phase cleanup
8 Jul 12:20:35 - [34mdebug[39m: hook for phase cleanup complete
8 Jul 12:20:35 - [34mdebug[39m: running function hook for phase cleanup
8 Jul 12:20:35 - [34mdebug[39m: hook for phase cleanup complete
8 Jul 12:22:07 - [34mdebug[39m: POST to Github /webhook payload: {"ref":"refs/heads/master","after":"86fc8e4b793eea70772d9870448c825779bfa67b","before":"fe782a9d70ffcba756cde0fced4630f2b840133f","created":false,"deleted":false,"forced":false,"compare":"https://github.com/SHMEDIALIMITED/node-webapp-template/compare/fe782a9d70ff...86fc8e4b793e","commits":[{"id":"86fc8e4b793eea70772d9870448c825779bfa67b","distinct":true,"message":"t","timestamp":"2013-07-08T05:21:52-07:00","url":"https://github.com/SHMEDIALIMITED/node-webapp-template/commit/86fc8e4b793eea70772d9870448c825779bfa67b","author":{"name":"Patrick Wolleb","email":"patrick.wolleb@shmedia.co.uk","username":"PatrickWolleb"},"committer":{"name":"Patrick Wolleb","email":"patrick.wolleb@shmedia.co.uk","username":"PatrickWolleb"},"added":["strider-custom.js"],"removed":[],"modified":[]}],"head_commit":{"id":"86fc8e4b793eea70772d9870448c825779bfa67b","distinct":true,"message":"t","timestamp":"2013-07-08T05:21:52-07:00","url":"https://github.com/SHMEDIALIMITED/node-webapp-template/commit/86fc8e4b793eea70772d9870448c825779bfa67b","author":{"name":"Patrick Wolleb","email":"patrick.wolleb@shmedia.co.uk","username":"PatrickWolleb"},"committer":{"name":"Patrick Wolleb","email":"patrick.wolleb@shmedia.co.uk","username":"PatrickWolleb"},"added":["strider-custom.js"],"removed":[],"modified":[]},"repository":{"id":11176293,"name":"node-webapp-template","url":"https://github.com/SHMEDIALIMITED/node-webapp-template","description":"","watchers":0,"stargazers":0,"forks":0,"fork":false,"size":38972,"owner":{"name":"SHMEDIALIMITED","email":""},"private":false,"open_issues":0,"has_issues":true,"has_downloads":true,"has_wiki":true,"language":"JavaScript","created_at":1372941040,"pushed_at":1373286125,"master_branch":"master","organization":"SHMEDIALIMITED"},"pusher":{"name":"PatrickWolleb","email":"patrick.wolleb@shmedia.co.uk"}}
8 Jul 12:22:07 - [34mdebug[39m: jobs.startJob(): saving job
8 Jul 12:22:07 - [34mdebug[39m: jobs.startJob(): job saved
8 Jul 12:22:09 - [34mdebug[39m: running NO-OP hook for phase: prepare
8 Jul 12:22:09 - [34mdebug[39m: hook for phase prepare complete
8 Jul 12:22:09 - [34mdebug[39m: running NO-OP hook for phase: prepare
8 Jul 12:22:09 - [34mdebug[39m: hook for phase prepare complete
8 Jul 12:22:09 - [34mdebug[39m: running function hook for phase prepare
8 Jul 12:22:09 - [34mdebug[39m: hook for phase prepare complete
8 Jul 12:22:09 - [34mdebug[39m: running shell command hook for phase test: $(test -x ~/bin/node && echo ~/bin/node || echo node) ../../node_modules/npm/bin/npm-cli.js test
8 Jul 12:22:09 - [34mdebug[39m: hook for phase test complete
8 Jul 12:22:09 - [34mdebug[39m: running function hook for phase test
8 Jul 12:22:09 - [34mdebug[39m: hook for phase test complete
8 Jul 12:22:09 - [34mdebug[39m: running function hook for phase test
8 Jul 12:22:09 - [34mdebug[39m: hook for phase test complete
8 Jul 12:22:09 - [34mdebug[39m: running NO-OP hook for phase: deploy
8 Jul 12:22:09 - [34mdebug[39m: hook for phase deploy complete
8 Jul 12:22:09 - [34mdebug[39m: running NO-OP hook for phase: deploy
8 Jul 12:22:09 - [34mdebug[39m: hook for phase deploy complete
8 Jul 12:22:09 - [34mdebug[39m: running function hook for phase deploy
8 Jul 12:22:09 - [34mdebug[39m: hook for phase deploy complete
8 Jul 12:22:09 - [34mdebug[39m: running NO-OP hook for phase: cleanup
8 Jul 12:22:09 - [34mdebug[39m: hook for phase cleanup complete
8 Jul 12:22:09 - [34mdebug[39m: running function hook for phase cleanup
8 Jul 12:22:09 - [34mdebug[39m: hook for phase cleanup complete
8 Jul 12:22:09 - [34mdebug[39m: running function hook for phase cleanup
8 Jul 12:22:09 - [34mdebug[39m: hook for phase cleanup complete
8 Jul 12:24:36 - [34mdebug[39m: POST to Github /webhook payload: {"ref":"refs/heads/master","after":"ceda22f8ff7845c56a6c56af6d20f7e679d450cd","before":"86fc8e4b793eea70772d9870448c825779bfa67b","created":false,"deleted":false,"forced":false,"compare":"https://github.com/SHMEDIALIMITED/node-webapp-template/compare/86fc8e4b793e...ceda22f8ff78","commits":[{"id":"ceda22f8ff7845c56a6c56af6d20f7e679d450cd","distinct":true,"message":"t","timestamp":"2013-07-08T05:24:26-07:00","url":"https://github.com/SHMEDIALIMITED/node-webapp-template/commit/ceda22f8ff7845c56a6c56af6d20f7e679d450cd","author":{"name":"Patrick Wolleb","email":"patrick.wolleb@shmedia.co.uk","username":"PatrickWolleb"},"committer":{"name":"Patrick Wolleb","email":"patrick.wolleb@shmedia.co.uk","username":"PatrickWolleb"},"added":["strider-custom.json"],"removed":["strider-custom.js"],"modified":[]}],"head_commit":{"id":"ceda22f8ff7845c56a6c56af6d20f7e679d450cd","distinct":true,"message":"t","timestamp":"2013-07-08T05:24:26-07:00","url":"https://github.com/SHMEDIALIMITED/node-webapp-template/commit/ceda22f8ff7845c56a6c56af6d20f7e679d450cd","author":{"name":"Patrick Wolleb","email":"patrick.wolleb@shmedia.co.uk","username":"PatrickWolleb"},"committer":{"name":"Patrick Wolleb","email":"patrick.wolleb@shmedia.co.uk","username":"PatrickWolleb"},"added":["strider-custom.json"],"removed":["strider-custom.js"],"modified":[]},"repository":{"id":11176293,"name":"node-webapp-template","url":"https://github.com/SHMEDIALIMITED/node-webapp-template","description":"","watchers":0,"stargazers":0,"forks":0,"fork":false,"size":38972,"owner":{"name":"SHMEDIALIMITED","email":""},"private":false,"open_issues":0,"has_issues":true,"has_downloads":true,"has_wiki":true,"language":"JavaScript","created_at":1372941040,"pushed_at":1373286276,"master_branch":"master","organization":"SHMEDIALIMITED"},"pusher":{"name":"PatrickWolleb","email":"patrick.wolleb@shmedia.co.uk"}}
8 Jul 12:24:36 - [34mdebug[39m: jobs.startJob(): saving job
8 Jul 12:24:36 - [34mdebug[39m: jobs.startJob(): job saved
8 Jul 12:24:39 - [34mdebug[39m: running function hook for phase prepare
8 Jul 12:24:55 - [34mdebug[39m: hook for phase prepare complete
8 Jul 12:24:55 - [34mdebug[39m: running NO-OP hook for phase: prepare
8 Jul 12:24:55 - [34mdebug[39m: hook for phase prepare complete
8 Jul 12:24:55 - [34mdebug[39m: running NO-OP hook for phase: prepare
8 Jul 12:24:55 - [34mdebug[39m: hook for phase prepare complete
8 Jul 12:24:55 - [34mdebug[39m: running function hook for phase prepare
8 Jul 12:24:55 - [34mdebug[39m: hook for phase prepare complete
8 Jul 12:24:55 - [34mdebug[39m: running function hook for phase test
8 Jul 12:24:55 - [34mdebug[39m: hook for phase test complete
8 Jul 12:24:55 - [34mdebug[39m: running shell command hook for phase test: $(test -x ~/bin/node && echo ~/bin/node || echo node) ../../node_modules/npm/bin/npm-cli.js test
8 Jul 12:24:56 - [34mdebug[39m: hook for phase test complete
8 Jul 12:24:56 - [34mdebug[39m: running function hook for phase test
8 Jul 12:24:56 - [34mdebug[39m: hook for phase test complete
8 Jul 12:24:56 - [34mdebug[39m: running function hook for phase test
8 Jul 12:24:56 - [34mdebug[39m: hook for phase test complete
8 Jul 12:24:56 - [34mdebug[39m: running function hook for phase deploy
8 Jul 12:24:57 - [34mdebug[39m: hook for phase deploy complete
8 Jul 12:24:57 - [34mdebug[39m: running NO-OP hook for phase: deploy
8 Jul 12:24:57 - [34mdebug[39m: hook for phase deploy complete
8 Jul 12:24:57 - [34mdebug[39m: running NO-OP hook for phase: deploy
8 Jul 12:24:57 - [34mdebug[39m: hook for phase deploy complete
8 Jul 12:24:57 - [34mdebug[39m: running function hook for phase deploy
8 Jul 12:24:57 - [34mdebug[39m: hook for phase deploy complete
8 Jul 12:24:57 - [34mdebug[39m: running NO-OP hook for phase: cleanup
8 Jul 12:24:57 - [34mdebug[39m: hook for phase cleanup complete
8 Jul 12:24:57 - [34mdebug[39m: running NO-OP hook for phase: cleanup
8 Jul 12:24:57 - [34mdebug[39m: hook for phase cleanup complete
8 Jul 12:24:57 - [34mdebug[39m: running function hook for phase cleanup
8 Jul 12:24:57 - [34mdebug[39m: hook for phase cleanup complete
8 Jul 12:24:57 - [34mdebug[39m: running function hook for phase cleanup
8 Jul 12:24:57 - [34mdebug[39m: hook for phase cleanup complete
8 Jul 12:50:23 - [34mdebug[39m: POST to Github /webhook payload: {"ref":"refs/heads/master","after":"b51ce032ad17e6d73f0e140454b8589ef1cc00d9","before":"ceda22f8ff7845c56a6c56af6d20f7e679d450cd","created":false,"deleted":false,"forced":false,"compare":"https://github.com/SHMEDIALIMITED/node-webapp-template/compare/ceda22f8ff78...b51ce032ad17","commits":[{"id":"b51ce032ad17e6d73f0e140454b8589ef1cc00d9","distinct":true,"message":"t","timestamp":"2013-07-08T05:50:02-07:00","url":"https://github.com/SHMEDIALIMITED/node-webapp-template/commit/b51ce032ad17e6d73f0e140454b8589ef1cc00d9","author":{"name":"Patrick Wolleb","email":"patrick.wolleb@shmedia.co.uk","username":"PatrickWolleb"},"committer":{"name":"Patrick Wolleb","email":"patrick.wolleb@shmedia.co.uk","username":"PatrickWolleb"},"added":[],"removed":[],"modified":["strider-custom.json"]}],"head_commit":{"id":"b51ce032ad17e6d73f0e140454b8589ef1cc00d9","distinct":true,"message":"t","timestamp":"2013-07-08T05:50:02-07:00","url":"https://github.com/SHMEDIALIMITED/node-webapp-template/commit/b51ce032ad17e6d73f0e140454b8589ef1cc00d9","author":{"name":"Patrick Wolleb","email":"patrick.wolleb@shmedia.co.uk","username":"PatrickWolleb"},"committer":{"name":"Patrick Wolleb","email":"patrick.wolleb@shmedia.co.uk","username":"PatrickWolleb"},"added":[],"removed":[],"modified":["strider-custom.json"]},"repository":{"id":11176293,"name":"node-webapp-template","url":"https://github.com/SHMEDIALIMITED/node-webapp-template","description":"","watchers":0,"stargazers":0,"forks":0,"fork":false,"size":38972,"owner":{"name":"SHMEDIALIMITED","email":""},"private":false,"open_issues":0,"has_issues":true,"has_downloads":true,"has_wiki":true,"language":"JavaScript","created_at":1372941040,"pushed_at":1373287823,"master_branch":"master","organization":"SHMEDIALIMITED"},"pusher":{"name":"PatrickWolleb","email":"patrick.wolleb@shmedia.co.uk"}}
8 Jul 12:50:23 - [34mdebug[39m: jobs.startJob(): saving job
8 Jul 12:50:23 - [34mdebug[39m: jobs.startJob(): job saved
8 Jul 12:50:26 - [34mdebug[39m: running function hook for phase prepare
8 Jul 12:50:41 - [34mdebug[39m: hook for phase prepare complete
8 Jul 12:50:41 - [34mdebug[39m: running NO-OP hook for phase: prepare
8 Jul 12:50:41 - [34mdebug[39m: hook for phase prepare complete
8 Jul 12:50:41 - [34mdebug[39m: running NO-OP hook for phase: prepare
8 Jul 12:50:41 - [34mdebug[39m: hook for phase prepare complete
8 Jul 12:50:41 - [34mdebug[39m: running function hook for phase prepare
8 Jul 12:50:41 - [34mdebug[39m: hook for phase prepare complete
8 Jul 12:50:41 - [34mdebug[39m: running function hook for phase test
8 Jul 12:50:42 - [34mdebug[39m: hook for phase test complete
8 Jul 12:50:42 - [34mdebug[39m: running shell command hook for phase test: $(test -x ~/bin/node && echo ~/bin/node || echo node) ../../node_modules/npm/bin/npm-cli.js test
8 Jul 12:50:43 - [34mdebug[39m: hook for phase test complete
8 Jul 12:50:43 - [34mdebug[39m: running function hook for phase test
8 Jul 12:50:43 - [34mdebug[39m: hook for phase test complete
8 Jul 12:50:43 - [34mdebug[39m: running function hook for phase test
8 Jul 12:50:43 - [34mdebug[39m: hook for phase test complete
8 Jul 12:50:43 - [34mdebug[39m: running function hook for phase deploy
8 Jul 12:50:43 - [34mdebug[39m: hook for phase deploy complete
8 Jul 12:50:43 - [34mdebug[39m: running NO-OP hook for phase: deploy
8 Jul 12:50:43 - [34mdebug[39m: hook for phase deploy complete
8 Jul 12:50:43 - [34mdebug[39m: running NO-OP hook for phase: deploy
8 Jul 12:50:43 - [34mdebug[39m: hook for phase deploy complete
8 Jul 12:50:43 - [34mdebug[39m: running function hook for phase deploy
8 Jul 12:50:43 - [34mdebug[39m: hook for phase deploy complete
8 Jul 12:50:43 - [34mdebug[39m: running NO-OP hook for phase: cleanup
8 Jul 12:50:43 - [34mdebug[39m: hook for phase cleanup complete
8 Jul 12:50:43 - [34mdebug[39m: running NO-OP hook for phase: cleanup
8 Jul 12:50:43 - [34mdebug[39m: hook for phase cleanup complete
8 Jul 12:50:43 - [34mdebug[39m: running function hook for phase cleanup
8 Jul 12:50:43 - [34mdebug[39m: hook for phase cleanup complete
8 Jul 12:50:43 - [34mdebug[39m: running function hook for phase cleanup
8 Jul 12:50:43 - [34mdebug[39m: hook for phase cleanup complete
8 Jul 12:52:36 - [34mdebug[39m: Heroku API request: {"method":"GET","uri":"https://api.heroku.com/apps","headers":{"Authorization":"Basic OjkxY2U3MzY0YTdjNDYyNzljOTFjMjM5NzY1YzliY2M4Y2EyZTFhMTc=","Accept":"application/json"}}
8 Jul 12:52:38 - [34mdebug[39m: Generating Heroku SSH keypair
8 Jul 12:52:38 - [34mdebug[39m: generate_keypair() command: ssh-keygen args: -t,dsa,-N,,-C,PatrickWolleb-224a6bd1e5340494@StriderApp.com,-f,/tmp/heroku-key-659495
8 Jul 12:52:38 - [34mdebug[39m: Reading Heroku SSH keypair
8 Jul 12:52:38 - [34mdebug[39m: Adding Heroku SSH keypair via API
8 Jul 12:52:38 - [34mdebug[39m: Heroku API request: {"method":"POST","uri":"https://api.heroku.com/user/keys?","headers":{"Content-Type":"text/ssh-authkey","Authorization":"Basic OjkxY2U3MzY0YTdjNDYyNzljOTFjMjM5NzY1YzliY2M4Y2EyZTFhMTc=","Accept":"application/json"},"body":"ssh-dss AAAAB3NzaC1kc3MAAACBAK1PZv6XG4mBJN1J+rLhhyPc316z0egrFyemkilp/BL3WsKwewAJSzooE50wGDIAtnmn7baiwmicWGnveJqRpJ4b8Bqa7SlaxWs+5T2rQ6mr4TERVOKznND0pgtURbRlPa+AUZ0hPmXBH4FvxePMBrNBQc/mc5oRFZQ2uFvzW/0XAAAAFQCpyTNGtDUTcCeBCzqVX0eSwLEv7QAAAIApSKys9VUiySAqX+BGf3G05uMD95HqNSiD9eHcIKYwPb71KXCwRgwe9CXx0cDEyrgDERdhBVZzZBgLM445llfYYaP8t1/WuSO3ramws89LTtltIuKk0y24PUXAyhS9bggBkQmgHjhsa979FviMI+geencnlH4Yh3xkKdl1X6quAgAAAIB45TfS++7hDDKKW+aP7FQecjR2WpTVrp3cu+VzOK9kdVLU25PQlj8fs99S0HLi7BOpPzSEWahwQNMraFfjDbxlZQN3vU4Jet3ekS/d3Zye1OZWNXIroYSJdMGMXIpsBtqnDNQXuxmtEFidgqjju5+f8g8tLXkDJP/xFmUBmi6uLg== PatrickWolleb-224a6bd1e5340494@StriderApp.com\n"}
8 Jul 12:52:39 - [34mdebug[39m: Heroku SSH keypair added, persisting to MongoDB
8 Jul 12:52:39 - [34mdebug[39m: Heroku SSH keypair deleted from local FS
8 Jul 12:52:47 - [34mdebug[39m: Heroku API request: {"method":"GET","uri":"https://api.heroku.com/apps","headers":{"Authorization":"Basic OjkxY2U3MzY0YTdjNDYyNzljOTFjMjM5NzY1YzliY2M4Y2EyZTFhMTc=","Accept":"application/json"}}
8 Jul 12:52:47 - [34mdebug[39m: Fetching list of existing Heroku apps for user patrick.wolleb@shmedia.co.uk
8 Jul 12:52:48 - [34mdebug[39m: Existing Heroku apps: [{"id":13289313,"name":"mega-structures-stage","dynos":1,"workers":0,"repo_size":98279424,"slug_size":10399744,"stack":"cedar","requested_stack":null,"create_status":"complete","repo_migrate_status":"complete","owner_email":"pat.wolleb@gmail.com","owner_name":null,"domain_name":{"id":null,"app_id":13289313,"domain":"mega-structures-stage.herokuapp.com","base_domain":"herokuapp.com","created_at":null,"default":true,"updated_at":null},"web_url":"http://mega-structures-stage.herokuapp.com/","git_url":"git@heroku.com:mega-structures-stage.git","buildpack_provided_description":"Node.js","tier":"legacy","region":"us","created_at":"2013/03/12 08:51:17 -0700","released_at":"2013/03/13 05:23:46 -0700","updated_at":"2013/04/05 02:30:38 -0700"},{"id":13290567,"name":"mega-structures","dynos":1,"workers":0,"repo_size":null,"slug_size":null,"stack":"cedar","requested_stack":null,"create_status":"complete","repo_migrate_status":"complete","owner_email":"pat.wolleb@gmail.com","owner_name":null,"domain_name":{"id":null,"app_id":13290567,"domain":"mega-structures.herokuapp.com","base_domain":"herokuapp.com","created_at":null,"default":true,"updated_at":null},"web_url":"http://mega-structures.herokuapp.com/","git_url":"git@heroku.com:mega-structures.git","buildpack_provided_description":"Node.js","tier":"legacy","region":"us","created_at":"2013/03/12 09:19:46 -0700","released_at":"2013/03/12 09:19:50 -0700","updated_at":"2013/04/04 23:41:30 -0700"},{"id":16706923,"name":"web-app-template","dynos":0,"workers":0,"repo_size":16056320,"slug_size":10084352,"stack":"cedar","requested_stack":null,"create_status":"complete","repo_migrate_status":"complete","owner_email":"pat.wolleb@gmail.com","owner_name":null,"domain_name":{"id":null,"app_id":16706923,"domain":"web-app-template.herokuapp.com","base_domain":"herokuapp.com","created_at":null,"default":true,"updated_at":null},"web_url":"http://web-app-template.herokuapp.com/","git_url":"git@heroku.com:web-app-template.git","buildpack_provided_description":"Node.js","tier":"legacy","region":"us","created_at":"2013/07/04 04:46:34 -0700","released_at":"2013/07/06 10:19:38 -0700","updated_at":"2013/07/06 10:22:16 -0700"}]
8 Jul 12:52:48 - [34mdebug[39m: App 'web-app-template' found, not creating
8 Jul 12:53:12 - [34mdebug[39m: jobs.startJob(): saving job
8 Jul 12:53:12 - [34mdebug[39m: jobs.startJob(): job saved
8 Jul 12:53:16 - [34mdebug[39m: running function hook for phase prepare
8 Jul 12:53:32 - [34mdebug[39m: hook for phase prepare complete
8 Jul 12:53:32 - [34mdebug[39m: running NO-OP hook for phase: prepare
8 Jul 12:53:32 - [34mdebug[39m: hook for phase prepare complete
8 Jul 12:53:32 - [34mdebug[39m: running NO-OP hook for phase: prepare
8 Jul 12:53:32 - [34mdebug[39m: hook for phase prepare complete
8 Jul 12:53:32 - [34mdebug[39m: running function hook for phase prepare
8 Jul 12:53:32 - [34mdebug[39m: hook for phase prepare complete
8 Jul 12:53:32 - [34mdebug[39m: running function hook for phase test
8 Jul 12:53:33 - [34mdebug[39m: hook for phase test complete
8 Jul 12:53:33 - [34mdebug[39m: running shell command hook for phase test: $(test -x ~/bin/node && echo ~/bin/node || echo node) ../../node_modules/npm/bin/npm-cli.js test
8 Jul 12:53:34 - [34mdebug[39m: hook for phase test complete
8 Jul 12:53:34 - [34mdebug[39m: running function hook for phase test
8 Jul 12:53:34 - [34mdebug[39m: hook for phase test complete
8 Jul 12:53:34 - [34mdebug[39m: running function hook for phase test
8 Jul 12:53:34 - [34mdebug[39m: hook for phase test complete
8 Jul 12:53:34 - [34mdebug[39m: running Heroku deploy hook
8 Jul 12:54:13 - [34mdebug[39m: Failure in phase deploy, running cleanup and failing build
8 Jul 12:54:13 - [34mdebug[39m: running NO-OP hook for phase: cleanup
8 Jul 12:54:13 - [34mdebug[39m: hook for phase cleanup complete
8 Jul 12:54:13 - [34mdebug[39m: running NO-OP hook for phase: cleanup
8 Jul 12:54:13 - [34mdebug[39m: hook for phase cleanup complete
8 Jul 12:54:13 - [34mdebug[39m: running function hook for phase cleanup
8 Jul 12:54:13 - [34mdebug[39m: hook for phase cleanup complete
8 Jul 12:54:13 - [34mdebug[39m: running function hook for phase cleanup
8 Jul 12:54:13 - [34mdebug[39m: hook for phase cleanup complete
8 Jul 12:54:13 - [34mdebug[39m: test url for email: http://ec2-54-246-42-0.eu-west-1.compute.amazonaws.com/shmedialimited/node-webapp-template/job/51dab638ea89b75508000015
8 Jul 13:00:16 - [34mdebug[39m: jobs.startJob(): saving job
8 Jul 13:00:16 - [34mdebug[39m: jobs.startJob(): job saved
8 Jul 13:00:18 - [34mdebug[39m: running function hook for phase prepare
8 Jul 13:00:34 - [34mdebug[39m: hook for phase prepare complete
8 Jul 13:00:34 - [34mdebug[39m: running NO-OP hook for phase: prepare
8 Jul 13:00:34 - [34mdebug[39m: hook for phase prepare complete
8 Jul 13:00:34 - [34mdebug[39m: running NO-OP hook for phase: prepare
8 Jul 13:00:34 - [34mdebug[39m: hook for phase prepare complete
8 Jul 13:00:34 - [34mdebug[39m: running function hook for phase prepare
8 Jul 13:00:34 - [34mdebug[39m: hook for phase prepare complete
8 Jul 13:00:34 - [34mdebug[39m: running function hook for phase test
8 Jul 13:00:36 - [34mdebug[39m: hook for phase test complete
8 Jul 13:00:36 - [34mdebug[39m: running shell command hook for phase test: $(test -x ~/bin/node && echo ~/bin/node || echo node) ../../node_modules/npm/bin/npm-cli.js test
8 Jul 13:00:36 - [34mdebug[39m: hook for phase test complete
8 Jul 13:00:36 - [34mdebug[39m: running function hook for phase test
8 Jul 13:00:36 - [34mdebug[39m: hook for phase test complete
8 Jul 13:00:36 - [34mdebug[39m: running function hook for phase test
8 Jul 13:00:36 - [34mdebug[39m: hook for phase test complete
8 Jul 13:00:36 - [34mdebug[39m: running Heroku deploy hook
8 Jul 13:00:37 - [34mdebug[39m: Failure in phase deploy, running cleanup and failing build
8 Jul 13:00:37 - [34mdebug[39m: running NO-OP hook for phase: cleanup
8 Jul 13:00:37 - [34mdebug[39m: hook for phase cleanup complete
8 Jul 13:00:37 - [34mdebug[39m: running NO-OP hook for phase: cleanup
8 Jul 13:00:37 - [34mdebug[39m: hook for phase cleanup complete
8 Jul 13:00:37 - [34mdebug[39m: running function hook for phase cleanup
8 Jul 13:00:37 - [34mdebug[39m: hook for phase cleanup complete
8 Jul 13:00:37 - [34mdebug[39m: running function hook for phase cleanup
8 Jul 13:00:37 - [34mdebug[39m: hook for phase cleanup complete
8 Jul 13:00:37 - [34mdebug[39m: test url for email: http://ec2-54-246-42-0.eu-west-1.compute.amazonaws.com/shmedialimited/node-webapp-template/job/51dab7e08b5517ba10000008
8 Jul 13:16:51 - [34mdebug[39m: jobs.startJob(): saving job
8 Jul 13:16:51 - [34mdebug[39m: jobs.startJob(): job saved
8 Jul 13:17:04 - [34mdebug[39m: running function hook for phase prepare
8 Jul 13:17:21 - [34mdebug[39m: hook for phase prepare complete
8 Jul 13:17:21 - [34mdebug[39m: running NO-OP hook for phase: prepare
8 Jul 13:17:21 - [34mdebug[39m: hook for phase prepare complete
8 Jul 13:17:21 - [34mdebug[39m: running NO-OP hook for phase: prepare
8 Jul 13:17:21 - [34mdebug[39m: hook for phase prepare complete
8 Jul 13:17:21 - [34mdebug[39m: running function hook for phase prepare
8 Jul 13:17:21 - [34mdebug[39m: hook for phase prepare complete
8 Jul 13:17:21 - [34mdebug[39m: running function hook for phase test
8 Jul 13:17:22 - [34mdebug[39m: hook for phase test complete
8 Jul 13:17:22 - [34mdebug[39m: running shell command hook for phase test: $(test -x ~/bin/node && echo ~/bin/node || echo node) ../../node_modules/npm/bin/npm-cli.js test
8 Jul 13:17:23 - [34mdebug[39m: hook for phase test complete
8 Jul 13:17:23 - [34mdebug[39m: running function hook for phase test
8 Jul 13:17:23 - [34mdebug[39m: hook for phase test complete
8 Jul 13:17:23 - [34mdebug[39m: running function hook for phase test
8 Jul 13:17:23 - [34mdebug[39m: hook for phase test complete
8 Jul 13:17:23 - [34mdebug[39m: running Heroku deploy hook

/home/ec2-user/strider/node_modules/step/lib/step.js:39
        throw arguments[0];
                       ^
ReferenceError: json is not defined
    at /home/ec2-user/strider/node_modules/strider-simple-worker/webapp.js:195:57
    at Function.<anonymous> (/home/ec2-user/strider/node_modules/strider-simple-worker/node_modules/gitane/index.js:87:7)
    at next (/home/ec2-user/strider/node_modules/step/lib/step.js:51:23)
    at ChildProcess.exithandler (child_process.js:538:7)
    at ChildProcess.EventEmitter.emit (events.js:99:17)
    at maybeClose (child_process.js:638:16)
    at Process._handle.onexit (child_process.js:680:5)
8 Jul 13:30:03 - [34mdebug[39m: jobs.startJob(): saving job
8 Jul 13:30:03 - [34mdebug[39m: jobs.startJob(): job saved
8 Jul 13:30:15 - [34mdebug[39m: running function hook for phase prepare
8 Jul 13:30:31 - [34mdebug[39m: hook for phase prepare complete
8 Jul 13:30:31 - [34mdebug[39m: running NO-OP hook for phase: prepare
8 Jul 13:30:31 - [34mdebug[39m: hook for phase prepare complete
8 Jul 13:30:31 - [34mdebug[39m: running NO-OP hook for phase: prepare
8 Jul 13:30:31 - [34mdebug[39m: hook for phase prepare complete
8 Jul 13:30:31 - [34mdebug[39m: running function hook for phase prepare
8 Jul 13:30:31 - [34mdebug[39m: hook for phase prepare complete
8 Jul 13:30:31 - [34mdebug[39m: running function hook for phase test
8 Jul 13:30:33 - [34mdebug[39m: hook for phase test complete
8 Jul 13:30:33 - [34mdebug[39m: running shell command hook for phase test: $(test -x ~/bin/node && echo ~/bin/node || echo node) ../../node_modules/npm/bin/npm-cli.js test
8 Jul 13:30:33 - [34mdebug[39m: hook for phase test complete
8 Jul 13:30:33 - [34mdebug[39m: running function hook for phase test
8 Jul 13:30:33 - [34mdebug[39m: hook for phase test complete
8 Jul 13:30:33 - [34mdebug[39m: running function hook for phase test
8 Jul 13:30:33 - [34mdebug[39m: hook for phase test complete
8 Jul 13:30:33 - [34mdebug[39m: running Heroku deploy hook
8 Jul 13:31:19 - [34mdebug[39m: running function hook for phase deploy
8 Jul 13:31:19 - [34mdebug[39m: hook for phase deploy complete
8 Jul 13:31:19 - [34mdebug[39m: Failure in phase deploy, running cleanup and failing build
8 Jul 13:31:19 - [34mdebug[39m: running NO-OP hook for phase: cleanup
8 Jul 13:31:19 - [34mdebug[39m: hook for phase cleanup complete
8 Jul 13:31:19 - [34mdebug[39m: running NO-OP hook for phase: cleanup
8 Jul 13:31:19 - [34mdebug[39m: hook for phase cleanup complete
8 Jul 13:31:19 - [34mdebug[39m: running function hook for phase cleanup
8 Jul 13:31:19 - [34mdebug[39m: hook for phase cleanup complete
8 Jul 13:31:19 - [34mdebug[39m: running function hook for phase cleanup
8 Jul 13:31:19 - [34mdebug[39m: hook for phase cleanup complete
8 Jul 13:31:19 - [34mdebug[39m: test url for email: http://ec2-54-246-42-0.eu-west-1.compute.amazonaws.com/shmedialimited/node-webapp-template/job/51dabedbefacd39c14000008
8 Jul 13:56:56 - [34mdebug[39m: POST to Github /webhook payload: {"ref":"refs/heads/master","after":"aa1bdd9185977efd797b45d6e9aec8874aa5766f","before":"b51ce032ad17e6d73f0e140454b8589ef1cc00d9","created":false,"deleted":false,"forced":false,"compare":"https://github.com/SHMEDIALIMITED/node-webapp-template/compare/b51ce032ad17...aa1bdd918597","commits":[{"id":"aa1bdd9185977efd797b45d6e9aec8874aa5766f","distinct":true,"message":"Added build version to footer","timestamp":"2013-07-08T06:56:19-07:00","url":"https://github.com/SHMEDIALIMITED/node-webapp-template/commit/aa1bdd9185977efd797b45d6e9aec8874aa5766f","author":{"name":"Patrick Wolleb","email":"patrick.wolleb@shmedia.co.uk","username":"PatrickWolleb"},"committer":{"name":"Patrick Wolleb","email":"patrick.wolleb@shmedia.co.uk","username":"PatrickWolleb"},"added":[],"removed":[],"modified":["src/app/controllers/pages.js","src/app/views/index.html"]}],"head_commit":{"id":"aa1bdd9185977efd797b45d6e9aec8874aa5766f","distinct":true,"message":"Added build version to footer","timestamp":"2013-07-08T06:56:19-07:00","url":"https://github.com/SHMEDIALIMITED/node-webapp-template/commit/aa1bdd9185977efd797b45d6e9aec8874aa5766f","author":{"name":"Patrick Wolleb","email":"patrick.wolleb@shmedia.co.uk","username":"PatrickWolleb"},"committer":{"name":"Patrick Wolleb","email":"patrick.wolleb@shmedia.co.uk","username":"PatrickWolleb"},"added":[],"removed":[],"modified":["src/app/controllers/pages.js","src/app/views/index.html"]},"repository":{"id":11176293,"name":"node-webapp-template","url":"https://github.com/SHMEDIALIMITED/node-webapp-template","description":"","watchers":0,"stargazers":0,"forks":0,"fork":false,"size":38972,"owner":{"name":"SHMEDIALIMITED","email":""},"private":false,"open_issues":0,"has_issues":true,"has_downloads":true,"has_wiki":true,"language":"JavaScript","created_at":1372941040,"pushed_at":1373291815,"master_branch":"master","organization":"SHMEDIALIMITED"},"pusher":{"name":"PatrickWolleb","email":"patrick.wolleb@shmedia.co.uk"}}
8 Jul 13:56:56 - [34mdebug[39m: jobs.startJob(): saving job
8 Jul 13:56:56 - [34mdebug[39m: jobs.startJob(): job saved
8 Jul 13:57:10 - [34mdebug[39m: running function hook for phase prepare
8 Jul 13:57:27 - [34mdebug[39m: hook for phase prepare complete
8 Jul 13:57:27 - [34mdebug[39m: running NO-OP hook for phase: prepare
8 Jul 13:57:27 - [34mdebug[39m: hook for phase prepare complete
8 Jul 13:57:27 - [34mdebug[39m: running NO-OP hook for phase: prepare
8 Jul 13:57:27 - [34mdebug[39m: hook for phase prepare complete
8 Jul 13:57:27 - [34mdebug[39m: running function hook for phase prepare
8 Jul 13:57:27 - [34mdebug[39m: hook for phase prepare complete
8 Jul 13:57:27 - [34mdebug[39m: running function hook for phase test
8 Jul 13:57:28 - [34mdebug[39m: hook for phase test complete
8 Jul 13:57:28 - [34mdebug[39m: running shell command hook for phase test: $(test -x ~/bin/node && echo ~/bin/node || echo node) ../../node_modules/npm/bin/npm-cli.js test
8 Jul 13:57:29 - [34mdebug[39m: hook for phase test complete
8 Jul 13:57:29 - [34mdebug[39m: running function hook for phase test
8 Jul 13:57:29 - [34mdebug[39m: hook for phase test complete
8 Jul 13:57:29 - [34mdebug[39m: running function hook for phase test
8 Jul 13:57:29 - [34mdebug[39m: hook for phase test complete
8 Jul 13:57:29 - [34mdebug[39m: running Heroku deploy hook
8 Jul 13:58:18 - [34mdebug[39m: running function hook for phase deploy
8 Jul 13:58:18 - [34mdebug[39m: hook for phase deploy complete
8 Jul 13:58:18 - [34mdebug[39m: Failure in phase deploy, running cleanup and failing build
8 Jul 13:58:18 - [34mdebug[39m: running NO-OP hook for phase: cleanup
8 Jul 13:58:18 - [34mdebug[39m: hook for phase cleanup complete
8 Jul 13:58:18 - [34mdebug[39m: running NO-OP hook for phase: cleanup
8 Jul 13:58:18 - [34mdebug[39m: hook for phase cleanup complete
8 Jul 13:58:18 - [34mdebug[39m: running function hook for phase cleanup
8 Jul 13:58:18 - [34mdebug[39m: hook for phase cleanup complete
8 Jul 13:58:18 - [34mdebug[39m: running function hook for phase cleanup
8 Jul 13:58:18 - [34mdebug[39m: hook for phase cleanup complete
8 Jul 13:58:18 - [34mdebug[39m: test url for email: http://ec2-54-246-42-0.eu-west-1.compute.amazonaws.com/shmedialimited/node-webapp-template/job/51dac528efacd39c14000009
8 Jul 14:06:38 - [31merror[39m: TypeError: Cannot read property 'return_to' of undefined
    at exports.index (/home/ec2-user/strider/routes/index.js:29:18)
    at callbacks (/home/ec2-user/strider/node_modules/express/lib/router/index.js:161:37)
    at param (/home/ec2-user/strider/node_modules/express/lib/router/index.js:135:11)
    at pass (/home/ec2-user/strider/node_modules/express/lib/router/index.js:142:5)
    at Router._dispatch (/home/ec2-user/strider/node_modules/express/lib/router/index.js:170:5)
    at Object.router (/home/ec2-user/strider/node_modules/express/lib/router/index.js:33:10)
    at next (/home/ec2-user/strider/node_modules/express/node_modules/connect/lib/proto.js:190:15)
    at Object.setup [as handle] (/home/ec2-user/strider/lib/auth.js:161:5)
    at Context.next (/home/ec2-user/strider/node_modules/express/node_modules/connect/lib/proto.js:190:15)
    at Context.actions.pass (/home/ec2-user/strider/node_modules/passport/lib/passport/context/http/actions.js:77:8)
8 Jul 14:07:49 - [34mdebug[39m: jobs.startJob(): saving job
8 Jul 14:07:49 - [34mdebug[39m: jobs.startJob(): job saved
8 Jul 14:08:00 - [34mdebug[39m: running function hook for phase prepare
8 Jul 14:08:17 - [34mdebug[39m: hook for phase prepare complete
8 Jul 14:08:17 - [34mdebug[39m: running NO-OP hook for phase: prepare
8 Jul 14:08:17 - [34mdebug[39m: hook for phase prepare complete
8 Jul 14:08:17 - [34mdebug[39m: running NO-OP hook for phase: prepare
8 Jul 14:08:17 - [34mdebug[39m: hook for phase prepare complete
8 Jul 14:08:17 - [34mdebug[39m: running function hook for phase prepare
8 Jul 14:08:17 - [34mdebug[39m: hook for phase prepare complete
8 Jul 14:08:17 - [34mdebug[39m: running function hook for phase test
8 Jul 14:08:19 - [34mdebug[39m: hook for phase test complete
8 Jul 14:08:19 - [34mdebug[39m: running shell command hook for phase test: $(test -x ~/bin/node && echo ~/bin/node || echo node) ../../node_modules/npm/bin/npm-cli.js test
8 Jul 14:08:19 - [34mdebug[39m: hook for phase test complete
8 Jul 14:08:19 - [34mdebug[39m: running function hook for phase test
8 Jul 14:08:19 - [34mdebug[39m: hook for phase test complete
8 Jul 14:08:19 - [34mdebug[39m: running function hook for phase test
8 Jul 14:08:19 - [34mdebug[39m: hook for phase test complete
8 Jul 14:08:19 - [34mdebug[39m: running Heroku deploy hook
8 Jul 14:08:57 - [34mdebug[39m: running function hook for phase deploy
8 Jul 14:08:57 - [34mdebug[39m: hook for phase deploy complete
8 Jul 14:08:57 - [34mdebug[39m: Failure in phase deploy, running cleanup and failing build
8 Jul 14:08:57 - [34mdebug[39m: running NO-OP hook for phase: cleanup
8 Jul 14:08:57 - [34mdebug[39m: hook for phase cleanup complete
8 Jul 14:08:57 - [34mdebug[39m: running NO-OP hook for phase: cleanup
8 Jul 14:08:57 - [34mdebug[39m: hook for phase cleanup complete
8 Jul 14:08:57 - [34mdebug[39m: running function hook for phase cleanup
8 Jul 14:08:57 - [34mdebug[39m: hook for phase cleanup complete
8 Jul 14:08:57 - [34mdebug[39m: running function hook for phase cleanup
8 Jul 14:08:57 - [34mdebug[39m: hook for phase cleanup complete
8 Jul 14:08:57 - [34mdebug[39m: test url for email: http://ec2-54-246-42-0.eu-west-1.compute.amazonaws.com/shmedialimited/node-webapp-template/job/51dac7b5a097299219000008
8 Jul 14:15:32 - [34mdebug[39m: jobs.startJob(): saving job
8 Jul 14:15:32 - [34mdebug[39m: jobs.startJob(): job saved
8 Jul 14:15:44 - [34mdebug[39m: running function hook for phase prepare
8 Jul 14:16:02 - [34mdebug[39m: hook for phase prepare complete
8 Jul 14:16:02 - [34mdebug[39m: running NO-OP hook for phase: prepare
8 Jul 14:16:02 - [34mdebug[39m: hook for phase prepare complete
8 Jul 14:16:02 - [34mdebug[39m: running NO-OP hook for phase: prepare
8 Jul 14:16:02 - [34mdebug[39m: hook for phase prepare complete
8 Jul 14:16:02 - [34mdebug[39m: running function hook for phase prepare
8 Jul 14:16:02 - [34mdebug[39m: hook for phase prepare complete
8 Jul 14:16:02 - [34mdebug[39m: running function hook for phase test
8 Jul 14:16:03 - [34mdebug[39m: hook for phase test complete
8 Jul 14:16:03 - [34mdebug[39m: running shell command hook for phase test: $(test -x ~/bin/node && echo ~/bin/node || echo node) ../../node_modules/npm/bin/npm-cli.js test
8 Jul 14:16:04 - [34mdebug[39m: hook for phase test complete
8 Jul 14:16:04 - [34mdebug[39m: running function hook for phase test
8 Jul 14:16:04 - [34mdebug[39m: hook for phase test complete
8 Jul 14:16:04 - [34mdebug[39m: running function hook for phase test
8 Jul 14:16:04 - [34mdebug[39m: hook for phase test complete
8 Jul 14:16:04 - [34mdebug[39m: running Heroku deploy hook
8 Jul 14:16:26 - [34mdebug[39m: jobs.startJob(): saving job
8 Jul 14:16:26 - [34mdebug[39m: jobs.startJob(): job saved
8 Jul 14:16:45 - [34mdebug[39m: running function hook for phase prepare
8 Jul 14:17:01 - [34mdebug[39m: hook for phase prepare complete
8 Jul 14:17:01 - [34mdebug[39m: running NO-OP hook for phase: prepare
8 Jul 14:17:01 - [34mdebug[39m: hook for phase prepare complete
8 Jul 14:17:01 - [34mdebug[39m: running NO-OP hook for phase: prepare
8 Jul 14:17:01 - [34mdebug[39m: hook for phase prepare complete
8 Jul 14:17:01 - [34mdebug[39m: running function hook for phase prepare
8 Jul 14:17:01 - [34mdebug[39m: hook for phase prepare complete
8 Jul 14:17:01 - [34mdebug[39m: running function hook for phase test
8 Jul 14:17:02 - [34mdebug[39m: hook for phase test complete
8 Jul 14:17:02 - [34mdebug[39m: running shell command hook for phase test: $(test -x ~/bin/node && echo ~/bin/node || echo node) ../../node_modules/npm/bin/npm-cli.js test
8 Jul 14:17:03 - [34mdebug[39m: hook for phase test complete
8 Jul 14:17:03 - [34mdebug[39m: running function hook for phase test
8 Jul 14:17:03 - [34mdebug[39m: hook for phase test complete
8 Jul 14:17:03 - [34mdebug[39m: running function hook for phase test
8 Jul 14:17:03 - [34mdebug[39m: hook for phase test complete
8 Jul 14:17:03 - [34mdebug[39m: running Heroku deploy hook
8 Jul 14:17:42 - [34mdebug[39m: running function hook for phase deploy
8 Jul 14:17:42 - [34mdebug[39m: hook for phase deploy complete
8 Jul 14:17:42 - [34mdebug[39m: Failure in phase deploy, running cleanup and failing build
8 Jul 14:17:42 - [34mdebug[39m: running NO-OP hook for phase: cleanup
8 Jul 14:17:42 - [34mdebug[39m: hook for phase cleanup complete
8 Jul 14:17:42 - [34mdebug[39m: running NO-OP hook for phase: cleanup
8 Jul 14:17:42 - [34mdebug[39m: hook for phase cleanup complete
8 Jul 14:17:42 - [34mdebug[39m: running function hook for phase cleanup
8 Jul 14:17:42 - [34mdebug[39m: hook for phase cleanup complete
8 Jul 14:17:42 - [34mdebug[39m: running function hook for phase cleanup
8 Jul 14:17:42 - [34mdebug[39m: hook for phase cleanup complete
8 Jul 14:17:43 - [34mdebug[39m: test url for email: http://ec2-54-246-42-0.eu-west-1.compute.amazonaws.com/shmedialimited/node-webapp-template/job/51dac9ba45d4a3541e000008
8 Jul 14:25:49 - [34mdebug[39m: jobs.startJob(): saving job
8 Jul 14:25:49 - [34mdebug[39m: jobs.startJob(): job saved
8 Jul 14:26:14 - [34mdebug[39m: running function hook for phase prepare
8 Jul 14:26:31 - [34mdebug[39m: hook for phase prepare complete
8 Jul 14:26:31 - [34mdebug[39m: running NO-OP hook for phase: prepare
8 Jul 14:26:31 - [34mdebug[39m: hook for phase prepare complete
8 Jul 14:26:31 - [34mdebug[39m: running NO-OP hook for phase: prepare
8 Jul 14:26:31 - [34mdebug[39m: hook for phase prepare complete
8 Jul 14:26:31 - [34mdebug[39m: running function hook for phase prepare
8 Jul 14:26:31 - [34mdebug[39m: hook for phase prepare complete
8 Jul 14:26:31 - [34mdebug[39m: running function hook for phase test
8 Jul 14:26:32 - [34mdebug[39m: hook for phase test complete
8 Jul 14:26:32 - [34mdebug[39m: running shell command hook for phase test: $(test -x ~/bin/node && echo ~/bin/node || echo node) ../../node_modules/npm/bin/npm-cli.js test
8 Jul 14:26:33 - [34mdebug[39m: hook for phase test complete
8 Jul 14:26:33 - [34mdebug[39m: running function hook for phase test
8 Jul 14:26:33 - [34mdebug[39m: hook for phase test complete
8 Jul 14:26:33 - [34mdebug[39m: running function hook for phase test
8 Jul 14:26:33 - [34mdebug[39m: hook for phase test complete
8 Jul 14:26:33 - [34mdebug[39m: running Heroku deploy hook
8 Jul 14:27:24 - [34mdebug[39m: running function hook for phase deploy
8 Jul 14:27:24 - [34mdebug[39m: hook for phase deploy complete
8 Jul 14:27:24 - [34mdebug[39m: Failure in phase deploy, running cleanup and failing build
8 Jul 14:27:24 - [34mdebug[39m: running NO-OP hook for phase: cleanup
8 Jul 14:27:24 - [34mdebug[39m: hook for phase cleanup complete
8 Jul 14:27:24 - [34mdebug[39m: running NO-OP hook for phase: cleanup
8 Jul 14:27:24 - [34mdebug[39m: hook for phase cleanup complete
8 Jul 14:27:24 - [34mdebug[39m: running function hook for phase cleanup
8 Jul 14:27:24 - [34mdebug[39m: hook for phase cleanup complete
8 Jul 14:27:24 - [34mdebug[39m: running function hook for phase cleanup
8 Jul 14:27:24 - [34mdebug[39m: hook for phase cleanup complete
8 Jul 14:27:24 - [34mdebug[39m: test url for email: http://ec2-54-246-42-0.eu-west-1.compute.amazonaws.com/shmedialimited/node-webapp-template/job/51dacbed7276c6ed20000008
8 Jul 15:14:15 - [34mdebug[39m: jobs.startJob(): saving job
8 Jul 15:14:15 - [34mdebug[39m: jobs.startJob(): job saved
8 Jul 15:14:36 - [34mdebug[39m: running function hook for phase prepare
8 Jul 15:15:14 - [34mdebug[39m: hook for phase prepare complete
8 Jul 15:15:14 - [34mdebug[39m: running NO-OP hook for phase: prepare
8 Jul 15:15:14 - [34mdebug[39m: hook for phase prepare complete
8 Jul 15:15:14 - [34mdebug[39m: running NO-OP hook for phase: prepare
8 Jul 15:15:14 - [34mdebug[39m: hook for phase prepare complete
8 Jul 15:15:14 - [34mdebug[39m: running function hook for phase prepare
8 Jul 15:15:14 - [34mdebug[39m: hook for phase prepare complete
8 Jul 15:15:14 - [34mdebug[39m: running function hook for phase test
8 Jul 15:15:16 - [34mdebug[39m: hook for phase test complete
8 Jul 15:15:16 - [34mdebug[39m: running shell command hook for phase test: $(test -x ~/bin/node && echo ~/bin/node || echo node) ../../node_modules/npm/bin/npm-cli.js test
8 Jul 15:15:16 - [34mdebug[39m: hook for phase test complete
8 Jul 15:15:16 - [34mdebug[39m: running function hook for phase test
8 Jul 15:15:16 - [34mdebug[39m: hook for phase test complete
8 Jul 15:15:16 - [34mdebug[39m: running function hook for phase test
8 Jul 15:15:16 - [34mdebug[39m: hook for phase test complete
8 Jul 15:15:16 - [34mdebug[39m: running Heroku deploy hook
8 Jul 15:16:10 - [34mdebug[39m: running function hook for phase deploy
8 Jul 15:16:10 - [34mdebug[39m: hook for phase deploy complete
8 Jul 15:16:10 - [34mdebug[39m: Failure in phase deploy, running cleanup and failing build
8 Jul 15:16:10 - [34mdebug[39m: running NO-OP hook for phase: cleanup
8 Jul 15:16:10 - [34mdebug[39m: hook for phase cleanup complete
8 Jul 15:16:10 - [34mdebug[39m: running NO-OP hook for phase: cleanup
8 Jul 15:16:10 - [34mdebug[39m: hook for phase cleanup complete
8 Jul 15:16:10 - [34mdebug[39m: running function hook for phase cleanup
8 Jul 15:16:10 - [34mdebug[39m: hook for phase cleanup complete
8 Jul 15:16:10 - [34mdebug[39m: running function hook for phase cleanup
8 Jul 15:16:10 - [34mdebug[39m: hook for phase cleanup complete
8 Jul 15:16:10 - [34mdebug[39m: test url for email: http://ec2-54-246-42-0.eu-west-1.compute.amazonaws.com/shmedialimited/node-webapp-template/job/51dad7471f0ba47023000008
8 Jul 15:19:51 - [34mdebug[39m: jobs.startJob(): saving job
8 Jul 15:19:51 - [34mdebug[39m: jobs.startJob(): job saved
8 Jul 15:20:07 - [34mdebug[39m: running function hook for phase prepare
8 Jul 15:20:55 - [34mdebug[39m: hook for phase prepare complete
8 Jul 15:20:55 - [34mdebug[39m: running NO-OP hook for phase: prepare
8 Jul 15:20:55 - [34mdebug[39m: hook for phase prepare complete
8 Jul 15:20:55 - [34mdebug[39m: running NO-OP hook for phase: prepare
8 Jul 15:20:55 - [34mdebug[39m: hook for phase prepare complete
8 Jul 15:20:55 - [34mdebug[39m: running function hook for phase prepare
8 Jul 15:20:55 - [34mdebug[39m: hook for phase prepare complete
8 Jul 15:20:55 - [34mdebug[39m: running function hook for phase test
8 Jul 15:20:57 - [34mdebug[39m: hook for phase test complete
8 Jul 15:20:57 - [34mdebug[39m: running shell command hook for phase test: $(test -x ~/bin/node && echo ~/bin/node || echo node) ../../node_modules/npm/bin/npm-cli.js test
8 Jul 15:20:57 - [34mdebug[39m: hook for phase test complete
8 Jul 15:20:57 - [34mdebug[39m: running function hook for phase test
8 Jul 15:20:57 - [34mdebug[39m: hook for phase test complete
8 Jul 15:20:57 - [34mdebug[39m: running function hook for phase test
8 Jul 15:20:57 - [34mdebug[39m: hook for phase test complete
8 Jul 15:20:57 - [34mdebug[39m: running Heroku deploy hook
8 Jul 15:21:35 - [34mdebug[39m: running function hook for phase deploy
8 Jul 15:21:35 - [34mdebug[39m: hook for phase deploy complete
8 Jul 15:21:35 - [34mdebug[39m: Failure in phase deploy, running cleanup and failing build
8 Jul 15:21:35 - [34mdebug[39m: running NO-OP hook for phase: cleanup
8 Jul 15:21:35 - [34mdebug[39m: hook for phase cleanup complete
8 Jul 15:21:35 - [34mdebug[39m: running NO-OP hook for phase: cleanup
8 Jul 15:21:35 - [34mdebug[39m: hook for phase cleanup complete
8 Jul 15:21:35 - [34mdebug[39m: running function hook for phase cleanup
8 Jul 15:21:35 - [34mdebug[39m: hook for phase cleanup complete
8 Jul 15:21:35 - [34mdebug[39m: running function hook for phase cleanup
8 Jul 15:21:35 - [34mdebug[39m: hook for phase cleanup complete
8 Jul 15:21:35 - [34mdebug[39m: test url for email: http://ec2-54-246-42-0.eu-west-1.compute.amazonaws.com/shmedialimited/node-webapp-template/job/51dad89739b86df025000008
8 Jul 15:29:50 - [34mdebug[39m: POST to Github /webhook payload: {"ref":"refs/heads/master","after":"8b96e3e2583d2da52450b7553f8e7377663e5824","before":"aa1bdd9185977efd797b45d6e9aec8874aa5766f","created":false,"deleted":false,"forced":false,"compare":"https://github.com/SHMEDIALIMITED/node-webapp-template/compare/aa1bdd918597...8b96e3e2583d","commits":[{"id":"8b96e3e2583d2da52450b7553f8e7377663e5824","distinct":true,"message":"t","timestamp":"2013-07-08T08:29:23-07:00","url":"https://github.com/SHMEDIALIMITED/node-webapp-template/commit/8b96e3e2583d2da52450b7553f8e7377663e5824","author":{"name":"Patrick Wolleb","email":"patrick.wolleb@shmedia.co.uk","username":"PatrickWolleb"},"committer":{"name":"Patrick Wolleb","email":"patrick.wolleb@shmedia.co.uk","username":"PatrickWolleb"},"added":[],"removed":[],"modified":["strider-custom.json"]}],"head_commit":{"id":"8b96e3e2583d2da52450b7553f8e7377663e5824","distinct":true,"message":"t","timestamp":"2013-07-08T08:29:23-07:00","url":"https://github.com/SHMEDIALIMITED/node-webapp-template/commit/8b96e3e2583d2da52450b7553f8e7377663e5824","author":{"name":"Patrick Wolleb","email":"patrick.wolleb@shmedia.co.uk","username":"PatrickWolleb"},"committer":{"name":"Patrick Wolleb","email":"patrick.wolleb@shmedia.co.uk","username":"PatrickWolleb"},"added":[],"removed":[],"modified":["strider-custom.json"]},"repository":{"id":11176293,"name":"node-webapp-template","url":"https://github.com/SHMEDIALIMITED/node-webapp-template","description":"","watchers":0,"stargazers":0,"forks":0,"fork":false,"size":38972,"owner":{"name":"SHMEDIALIMITED","email":""},"private":false,"open_issues":0,"has_issues":true,"has_downloads":true,"has_wiki":true,"language":"JavaScript","created_at":1372941040,"pushed_at":1373297389,"master_branch":"master","organization":"SHMEDIALIMITED"},"pusher":{"name":"PatrickWolleb","email":"patrick.wolleb@shmedia.co.uk"}}
8 Jul 15:29:50 - [34mdebug[39m: jobs.startJob(): saving job
8 Jul 15:29:50 - [34mdebug[39m: jobs.startJob(): job saved
8 Jul 15:30:11 - [34mdebug[39m: running function hook for phase prepare
8 Jul 15:30:27 - [34mdebug[39m: hook for phase prepare complete
8 Jul 15:30:27 - [34mdebug[39m: running NO-OP hook for phase: prepare
8 Jul 15:30:27 - [34mdebug[39m: hook for phase prepare complete
8 Jul 15:30:27 - [34mdebug[39m: running NO-OP hook for phase: prepare
8 Jul 15:30:27 - [34mdebug[39m: hook for phase prepare complete
8 Jul 15:30:27 - [34mdebug[39m: running function hook for phase prepare
8 Jul 15:30:27 - [34mdebug[39m: hook for phase prepare complete
8 Jul 15:30:27 - [34mdebug[39m: running function hook for phase test
8 Jul 15:30:29 - [34mdebug[39m: hook for phase test complete
8 Jul 15:30:29 - [34mdebug[39m: running shell command hook for phase test: $(test -x ~/bin/node && echo ~/bin/node || echo node) ../../node_modules/npm/bin/npm-cli.js test
8 Jul 15:30:29 - [34mdebug[39m: hook for phase test complete
8 Jul 15:30:29 - [34mdebug[39m: running function hook for phase test
8 Jul 15:30:29 - [34mdebug[39m: hook for phase test complete
8 Jul 15:30:29 - [34mdebug[39m: running function hook for phase test
8 Jul 15:30:29 - [34mdebug[39m: hook for phase test complete
8 Jul 15:30:29 - [34mdebug[39m: running Heroku deploy hook
8 Jul 15:31:14 - [34mdebug[39m: running function hook for phase deploy
8 Jul 15:31:14 - [34mdebug[39m: hook for phase deploy complete
8 Jul 15:31:14 - [34mdebug[39m: Failure in phase deploy, running cleanup and failing build
8 Jul 15:31:14 - [34mdebug[39m: running NO-OP hook for phase: cleanup
8 Jul 15:31:14 - [34mdebug[39m: hook for phase cleanup complete
8 Jul 15:31:14 - [34mdebug[39m: running NO-OP hook for phase: cleanup
8 Jul 15:31:14 - [34mdebug[39m: hook for phase cleanup complete
8 Jul 15:31:14 - [34mdebug[39m: running function hook for phase cleanup
8 Jul 15:31:14 - [34mdebug[39m: hook for phase cleanup complete
8 Jul 15:31:14 - [34mdebug[39m: running function hook for phase cleanup
8 Jul 15:31:14 - [34mdebug[39m: hook for phase cleanup complete
8 Jul 15:31:14 - [34mdebug[39m: test url for email: http://ec2-54-246-42-0.eu-west-1.compute.amazonaws.com/shmedialimited/node-webapp-template/job/51dadaee39b86df025000009
8 Jul 15:33:29 - [34mdebug[39m: jobs.startJob(): saving job
8 Jul 15:33:29 - [34mdebug[39m: jobs.startJob(): job saved
8 Jul 15:33:40 - [34mdebug[39m: running function hook for phase prepare
8 Jul 15:33:59 - [34mdebug[39m: hook for phase prepare complete
8 Jul 15:33:59 - [34mdebug[39m: running NO-OP hook for phase: prepare
8 Jul 15:33:59 - [34mdebug[39m: hook for phase prepare complete
8 Jul 15:33:59 - [34mdebug[39m: running NO-OP hook for phase: prepare
8 Jul 15:33:59 - [34mdebug[39m: hook for phase prepare complete
8 Jul 15:33:59 - [34mdebug[39m: running function hook for phase prepare
8 Jul 15:33:59 - [34mdebug[39m: hook for phase prepare complete
8 Jul 15:33:59 - [34mdebug[39m: running function hook for phase test
8 Jul 15:34:07 - [34mdebug[39m: hook for phase test complete
8 Jul 15:34:07 - [34mdebug[39m: running shell command hook for phase test: $(test -x ~/bin/node && echo ~/bin/node || echo node) ../../node_modules/npm/bin/npm-cli.js test
8 Jul 15:34:12 - [34mdebug[39m: hook for phase test complete
8 Jul 15:34:12 - [34mdebug[39m: running function hook for phase test
8 Jul 15:34:12 - [34mdebug[39m: hook for phase test complete
8 Jul 15:34:12 - [34mdebug[39m: running function hook for phase test
8 Jul 15:34:12 - [34mdebug[39m: hook for phase test complete
8 Jul 15:34:12 - [34mdebug[39m: running Heroku deploy hook
8 Jul 15:35:15 - [34mdebug[39m: running function hook for phase deploy
8 Jul 15:35:16 - [34mdebug[39m: hook for phase deploy complete
8 Jul 15:35:16 - [34mdebug[39m: Failure in phase deploy, running cleanup and failing build
8 Jul 15:35:16 - [34mdebug[39m: running NO-OP hook for phase: cleanup
8 Jul 15:35:16 - [34mdebug[39m: hook for phase cleanup complete
8 Jul 15:35:16 - [34mdebug[39m: running NO-OP hook for phase: cleanup
8 Jul 15:35:16 - [34mdebug[39m: hook for phase cleanup complete
8 Jul 15:35:16 - [34mdebug[39m: running function hook for phase cleanup
8 Jul 15:35:16 - [34mdebug[39m: hook for phase cleanup complete
8 Jul 15:35:16 - [34mdebug[39m: running function hook for phase cleanup
8 Jul 15:35:16 - [34mdebug[39m: hook for phase cleanup complete
8 Jul 15:35:16 - [34mdebug[39m: test url for email: http://ec2-54-246-42-0.eu-west-1.compute.amazonaws.com/shmedialimited/node-webapp-template/job/51dadbc94874e4632b000008
8 Jul 15:36:41 - [34mdebug[39m: jobs.startJob(): saving job
8 Jul 15:36:41 - [34mdebug[39m: jobs.startJob(): job saved
8 Jul 15:37:00 - [34mdebug[39m: running function hook for phase prepare
8 Jul 15:37:17 - [34mdebug[39m: hook for phase prepare complete
8 Jul 15:37:17 - [34mdebug[39m: running NO-OP hook for phase: prepare
8 Jul 15:37:17 - [34mdebug[39m: hook for phase prepare complete
8 Jul 15:37:17 - [34mdebug[39m: running NO-OP hook for phase: prepare
8 Jul 15:37:17 - [34mdebug[39m: hook for phase prepare complete
8 Jul 15:37:17 - [34mdebug[39m: running function hook for phase prepare
8 Jul 15:37:17 - [34mdebug[39m: hook for phase prepare complete
8 Jul 15:37:17 - [34mdebug[39m: running function hook for phase test
8 Jul 15:37:18 - [34mdebug[39m: hook for phase test complete
8 Jul 15:37:18 - [34mdebug[39m: running shell command hook for phase test: $(test -x ~/bin/node && echo ~/bin/node || echo node) ../../node_modules/npm/bin/npm-cli.js test
8 Jul 15:37:19 - [34mdebug[39m: hook for phase test complete
8 Jul 15:37:19 - [34mdebug[39m: running function hook for phase test
8 Jul 15:37:19 - [34mdebug[39m: hook for phase test complete
8 Jul 15:37:19 - [34mdebug[39m: running function hook for phase test
8 Jul 15:37:19 - [34mdebug[39m: hook for phase test complete
8 Jul 15:37:19 - [34mdebug[39m: running function hook for phase deploy
8 Jul 15:37:19 - [34mdebug[39m: hook for phase deploy complete
8 Jul 15:37:19 - [34mdebug[39m: running NO-OP hook for phase: deploy
8 Jul 15:37:19 - [34mdebug[39m: hook for phase deploy complete
8 Jul 15:37:19 - [34mdebug[39m: running NO-OP hook for phase: deploy
8 Jul 15:37:19 - [34mdebug[39m: hook for phase deploy complete
8 Jul 15:37:19 - [34mdebug[39m: running function hook for phase deploy
8 Jul 15:37:19 - [34mdebug[39m: hook for phase deploy complete
8 Jul 15:37:19 - [34mdebug[39m: running NO-OP hook for phase: cleanup
8 Jul 15:37:19 - [34mdebug[39m: hook for phase cleanup complete
8 Jul 15:37:19 - [34mdebug[39m: running NO-OP hook for phase: cleanup
8 Jul 15:37:19 - [34mdebug[39m: hook for phase cleanup complete
8 Jul 15:37:19 - [34mdebug[39m: running function hook for phase cleanup
8 Jul 15:37:19 - [34mdebug[39m: hook for phase cleanup complete
8 Jul 15:37:19 - [34mdebug[39m: running function hook for phase cleanup
8 Jul 15:37:19 - [34mdebug[39m: hook for phase cleanup complete
8 Jul 15:38:25 - [34mdebug[39m: POST to Github /webhook payload: {"ref":"refs/heads/master","after":"10989a7bf0a8a2ec8a736166b3947d804c5dda7b","before":"8b96e3e2583d2da52450b7553f8e7377663e5824","created":false,"deleted":false,"forced":false,"compare":"https://github.com/SHMEDIALIMITED/node-webapp-template/compare/8b96e3e2583d...10989a7bf0a8","commits":[{"id":"10989a7bf0a8a2ec8a736166b3947d804c5dda7b","distinct":true,"message":"t","timestamp":"2013-07-08T08:37:56-07:00","url":"https://github.com/SHMEDIALIMITED/node-webapp-template/commit/10989a7bf0a8a2ec8a736166b3947d804c5dda7b","author":{"name":"Patrick Wolleb","email":"patrick.wolleb@shmedia.co.uk","username":"PatrickWolleb"},"committer":{"name":"Patrick Wolleb","email":"patrick.wolleb@shmedia.co.uk","username":"PatrickWolleb"},"added":[],"removed":[],"modified":["strider-custom.json"]}],"head_commit":{"id":"10989a7bf0a8a2ec8a736166b3947d804c5dda7b","distinct":true,"message":"t","timestamp":"2013-07-08T08:37:56-07:00","url":"https://github.com/SHMEDIALIMITED/node-webapp-template/commit/10989a7bf0a8a2ec8a736166b3947d804c5dda7b","author":{"name":"Patrick Wolleb","email":"patrick.wolleb@shmedia.co.uk","username":"PatrickWolleb"},"committer":{"name":"Patrick Wolleb","email":"patrick.wolleb@shmedia.co.uk","username":"PatrickWolleb"},"added":[],"removed":[],"modified":["strider-custom.json"]},"repository":{"id":11176293,"name":"node-webapp-template","url":"https://github.com/SHMEDIALIMITED/node-webapp-template","description":"","watchers":0,"stargazers":0,"forks":0,"fork":false,"size":52008,"owner":{"name":"SHMEDIALIMITED","email":""},"private":false,"open_issues":0,"has_issues":true,"has_downloads":true,"has_wiki":true,"language":"JavaScript","created_at":1372941040,"pushed_at":1373297904,"master_branch":"master","organization":"SHMEDIALIMITED"},"pusher":{"name":"PatrickWolleb","email":"patrick.wolleb@shmedia.co.uk"}}
8 Jul 15:38:26 - [34mdebug[39m: jobs.startJob(): saving job
8 Jul 15:38:26 - [34mdebug[39m: jobs.startJob(): job saved
8 Jul 15:38:48 - [34mdebug[39m: jobs.startJob(): saving job
8 Jul 15:38:48 - [34mdebug[39m: jobs.startJob(): job saved
8 Jul 15:38:51 - [34mdebug[39m: running function hook for phase prepare
8 Jul 15:39:07 - [34mdebug[39m: hook for phase prepare complete
8 Jul 15:39:07 - [34mdebug[39m: running NO-OP hook for phase: prepare
8 Jul 15:39:07 - [34mdebug[39m: hook for phase prepare complete
8 Jul 15:39:07 - [34mdebug[39m: running NO-OP hook for phase: prepare
8 Jul 15:39:07 - [34mdebug[39m: hook for phase prepare complete
8 Jul 15:39:07 - [34mdebug[39m: running function hook for phase prepare
8 Jul 15:39:07 - [34mdebug[39m: hook for phase prepare complete
8 Jul 15:39:07 - [34mdebug[39m: running function hook for phase test
8 Jul 15:39:08 - [34mdebug[39m: hook for phase test complete
8 Jul 15:39:08 - [34mdebug[39m: running shell command hook for phase test: $(test -x ~/bin/node && echo ~/bin/node || echo node) ../../node_modules/npm/bin/npm-cli.js test
8 Jul 15:39:09 - [34mdebug[39m: hook for phase test complete
8 Jul 15:39:09 - [34mdebug[39m: running function hook for phase test
8 Jul 15:39:09 - [34mdebug[39m: hook for phase test complete
8 Jul 15:39:09 - [34mdebug[39m: running function hook for phase test
8 Jul 15:39:09 - [34mdebug[39m: hook for phase test complete
8 Jul 15:39:09 - [34mdebug[39m: running Heroku deploy hook
8 Jul 15:39:56 - [34mdebug[39m: running function hook for phase deploy
8 Jul 15:39:56 - [34mdebug[39m: hook for phase deploy complete
8 Jul 15:39:56 - [34mdebug[39m: running NO-OP hook for phase: deploy
8 Jul 15:39:56 - [34mdebug[39m: hook for phase deploy complete
8 Jul 15:39:56 - [34mdebug[39m: running NO-OP hook for phase: deploy
8 Jul 15:39:56 - [34mdebug[39m: hook for phase deploy complete
8 Jul 15:39:56 - [34mdebug[39m: running function hook for phase deploy
8 Jul 15:39:56 - [34mdebug[39m: hook for phase deploy complete
8 Jul 15:39:56 - [34mdebug[39m: running NO-OP hook for phase: cleanup
8 Jul 15:39:56 - [34mdebug[39m: hook for phase cleanup complete
8 Jul 15:39:56 - [34mdebug[39m: running NO-OP hook for phase: cleanup
8 Jul 15:39:56 - [34mdebug[39m: hook for phase cleanup complete
8 Jul 15:39:56 - [34mdebug[39m: running function hook for phase cleanup
8 Jul 15:39:56 - [34mdebug[39m: hook for phase cleanup complete
8 Jul 15:39:56 - [34mdebug[39m: running function hook for phase cleanup
8 Jul 15:39:56 - [34mdebug[39m: hook for phase cleanup complete
8 Jul 15:40:08 - [34mdebug[39m: running function hook for phase prepare
8 Jul 15:41:01 - [34mdebug[39m: hook for phase prepare complete
8 Jul 15:41:01 - [34mdebug[39m: running NO-OP hook for phase: prepare
8 Jul 15:41:01 - [34mdebug[39m: hook for phase prepare complete
8 Jul 15:41:01 - [34mdebug[39m: running NO-OP hook for phase: prepare
8 Jul 15:41:01 - [34mdebug[39m: hook for phase prepare complete
8 Jul 15:41:01 - [34mdebug[39m: running function hook for phase prepare
8 Jul 15:41:01 - [34mdebug[39m: hook for phase prepare complete
8 Jul 15:41:01 - [34mdebug[39m: running function hook for phase test
8 Jul 15:41:03 - [34mdebug[39m: hook for phase test complete
8 Jul 15:41:03 - [34mdebug[39m: running shell command hook for phase test: $(test -x ~/bin/node && echo ~/bin/node || echo node) ../../node_modules/npm/bin/npm-cli.js test
8 Jul 15:41:03 - [34mdebug[39m: hook for phase test complete
8 Jul 15:41:03 - [34mdebug[39m: running function hook for phase test
8 Jul 15:41:03 - [34mdebug[39m: hook for phase test complete
8 Jul 15:41:03 - [34mdebug[39m: running function hook for phase test
8 Jul 15:41:03 - [34mdebug[39m: hook for phase test complete
8 Jul 15:41:03 - [34mdebug[39m: running function hook for phase deploy
8 Jul 15:41:03 - [34mdebug[39m: hook for phase deploy complete
8 Jul 15:41:03 - [34mdebug[39m: running NO-OP hook for phase: deploy
8 Jul 15:41:03 - [34mdebug[39m: hook for phase deploy complete
8 Jul 15:41:03 - [34mdebug[39m: running NO-OP hook for phase: deploy
8 Jul 15:41:03 - [34mdebug[39m: hook for phase deploy complete
8 Jul 15:41:03 - [34mdebug[39m: running function hook for phase deploy
8 Jul 15:41:03 - [34mdebug[39m: hook for phase deploy complete
8 Jul 15:41:03 - [34mdebug[39m: running NO-OP hook for phase: cleanup
8 Jul 15:41:03 - [34mdebug[39m: hook for phase cleanup complete
8 Jul 15:41:03 - [34mdebug[39m: running NO-OP hook for phase: cleanup
8 Jul 15:41:03 - [34mdebug[39m: hook for phase cleanup complete
8 Jul 15:41:03 - [34mdebug[39m: running function hook for phase cleanup
8 Jul 15:41:03 - [34mdebug[39m: hook for phase cleanup complete
8 Jul 15:41:03 - [34mdebug[39m: running function hook for phase cleanup
8 Jul 15:41:03 - [34mdebug[39m: hook for phase cleanup complete
8 Jul 15:41:15 - [34mdebug[39m: jobs.startJob(): saving job
8 Jul 15:41:15 - [34mdebug[39m: jobs.startJob(): job saved
8 Jul 15:41:30 - [34mdebug[39m: running function hook for phase prepare
8 Jul 15:43:03 - [34mdebug[39m: hook for phase prepare complete
8 Jul 15:43:03 - [34mdebug[39m: running NO-OP hook for phase: prepare
8 Jul 15:43:03 - [34mdebug[39m: hook for phase prepare complete
8 Jul 15:43:03 - [34mdebug[39m: running NO-OP hook for phase: prepare
8 Jul 15:43:03 - [34mdebug[39m: hook for phase prepare complete
8 Jul 15:43:03 - [34mdebug[39m: running function hook for phase prepare
8 Jul 15:43:03 - [34mdebug[39m: hook for phase prepare complete
8 Jul 15:43:03 - [34mdebug[39m: running function hook for phase test
8 Jul 15:43:10 - [34mdebug[39m: hook for phase test complete
8 Jul 15:43:10 - [34mdebug[39m: running shell command hook for phase test: $(test -x ~/bin/node && echo ~/bin/node || echo node) ../../node_modules/npm/bin/npm-cli.js test
8 Jul 15:43:10 - [34mdebug[39m: hook for phase test complete
8 Jul 15:43:10 - [34mdebug[39m: running function hook for phase test
8 Jul 15:43:10 - [34mdebug[39m: hook for phase test complete
8 Jul 15:43:10 - [34mdebug[39m: running function hook for phase test
8 Jul 15:43:10 - [34mdebug[39m: hook for phase test complete
8 Jul 15:43:10 - [34mdebug[39m: running Heroku deploy hook
8 Jul 15:43:51 - [34mdebug[39m: running function hook for phase deploy
8 Jul 15:43:51 - [34mdebug[39m: hook for phase deploy complete
8 Jul 15:43:51 - [34mdebug[39m: running NO-OP hook for phase: deploy
8 Jul 15:43:51 - [34mdebug[39m: hook for phase deploy complete
8 Jul 15:43:51 - [34mdebug[39m: running NO-OP hook for phase: deploy
8 Jul 15:43:51 - [34mdebug[39m: hook for phase deploy complete
8 Jul 15:43:51 - [34mdebug[39m: running function hook for phase deploy
8 Jul 15:43:51 - [34mdebug[39m: hook for phase deploy complete
8 Jul 15:43:51 - [34mdebug[39m: running NO-OP hook for phase: cleanup
8 Jul 15:43:51 - [34mdebug[39m: hook for phase cleanup complete
8 Jul 15:43:51 - [34mdebug[39m: running NO-OP hook for phase: cleanup
8 Jul 15:43:51 - [34mdebug[39m: hook for phase cleanup complete
8 Jul 15:43:51 - [34mdebug[39m: running function hook for phase cleanup
8 Jul 15:43:51 - [34mdebug[39m: hook for phase cleanup complete
8 Jul 15:43:51 - [34mdebug[39m: running function hook for phase cleanup
8 Jul 15:43:51 - [34mdebug[39m: hook for phase cleanup complete
8 Jul 15:49:58 - [34mdebug[39m: POST to Github /webhook payload: {"ref":"refs/heads/master","after":"8f0e937694e2130739318f6af82657617066f509","before":"10989a7bf0a8a2ec8a736166b3947d804c5dda7b","created":false,"deleted":false,"forced":false,"compare":"https://github.com/SHMEDIALIMITED/node-webapp-template/compare/10989a7bf0a8...8f0e937694e2","commits":[{"id":"8f0e937694e2130739318f6af82657617066f509","distinct":true,"message":"t","timestamp":"2013-07-08T08:49:39-07:00","url":"https://github.com/SHMEDIALIMITED/node-webapp-template/commit/8f0e937694e2130739318f6af82657617066f509","author":{"name":"Patrick Wolleb","email":"patrick.wolleb@shmedia.co.uk","username":"PatrickWolleb"},"committer":{"name":"Patrick Wolleb","email":"patrick.wolleb@shmedia.co.uk","username":"PatrickWolleb"},"added":[],"removed":[],"modified":["package.json","src/package.json"]}],"head_commit":{"id":"8f0e937694e2130739318f6af82657617066f509","distinct":true,"message":"t","timestamp":"2013-07-08T08:49:39-07:00","url":"https://github.com/SHMEDIALIMITED/node-webapp-template/commit/8f0e937694e2130739318f6af82657617066f509","author":{"name":"Patrick Wolleb","email":"patrick.wolleb@shmedia.co.uk","username":"PatrickWolleb"},"committer":{"name":"Patrick Wolleb","email":"patrick.wolleb@shmedia.co.uk","username":"PatrickWolleb"},"added":[],"removed":[],"modified":["package.json","src/package.json"]},"repository":{"id":11176293,"name":"node-webapp-template","url":"https://github.com/SHMEDIALIMITED/node-webapp-template","description":"","watchers":0,"stargazers":0,"forks":0,"fork":false,"size":52008,"owner":{"name":"SHMEDIALIMITED","email":""},"private":false,"open_issues":0,"has_issues":true,"has_downloads":true,"has_wiki":true,"language":"JavaScript","created_at":1372941040,"pushed_at":1373298597,"master_branch":"master","organization":"SHMEDIALIMITED"},"pusher":{"name":"PatrickWolleb","email":"patrick.wolleb@shmedia.co.uk"}}
8 Jul 15:49:58 - [34mdebug[39m: jobs.startJob(): saving job
8 Jul 15:49:58 - [34mdebug[39m: jobs.startJob(): job saved
8 Jul 15:50:23 - [34mdebug[39m: running function hook for phase prepare
8 Jul 15:50:39 - [34mdebug[39m: hook for phase prepare complete
8 Jul 15:50:39 - [34mdebug[39m: running NO-OP hook for phase: prepare
8 Jul 15:50:39 - [34mdebug[39m: hook for phase prepare complete
8 Jul 15:50:39 - [34mdebug[39m: running NO-OP hook for phase: prepare
8 Jul 15:50:39 - [34mdebug[39m: hook for phase prepare complete
8 Jul 15:50:39 - [34mdebug[39m: running function hook for phase prepare
8 Jul 15:50:39 - [34mdebug[39m: hook for phase prepare complete
8 Jul 15:50:39 - [34mdebug[39m: running function hook for phase test
8 Jul 15:50:40 - [34mdebug[39m: hook for phase test complete
8 Jul 15:50:40 - [34mdebug[39m: running shell command hook for phase test: $(test -x ~/bin/node && echo ~/bin/node || echo node) ../../node_modules/npm/bin/npm-cli.js test
8 Jul 15:50:41 - [34mdebug[39m: hook for phase test complete
8 Jul 15:50:41 - [34mdebug[39m: running function hook for phase test
8 Jul 15:50:41 - [34mdebug[39m: hook for phase test complete
8 Jul 15:50:41 - [34mdebug[39m: running function hook for phase test
8 Jul 15:50:41 - [34mdebug[39m: hook for phase test complete
8 Jul 15:50:41 - [34mdebug[39m: running Heroku deploy hook
8 Jul 15:51:16 - [34mdebug[39m: running function hook for phase deploy
8 Jul 15:51:16 - [34mdebug[39m: hook for phase deploy complete
8 Jul 15:51:16 - [34mdebug[39m: running NO-OP hook for phase: deploy
8 Jul 15:51:16 - [34mdebug[39m: hook for phase deploy complete
8 Jul 15:51:16 - [34mdebug[39m: running NO-OP hook for phase: deploy
8 Jul 15:51:16 - [34mdebug[39m: hook for phase deploy complete
8 Jul 15:51:16 - [34mdebug[39m: running function hook for phase deploy
8 Jul 15:51:16 - [34mdebug[39m: hook for phase deploy complete
8 Jul 15:51:16 - [34mdebug[39m: running NO-OP hook for phase: cleanup
8 Jul 15:51:16 - [34mdebug[39m: hook for phase cleanup complete
8 Jul 15:51:16 - [34mdebug[39m: running NO-OP hook for phase: cleanup
8 Jul 15:51:16 - [34mdebug[39m: hook for phase cleanup complete
8 Jul 15:51:16 - [34mdebug[39m: running function hook for phase cleanup
8 Jul 15:51:16 - [34mdebug[39m: hook for phase cleanup complete
8 Jul 15:51:16 - [34mdebug[39m: running function hook for phase cleanup
8 Jul 15:51:16 - [34mdebug[39m: hook for phase cleanup complete
