8 Jul 09:52:57 - [32minfo[39m: Using MongoDB URL: mongodb://localhost/strider
8 Jul 09:52:57 - [32minfo[39m: Looking for webapp-type extensions under /home/ec2-user/strider/node_modules
8 Jul 09:52:57 - [32minfo[39m: strider-custom webapp extension loaded
8 Jul 09:52:57 - [32minfo[39m: strider-env webapp extension loaded
8 Jul 09:52:57 - [32minfo[39m: strider-sauce webapp extension loaded
8 Jul 09:52:57 - [32minfo[39m: Looking for worker-type extensions under /home/ec2-user/strider/node_modules
8 Jul 09:52:57 - [32minfo[39m: strider-custom worker extension loaded
8 Jul 09:52:57 - [32minfo[39m: strider-sauce worker extension loaded
8 Jul 09:52:57 - [32minfo[39m: strider-python extension loaded
8 Jul 09:52:57 - [32minfo[39m: strider-simple-worker ready
8 Jul 09:52:57 - [32minfo[39m: info: socket.io started
8 Jul 09:52:57 - [32minfo[39m: Express server listening on port 8080 in production mode
8 Jul 09:52:59 - [32minfo[39m: api.jobs
8 Jul 09:53:06 - [32minfo[39m: new job
8 Jul 09:53:06 - [32minfo[39m: simpleworker >>  [STRIDER] Updating repo from git@github.com:SHMEDIALIMITED/node-webapp-template.git

8 Jul 09:53:07 - [32minfo[39m: Git clone complete
8 Jul 09:53:07 - [32minfo[39m: simpleworker >>  [STRIDER] Git clone complete

8 Jul 09:53:07 - [32minfo[39m: process exited with code: 0
8 Jul 09:53:09 - [32minfo[39m: process exited with code: 3
8 Jul 09:53:09 - [32minfo[39m: simpleworker >>  [STRIDER] Custom prepare command `grunt` failed with exit code 3

8 Jul 09:53:09 - [32minfo[39m: results: [[{"phase":"prepare","code":0},{"phase":"prepare","code":0},false]]
8 Jul 09:53:09 - [32minfo[39m: complete() tasks: undefined
8 Jul 09:53:09 - [32minfo[39m: WARNING: no SMTP transport detected nor configured. Cannot send email.
8 Jul 09:53:13 - [32minfo[39m: api.jobs
8 Jul 10:10:59 - [32minfo[39m: api.jobs
8 Jul 10:11:40 - [32minfo[39m: api.jobs
8 Jul 10:14:43 - [32minfo[39m: api.jobs
8 Jul 11:24:42 - [32minfo[39m: Using MongoDB URL: mongodb://localhost/strider
8 Jul 11:24:42 - [32minfo[39m: Looking for webapp-type extensions under /home/ec2-user/strider/node_modules
8 Jul 11:24:42 - [32minfo[39m: strider-custom webapp extension loaded
8 Jul 11:24:42 - [32minfo[39m: strider-env webapp extension loaded
8 Jul 11:24:42 - [32minfo[39m: strider-sauce webapp extension loaded
8 Jul 11:24:42 - [32minfo[39m: Looking for worker-type extensions under /home/ec2-user/strider/node_modules
8 Jul 11:24:42 - [32minfo[39m: strider-custom worker extension loaded
8 Jul 11:24:42 - [32minfo[39m: strider-sauce worker extension loaded
8 Jul 11:24:42 - [32minfo[39m: strider-python extension loaded
8 Jul 11:24:42 - [32minfo[39m: strider-simple-worker ready
8 Jul 11:24:42 - [32minfo[39m: info: socket.io started
8 Jul 11:24:42 - [32minfo[39m: Express server listening on port 8080 in production mode
8 Jul 11:24:42 - [32minfo[39m: warn: error raised: Error: listen EADDRINUSE
8 Jul 11:39:59 - [32minfo[39m: Using MongoDB URL: mongodb://localhost/strider
8 Jul 11:40:00 - [32minfo[39m: Looking for webapp-type extensions under /home/ec2-user/strider/node_modules
8 Jul 11:40:00 - [32minfo[39m: strider-custom webapp extension loaded
8 Jul 11:40:00 - [32minfo[39m: strider-env webapp extension loaded
8 Jul 11:40:00 - [32minfo[39m: strider-sauce webapp extension loaded
8 Jul 11:40:00 - [32minfo[39m: Looking for worker-type extensions under /home/ec2-user/strider/node_modules
8 Jul 11:40:00 - [32minfo[39m: strider-custom worker extension loaded
8 Jul 11:40:00 - [32minfo[39m: strider-sauce worker extension loaded
8 Jul 11:40:00 - [32minfo[39m: strider-python extension loaded
8 Jul 11:40:00 - [32minfo[39m: strider-simple-worker ready
8 Jul 11:40:00 - [32minfo[39m: info: socket.io started
8 Jul 11:40:00 - [32minfo[39m: Express server listening on port 8080 in production mode
8 Jul 11:40:01 - [32minfo[39m: api.jobs
8 Jul 11:40:07 - [32minfo[39m: new job
8 Jul 11:40:07 - [32minfo[39m: simpleworker >>  [STRIDER] Updating repo from git@github.com:SHMEDIALIMITED/node-webapp-template.git

8 Jul 11:40:16 - [32minfo[39m: simpleworker >>  [STRIDER] [ERROR] Git failure: From github.com:SHMEDIALIMITED/node-webapp-template
   980b69f..a822457  master     -> origin/master
error: The following untracked working tree files would be overwritten by merge:
	node_modules/almond/.npmignore
	node_modules/almond/.travis.yml
	node_modules/almond/LICENSE
	node_modules/almond/README.md
	node_modules/almond/almond.js
	node_modules/almond/almond.min.js
	node_modules/almond/package.json
	node_modules/grunt-contrib-copy/.npmignore
	node_modules/grunt-contrib-copy/.travis.yml
	node_modules/grunt-contrib-copy/AUTHORS
	node_modules/grunt-contrib-copy/CHANGELOG
	node_modules/grunt-contrib-copy/LICENSE-MIT
	node_modules/grunt-contrib-copy/README.md
	node_modules/grunt-contrib-copy/docs/examples.md
	node_modules/grunt-contrib-copy/docs/options.md
	node_modules/grunt-contrib-copy/docs/overview.md
	node_modules/grunt-contrib-copy/grunt.js
	node_modules/grunt-contrib-copy/node_modules/grunt-lib-contrib/.gitattributes
	node_modules/grunt-contrib-copy/node_modules/grunt-lib-contrib/.npmignore
	node_modules/grunt-contrib-copy/node_modules/grunt-lib-contrib/.travis.yml
	node_modules/grunt-contrib-copy/node_modules/grunt-lib-contrib/AUTHORS
	node_modules/grunt-contrib-copy/node_modules/grunt-lib-contrib/CHANGELOG
	node_modules/grunt-contrib-copy/node_modules/grunt-lib-contrib/LICENSE-MIT
	node_modules/grunt-contrib-copy/node_modules/grunt-lib-contrib/README.md
	node_modules/grunt-contrib-copy/node_modules/grunt-lib-contrib/grunt.js
	node_modules/grunt-contrib-copy/node_modules/grunt-lib-contrib/lib/contrib.js
	node_modules/grunt-contrib-copy/node_modules/grunt-lib-contrib/package.json
	node_modules/grunt-contrib-copy/node_modules/grunt-lib-contrib/test/lib_test.js
	node_modules/grunt-contrib-copy/package.json
	node_modules/grunt-contrib-copy/tasks/copy.js
	node_modules/grunt-contrib-copy/test/copy_test.js
	node_modules/grunt-contrib-copy/test/expected/copy_minimatch/.hidden
	node_modules/grunt-contrib-copy/test/expected/copy_minimatch/test.js
	node_modules/grunt-contrib-copy/test/expected/copy_test_files/test.js
	node_modules/grunt-contrib-copy/test/expected/copy_test_flatten/one.js
	node_modules/grunt-contrib-copy/test/expected/copy_test_flatten/test.js
	node_modules/grunt-contrib-copy/test/expected/copy_test_flatten/two.js
	node_modules/grunt-contrib-copy/test/expected/copy_test_v0.1.0/folder_one/one.js
	node_modules/grunt-contrib-copy/test/expected/copy_test_v0.1.0/folder_two/two.js
	node_modules/grunt-contrib-copy/test/expected/copy_test_v0.1.0/test.js
	node_modules/grunt-contrib-copy/test/expected/single.js
	node_modules/grunt-contrib-copy/test/fixtures/.hidden
	node_modules/grunt-contrib-copy/test/fixtures/folder_one/one.js
	node_modules/grunt-contrib-copy/test/fixtures/folder_two/two.js
	node_modules/grunt-contrib-copy/test/fixtures/test.js
	node_modules/grunt-contrib/.npmignore
	node_modules/grunt-contrib/CHANGELOG
	node_modules/grunt-contrib/LICENSE-MIT
	node_modules/grunt-contrib/README.md
	node_modules/grunt-contrib/node_modules/grunt-contrib-clean/.npmignore
	node_modules/grunt-contrib/node_modules/grunt-contrib-clean/AUTHORS
	node_modules/grunt-contrib/node_modules/grunt-contrib-clean/LICENSE-MIT
	node_modules/grunt-contrib/node_modules/grunt-contrib-clean/README.md
	node_modules/grunt-contrib/node_modules/grunt-contrib-clean/grunt.js
	node_modules/grunt-contrib/node_modules/grunt-contrib-clean/node_modules/grunt-lib-contrib/.gitattributes
	node_modules/grunt-contrib/node_modules/grunt-contrib-clean/node_modules/grunt-lib-contrib/.npmignore
	node_modules/grunt-contrib/node_modules/grunt-contrib-clean/node_modules/grunt-lib-contrib/.travis.yml
	node_modules/grunt-contrib/node_modules/grunt-contrib-clean/node_modules/grunt-lib-contrib/AUTHORS
	node_modules/grunt-contrib/node_modules/grunt-contrib-clean/node_modules/grunt-lib-contrib/CHANGELOG
	node_modules/grunt-contrib/node_modules/grunt-contrib-clean/node_modules/grunt-lib-contrib/LICENSE-MIT
	node_modules/grunt-contrib/node_modules/grunt-contrib-clean/node_modules/grunt-lib-contrib/README.md
	node_modules/grunt-contrib/node_modules/grunt-contrib-clean/node_modules/grunt-lib-contrib/grunt.js
	node_modules/grunt-contrib/node_modules/grunt-contrib-clean/node_modu
Updating 980b69f..a822457
Aborting


8 Jul 11:40:16 - [32minfo[39m: [ERROR] Git failure: From github.com:SHMEDIALIMITED/node-webapp-template
   980b69f..a822457  master     -> origin/master
error: The following untracked working tree files would be overwritten by merge:
	node_modules/almond/.npmignore
	node_modules/almond/.travis.yml
	node_modules/almond/LICENSE
	node_modules/almond/README.md
	node_modules/almond/almond.js
	node_modules/almond/almond.min.js
	node_modules/almond/package.json
	node_modules/grunt-contrib-copy/.npmignore
	node_modules/grunt-contrib-copy/.travis.yml
	node_modules/grunt-contrib-copy/AUTHORS
	node_modules/grunt-contrib-copy/CHANGELOG
	node_modules/grunt-contrib-copy/LICENSE-MIT
	node_modules/grunt-contrib-copy/README.md
	node_modules/grunt-contrib-copy/docs/examples.md
	node_modules/grunt-contrib-copy/docs/options.md
	node_modules/grunt-contrib-copy/docs/overview.md
	node_modules/grunt-contrib-copy/grunt.js
	node_modules/grunt-contrib-copy/node_modules/grunt-lib-contrib/.gitattributes
	node_modules/grunt-contrib-copy/node_modules/grunt-lib-contrib/.npmignore
	node_modules/grunt-contrib-copy/node_modules/grunt-lib-contrib/.travis.yml
	node_modules/grunt-contrib-copy/node_modules/grunt-lib-contrib/AUTHORS
	node_modules/grunt-contrib-copy/node_modules/grunt-lib-contrib/CHANGELOG
	node_modules/grunt-contrib-copy/node_modules/grunt-lib-contrib/LICENSE-MIT
	node_modules/grunt-contrib-copy/node_modules/grunt-lib-contrib/README.md
	node_modules/grunt-contrib-copy/node_modules/grunt-lib-contrib/grunt.js
	node_modules/grunt-contrib-copy/node_modules/grunt-lib-contrib/lib/contrib.js
	node_modules/grunt-contrib-copy/node_modules/grunt-lib-contrib/package.json
	node_modules/grunt-contrib-copy/node_modules/grunt-lib-contrib/test/lib_test.js
	node_modules/grunt-contrib-copy/package.json
	node_modules/grunt-contrib-copy/tasks/copy.js
	node_modules/grunt-contrib-copy/test/copy_test.js
	node_modules/grunt-contrib-copy/test/expected/copy_minimatch/.hidden
	node_modules/grunt-contrib-copy/test/expected/copy_minimatch/test.js
	node_modules/grunt-contrib-copy/test/expected/copy_test_files/test.js
	node_modules/grunt-contrib-copy/test/expected/copy_test_flatten/one.js
	node_modules/grunt-contrib-copy/test/expected/copy_test_flatten/test.js
	node_modules/grunt-contrib-copy/test/expected/copy_test_flatten/two.js
	node_modules/grunt-contrib-copy/test/expected/copy_test_v0.1.0/folder_one/one.js
	node_modules/grunt-contrib-copy/test/expected/copy_test_v0.1.0/folder_two/two.js
	node_modules/grunt-contrib-copy/test/expected/copy_test_v0.1.0/test.js
	node_modules/grunt-contrib-copy/test/expected/single.js
	node_modules/grunt-contrib-copy/test/fixtures/.hidden
	node_modules/grunt-contrib-copy/test/fixtures/folder_one/one.js
	node_modules/grunt-contrib-copy/test/fixtures/folder_two/two.js
	node_modules/grunt-contrib-copy/test/fixtures/test.js
	node_modules/grunt-contrib/.npmignore
	node_modules/grunt-contrib/CHANGELOG
	node_modules/grunt-contrib/LICENSE-MIT
	node_modules/grunt-contrib/README.md
	node_modules/grunt-contrib/node_modules/grunt-contrib-clean/.npmignore
	node_modules/grunt-contrib/node_modules/grunt-contrib-clean/AUTHORS
	node_modules/grunt-contrib/node_modules/grunt-contrib-clean/LICENSE-MIT
	node_modules/grunt-contrib/node_modules/grunt-contrib-clean/README.md
	node_modules/grunt-contrib/node_modules/grunt-contrib-clean/grunt.js
	node_modules/grunt-contrib/node_modules/grunt-contrib-clean/node_modules/grunt-lib-contrib/.gitattributes
	node_modules/grunt-contrib/node_modules/grunt-contrib-clean/node_modules/grunt-lib-contrib/.npmignore
	node_modules/grunt-contrib/node_modules/grunt-contrib-clean/node_modules/grunt-lib-contrib/.travis.yml
	node_modules/grunt-contrib/node_modules/grunt-contrib-clean/node_modules/grunt-lib-contrib/AUTHORS
	node_modules/grunt-contrib/node_modules/grunt-contrib-clean/node_modules/grunt-lib-contrib/CHANGELOG
	node_modules/grunt-contrib/node_modules/grunt-contrib-clean/node_modules/grunt-lib-contrib/LICENSE-MIT
	node_modules/grunt-contrib/node_modules/grunt-contrib-clean/node_modules/grunt-lib-contrib/README.md
	node_modules/grunt-contrib/node_modules/grunt-contrib-clean/node_modules/grunt-lib-contrib/grunt.js
	node_modules/grunt-contrib/node_modules/grunt-contrib-clean/node_modu
Updating 980b69f..a822457
Aborting

8 Jul 11:40:16 - [32minfo[39m: complete() tasks: null
8 Jul 11:40:16 - [32minfo[39m: WARNING: no SMTP transport detected nor configured. Cannot send email.
8 Jul 11:40:23 - [32minfo[39m: new job
8 Jul 11:40:23 - [32minfo[39m: simpleworker >>  [STRIDER] Updating repo from git@github.com:SHMEDIALIMITED/node-webapp-template.git

8 Jul 11:40:25 - [32minfo[39m: simpleworker >>  [STRIDER] [ERROR] Git failure: error: The following untracked working tree files would be overwritten by merge:
	node_modules/almond/.npmignore
	node_modules/almond/.travis.yml
	node_modules/almond/LICENSE
	node_modules/almond/README.md
	node_modules/almond/almond.js
	node_modules/almond/almond.min.js
	node_modules/almond/package.json
	node_modules/grunt-contrib-copy/.npmignore
	node_modules/grunt-contrib-copy/.travis.yml
	node_modules/grunt-contrib-copy/AUTHORS
	node_modules/grunt-contrib-copy/CHANGELOG
	node_modules/grunt-contrib-copy/LICENSE-MIT
	node_modules/grunt-contrib-copy/README.md
	node_modules/grunt-contrib-copy/docs/examples.md
	node_modules/grunt-contrib-copy/docs/options.md
	node_modules/grunt-contrib-copy/docs/overview.md
	node_modules/grunt-contrib-copy/grunt.js
	node_modules/grunt-contrib-copy/node_modules/grunt-lib-contrib/.gitattributes
	node_modules/grunt-contrib-copy/node_modules/grunt-lib-contrib/.npmignore
	node_modules/grunt-contrib-copy/node_modules/grunt-lib-contrib/.travis.yml
	node_modules/grunt-contrib-copy/node_modules/grunt-lib-contrib/AUTHORS
	node_modules/grunt-contrib-copy/node_modules/grunt-lib-contrib/CHANGELOG
	node_modules/grunt-contrib-copy/node_modules/grunt-lib-contrib/LICENSE-MIT
	node_modules/grunt-contrib-copy/node_modules/grunt-lib-contrib/README.md
	node_modules/grunt-contrib-copy/node_modules/grunt-lib-contrib/grunt.js
	node_modules/grunt-contrib-copy/node_modules/grunt-lib-contrib/lib/contrib.js
	node_modules/grunt-contrib-copy/node_modules/grunt-lib-contrib/package.json
	node_modules/grunt-contrib-copy/node_modules/grunt-lib-contrib/test/lib_test.js
	node_modules/grunt-contrib-copy/package.json
	node_modules/grunt-contrib-copy/tasks/copy.js
	node_modules/grunt-contrib-copy/test/copy_test.js
	node_modules/grunt-contrib-copy/test/expected/copy_minimatch/.hidden
	node_modules/grunt-contrib-copy/test/expected/copy_minimatch/test.js
	node_modules/grunt-contrib-copy/test/expected/copy_test_files/test.js
	node_modules/grunt-contrib-copy/test/expected/copy_test_flatten/one.js
	node_modules/grunt-contrib-copy/test/expected/copy_test_flatten/test.js
	node_modules/grunt-contrib-copy/test/expected/copy_test_flatten/two.js
	node_modules/grunt-contrib-copy/test/expected/copy_test_v0.1.0/folder_one/one.js
	node_modules/grunt-contrib-copy/test/expected/copy_test_v0.1.0/folder_two/two.js
	node_modules/grunt-contrib-copy/test/expected/copy_test_v0.1.0/test.js
	node_modules/grunt-contrib-copy/test/expected/single.js
	node_modules/grunt-contrib-copy/test/fixtures/.hidden
	node_modules/grunt-contrib-copy/test/fixtures/folder_one/one.js
	node_modules/grunt-contrib-copy/test/fixtures/folder_two/two.js
	node_modules/grunt-contrib-copy/test/fixtures/test.js
	node_modules/grunt-contrib/.npmignore
	node_modules/grunt-contrib/CHANGELOG
	node_modules/grunt-contrib/LICENSE-MIT
	node_modules/grunt-contrib/README.md
	node_modules/grunt-contrib/node_modules/grunt-contrib-clean/.npmignore
	node_modules/grunt-contrib/node_modules/grunt-contrib-clean/AUTHORS
	node_modules/grunt-contrib/node_modules/grunt-contrib-clean/LICENSE-MIT
	node_modules/grunt-contrib/node_modules/grunt-contrib-clean/README.md
	node_modules/grunt-contrib/node_modules/grunt-contrib-clean/grunt.js
	node_modules/grunt-contrib/node_modules/grunt-contrib-clean/node_modules/grunt-lib-contrib/.gitattributes
	node_modules/grunt-contrib/node_modules/grunt-contrib-clean/node_modules/grunt-lib-contrib/.npmignore
	node_modules/grunt-contrib/node_modules/grunt-contrib-clean/node_modules/grunt-lib-contrib/.travis.yml
	node_modules/grunt-contrib/node_modules/grunt-contrib-clean/node_modules/grunt-lib-contrib/AUTHORS
	node_modules/grunt-contrib/node_modules/grunt-contrib-clean/node_modules/grunt-lib-contrib/CHANGELOG
	node_modules/grunt-contrib/node_modules/grunt-contrib-clean/node_modules/grunt-lib-contrib/LICENSE-MIT
	node_modules/grunt-contrib/node_modules/grunt-contrib-clean/node_modules/grunt-lib-contrib/README.md
	node_modules/grunt-contrib/node_modules/grunt-contrib-clean/node_modules/grunt-lib-contrib/grunt.js
	node_modules/grunt-contrib/node_modules/grunt-contrib-clean/node_modu
Updating 980b69f..a822457
Aborting


8 Jul 11:40:25 - [32minfo[39m: [ERROR] Git failure: error: The following untracked working tree files would be overwritten by merge:
	node_modules/almond/.npmignore
	node_modules/almond/.travis.yml
	node_modules/almond/LICENSE
	node_modules/almond/README.md
	node_modules/almond/almond.js
	node_modules/almond/almond.min.js
	node_modules/almond/package.json
	node_modules/grunt-contrib-copy/.npmignore
	node_modules/grunt-contrib-copy/.travis.yml
	node_modules/grunt-contrib-copy/AUTHORS
	node_modules/grunt-contrib-copy/CHANGELOG
	node_modules/grunt-contrib-copy/LICENSE-MIT
	node_modules/grunt-contrib-copy/README.md
	node_modules/grunt-contrib-copy/docs/examples.md
	node_modules/grunt-contrib-copy/docs/options.md
	node_modules/grunt-contrib-copy/docs/overview.md
	node_modules/grunt-contrib-copy/grunt.js
	node_modules/grunt-contrib-copy/node_modules/grunt-lib-contrib/.gitattributes
	node_modules/grunt-contrib-copy/node_modules/grunt-lib-contrib/.npmignore
	node_modules/grunt-contrib-copy/node_modules/grunt-lib-contrib/.travis.yml
	node_modules/grunt-contrib-copy/node_modules/grunt-lib-contrib/AUTHORS
	node_modules/grunt-contrib-copy/node_modules/grunt-lib-contrib/CHANGELOG
	node_modules/grunt-contrib-copy/node_modules/grunt-lib-contrib/LICENSE-MIT
	node_modules/grunt-contrib-copy/node_modules/grunt-lib-contrib/README.md
	node_modules/grunt-contrib-copy/node_modules/grunt-lib-contrib/grunt.js
	node_modules/grunt-contrib-copy/node_modules/grunt-lib-contrib/lib/contrib.js
	node_modules/grunt-contrib-copy/node_modules/grunt-lib-contrib/package.json
	node_modules/grunt-contrib-copy/node_modules/grunt-lib-contrib/test/lib_test.js
	node_modules/grunt-contrib-copy/package.json
	node_modules/grunt-contrib-copy/tasks/copy.js
	node_modules/grunt-contrib-copy/test/copy_test.js
	node_modules/grunt-contrib-copy/test/expected/copy_minimatch/.hidden
	node_modules/grunt-contrib-copy/test/expected/copy_minimatch/test.js
	node_modules/grunt-contrib-copy/test/expected/copy_test_files/test.js
	node_modules/grunt-contrib-copy/test/expected/copy_test_flatten/one.js
	node_modules/grunt-contrib-copy/test/expected/copy_test_flatten/test.js
	node_modules/grunt-contrib-copy/test/expected/copy_test_flatten/two.js
	node_modules/grunt-contrib-copy/test/expected/copy_test_v0.1.0/folder_one/one.js
	node_modules/grunt-contrib-copy/test/expected/copy_test_v0.1.0/folder_two/two.js
	node_modules/grunt-contrib-copy/test/expected/copy_test_v0.1.0/test.js
	node_modules/grunt-contrib-copy/test/expected/single.js
	node_modules/grunt-contrib-copy/test/fixtures/.hidden
	node_modules/grunt-contrib-copy/test/fixtures/folder_one/one.js
	node_modules/grunt-contrib-copy/test/fixtures/folder_two/two.js
	node_modules/grunt-contrib-copy/test/fixtures/test.js
	node_modules/grunt-contrib/.npmignore
	node_modules/grunt-contrib/CHANGELOG
	node_modules/grunt-contrib/LICENSE-MIT
	node_modules/grunt-contrib/README.md
	node_modules/grunt-contrib/node_modules/grunt-contrib-clean/.npmignore
	node_modules/grunt-contrib/node_modules/grunt-contrib-clean/AUTHORS
	node_modules/grunt-contrib/node_modules/grunt-contrib-clean/LICENSE-MIT
	node_modules/grunt-contrib/node_modules/grunt-contrib-clean/README.md
	node_modules/grunt-contrib/node_modules/grunt-contrib-clean/grunt.js
	node_modules/grunt-contrib/node_modules/grunt-contrib-clean/node_modules/grunt-lib-contrib/.gitattributes
	node_modules/grunt-contrib/node_modules/grunt-contrib-clean/node_modules/grunt-lib-contrib/.npmignore
	node_modules/grunt-contrib/node_modules/grunt-contrib-clean/node_modules/grunt-lib-contrib/.travis.yml
	node_modules/grunt-contrib/node_modules/grunt-contrib-clean/node_modules/grunt-lib-contrib/AUTHORS
	node_modules/grunt-contrib/node_modules/grunt-contrib-clean/node_modules/grunt-lib-contrib/CHANGELOG
	node_modules/grunt-contrib/node_modules/grunt-contrib-clean/node_modules/grunt-lib-contrib/LICENSE-MIT
	node_modules/grunt-contrib/node_modules/grunt-contrib-clean/node_modules/grunt-lib-contrib/README.md
	node_modules/grunt-contrib/node_modules/grunt-contrib-clean/node_modules/grunt-lib-contrib/grunt.js
	node_modules/grunt-contrib/node_modules/grunt-contrib-clean/node_modu
Updating 980b69f..a822457
Aborting

8 Jul 11:40:25 - [32minfo[39m: complete() tasks: null
8 Jul 11:40:25 - [32minfo[39m: WARNING: no SMTP transport detected nor configured. Cannot send email.
8 Jul 11:41:18 - [32minfo[39m: new job
8 Jul 11:41:18 - [32minfo[39m: simpleworker >>  [STRIDER] Updating repo from git@github.com:SHMEDIALIMITED/node-webapp-template.git

8 Jul 11:41:19 - [32minfo[39m: Git clone complete
8 Jul 11:41:19 - [32minfo[39m: simpleworker >>  [STRIDER] Git clone complete

8 Jul 11:41:20 - [32minfo[39m: process exited with code: 2
8 Jul 11:41:20 - [32minfo[39m: simpleworker >>  [STRIDER] Custom prepare command `grunt` failed with exit code 2

8 Jul 11:41:20 - [32minfo[39m: results: [[{"phase":"prepare","code":0},false]]
8 Jul 11:41:20 - [32minfo[39m: process exited with code: 0
8 Jul 11:41:20 - [32minfo[39m: complete() tasks: undefined
8 Jul 11:41:20 - [32minfo[39m: WARNING: no SMTP transport detected nor configured. Cannot send email.
8 Jul 11:43:10 - [32minfo[39m: received a correctly signed webhook for repo https://github.com/shmedialimited/node-webapp-template on master branch - starting task on user patrick.wolleb@shmedia.co.uk's behalf
8 Jul 11:43:10 - [32minfo[39m: new job
8 Jul 11:43:12 - [32minfo[39m: cloning git@github.com:SHMEDIALIMITED/node-webapp-template.git into /home/ec2-user/strider/node_modules/strider-simple-worker/_work
8 Jul 11:43:12 - [32minfo[39m: simpleworker >>  [STRIDER] Starting git clone of repo at git@github.com:SHMEDIALIMITED/node-webapp-template.git

8 Jul 11:43:23 - [32minfo[39m: simpleworker >>  [STRIDER] [ERROR] Git failure: No submodule mapping found in .gitmodules for path 'web-app-template'
Cloning into node-webapp-template...


8 Jul 11:43:23 - [32minfo[39m: [ERROR] Git failure: No submodule mapping found in .gitmodules for path 'web-app-template'
Cloning into node-webapp-template...

8 Jul 11:43:23 - [32minfo[39m: complete() tasks: null
8 Jul 11:43:23 - [32minfo[39m: WARNING: no SMTP transport detected nor configured. Cannot send email.
8 Jul 11:44:48 - [32minfo[39m: received a correctly signed webhook for repo https://github.com/shmedialimited/node-webapp-template on master branch - starting task on user patrick.wolleb@shmedia.co.uk's behalf
8 Jul 11:44:48 - [32minfo[39m: new job
8 Jul 11:44:48 - [32minfo[39m: simpleworker >>  [STRIDER] Updating repo from git@github.com:SHMEDIALIMITED/node-webapp-template.git

8 Jul 11:44:51 - [32minfo[39m: Git clone complete
8 Jul 11:44:51 - [32minfo[39m: simpleworker >>  [STRIDER] Git clone complete

8 Jul 11:44:53 - [32minfo[39m: process exited with code: 34
8 Jul 11:44:53 - [32minfo[39m: results: [[false]]
8 Jul 11:44:53 - [32minfo[39m: process exited with code: 0
8 Jul 11:44:53 - [32minfo[39m: complete() tasks: undefined
8 Jul 11:44:53 - [32minfo[39m: WARNING: no SMTP transport detected nor configured. Cannot send email.
8 Jul 11:45:39 - [32minfo[39m: Using MongoDB URL: mongodb://localhost/strider
8 Jul 11:45:39 - [32minfo[39m: Looking for webapp-type extensions under /home/ec2-user/strider/node_modules
8 Jul 11:45:40 - [32minfo[39m: strider-custom webapp extension loaded
8 Jul 11:45:40 - [32minfo[39m: strider-env webapp extension loaded
8 Jul 11:45:40 - [32minfo[39m: strider-sauce webapp extension loaded
8 Jul 11:45:40 - [32minfo[39m: Looking for worker-type extensions under /home/ec2-user/strider/node_modules
8 Jul 11:45:40 - [32minfo[39m: strider-custom worker extension loaded
8 Jul 11:45:40 - [32minfo[39m: strider-sauce worker extension loaded
8 Jul 11:45:40 - [32minfo[39m: strider-python extension loaded
8 Jul 11:45:40 - [32minfo[39m: strider-simple-worker ready
8 Jul 11:45:40 - [32minfo[39m: info: socket.io started
8 Jul 11:45:40 - [32minfo[39m: Express server listening on port 8080 in production mode
8 Jul 11:45:41 - [32minfo[39m: new job
8 Jul 11:45:41 - [32minfo[39m: simpleworker >>  [STRIDER] Updating repo from git@github.com:SHMEDIALIMITED/node-webapp-template.git

8 Jul 11:45:43 - [32minfo[39m: Git clone complete
8 Jul 11:45:43 - [32minfo[39m: simpleworker >>  [STRIDER] Git clone complete

8 Jul 11:45:44 - [32minfo[39m: process exited with code: 34
8 Jul 11:45:44 - [32minfo[39m: results: [[false]]
8 Jul 11:45:44 - [32minfo[39m: process exited with code: 0
8 Jul 11:45:44 - [32minfo[39m: complete() tasks: undefined
8 Jul 11:45:44 - [32minfo[39m: WARNING: no SMTP transport detected nor configured. Cannot send email.
8 Jul 11:45:49 - [32minfo[39m: new job
8 Jul 11:45:49 - [32minfo[39m: simpleworker >>  [STRIDER] Updating repo from git@github.com:SHMEDIALIMITED/node-webapp-template.git

8 Jul 11:45:51 - [32minfo[39m: Git clone complete
8 Jul 11:45:51 - [32minfo[39m: simpleworker >>  [STRIDER] Git clone complete

8 Jul 11:45:52 - [32minfo[39m: process exited with code: 34
8 Jul 11:45:52 - [32minfo[39m: results: [[false]]
8 Jul 11:45:52 - [32minfo[39m: process exited with code: 0
8 Jul 11:45:52 - [32minfo[39m: complete() tasks: undefined
8 Jul 11:45:52 - [32minfo[39m: WARNING: no SMTP transport detected nor configured. Cannot send email.
8 Jul 11:47:21 - [32minfo[39m: Using MongoDB URL: mongodb://localhost/strider
8 Jul 11:47:21 - [32minfo[39m: Looking for webapp-type extensions under /home/ec2-user/strider/node_modules
8 Jul 11:47:21 - [32minfo[39m: strider-custom webapp extension loaded
8 Jul 11:47:21 - [32minfo[39m: strider-env webapp extension loaded
8 Jul 11:47:21 - [32minfo[39m: strider-sauce webapp extension loaded
8 Jul 11:47:21 - [32minfo[39m: Looking for worker-type extensions under /home/ec2-user/strider/node_modules
8 Jul 11:47:21 - [32minfo[39m: strider-custom worker extension loaded
8 Jul 11:47:21 - [32minfo[39m: strider-sauce worker extension loaded
8 Jul 11:47:21 - [32minfo[39m: strider-python extension loaded
8 Jul 11:47:21 - [32minfo[39m: strider-simple-worker ready
8 Jul 11:47:21 - [32minfo[39m: info: socket.io started
8 Jul 11:47:21 - [32minfo[39m: Express server listening on port 8080 in production mode
8 Jul 11:47:22 - [32minfo[39m: new job
8 Jul 11:47:22 - [32minfo[39m: simpleworker >>  [STRIDER] Updating repo from git@github.com:SHMEDIALIMITED/node-webapp-template.git

8 Jul 11:47:24 - [32minfo[39m: Git clone complete
8 Jul 11:47:24 - [32minfo[39m: simpleworker >>  [STRIDER] Git clone complete

8 Jul 11:47:29 - [32minfo[39m: process exited with code: 0
8 Jul 11:47:29 - [32minfo[39m: process exited with code: 0
8 Jul 11:47:29 - [32minfo[39m: process exited with code: 0
8 Jul 11:47:29 - [32minfo[39m: process exited with code: 0
8 Jul 11:47:29 - [32minfo[39m: process exited with code: 0
8 Jul 11:47:29 - [32minfo[39m: results: [[{"phase":"prepare","code":0},{"phase":"prepare","code":0},{"phase":"prepare","code":0}],[{"phase":"test","code":0},{"phase":"test"},{"phase":"test","code":0}],[{"phase":"deploy","code":0},{"phase":"deploy","code":0},{"phase":"deploy","code":0}],[{"phase":"cleanup","code":0},{"phase":"cleanup","code":0},{"phase":"cleanup","code":0}]]
8 Jul 11:47:29 - [32minfo[39m: complete() tasks: []
8 Jul 11:47:30 - [32minfo[39m: WARNING: no SMTP transport detected nor configured. Cannot send email.
8 Jul 11:59:18 - [32minfo[39m: api.jobs
8 Jul 11:59:23 - [32minfo[39m: new job
8 Jul 11:59:23 - [32minfo[39m: cloning git@github.com:SHMEDIALIMITED/node-webapp-template.git into /home/ec2-user/strider/node_modules/strider-simple-worker/_work
8 Jul 11:59:23 - [32minfo[39m: simpleworker >>  [STRIDER] Starting git clone of repo at git@github.com:SHMEDIALIMITED/node-webapp-template.git

8 Jul 11:59:35 - [32minfo[39m: Git clone complete
8 Jul 11:59:35 - [32minfo[39m: simpleworker >>  [STRIDER] Git clone complete

8 Jul 12:00:07 - [32minfo[39m: process exited with code: 0
8 Jul 12:00:09 - [32minfo[39m: process exited with code: 0
8 Jul 12:00:09 - [32minfo[39m: process exited with code: 0
8 Jul 12:00:09 - [32minfo[39m: process exited with code: 0
8 Jul 12:00:09 - [32minfo[39m: process exited with code: 0
8 Jul 12:00:09 - [32minfo[39m: results: [[{"phase":"prepare","code":0},{"phase":"prepare","code":0},{"phase":"prepare","code":0}],[{"phase":"test","code":0},{"phase":"test"},{"phase":"test","code":0}],[{"phase":"deploy","code":0},{"phase":"deploy","code":0},{"phase":"deploy","code":0}],[{"phase":"cleanup","code":0},{"phase":"cleanup","code":0},{"phase":"cleanup","code":0}]]
8 Jul 12:00:09 - [32minfo[39m: complete() tasks: []
8 Jul 12:00:09 - [32minfo[39m: WARNING: no SMTP transport detected nor configured. Cannot send email.
8 Jul 12:00:25 - [32minfo[39m: api.jobs
8 Jul 12:03:15 - [32minfo[39m: received a correctly signed webhook for repo https://github.com/shmedialimited/node-webapp-template on master branch - starting task on user patrick.wolleb@shmedia.co.uk's behalf
8 Jul 12:03:15 - [32minfo[39m: new job
8 Jul 12:03:15 - [32minfo[39m: simpleworker >>  [STRIDER] Updating repo from git@github.com:SHMEDIALIMITED/node-webapp-template.git

8 Jul 12:03:20 - [32minfo[39m: Git clone complete
8 Jul 12:03:20 - [32minfo[39m: simpleworker >>  [STRIDER] Git clone complete

8 Jul 12:03:37 - [32minfo[39m: process exited with code: 0
8 Jul 12:03:37 - [32minfo[39m: process exited with code: 0
8 Jul 12:03:37 - [32minfo[39m: process exited with code: 0
8 Jul 12:03:37 - [32minfo[39m: process exited with code: 0
8 Jul 12:03:37 - [32minfo[39m: process exited with code: 0
8 Jul 12:03:37 - [32minfo[39m: results: [[{"phase":"prepare","code":0},{"phase":"prepare","code":0},{"phase":"prepare","code":0}],[{"phase":"test","code":0},{"phase":"test"},{"phase":"test","code":0}],[{"phase":"deploy","code":0},{"phase":"deploy","code":0},{"phase":"deploy","code":0}],[{"phase":"cleanup","code":0},{"phase":"cleanup","code":0},{"phase":"cleanup","code":0}]]
8 Jul 12:03:37 - [32minfo[39m: complete() tasks: []
8 Jul 12:03:37 - [32minfo[39m: WARNING: no SMTP transport detected nor configured. Cannot send email.
8 Jul 12:04:31 - [32minfo[39m: api.jobs
8 Jul 12:04:34 - [32minfo[39m: new job
8 Jul 12:04:34 - [32minfo[39m: simpleworker >>  [STRIDER] Updating repo from git@github.com:SHMEDIALIMITED/node-webapp-template.git

8 Jul 12:04:36 - [32minfo[39m: Git clone complete
8 Jul 12:04:36 - [32minfo[39m: simpleworker >>  [STRIDER] Git clone complete

8 Jul 12:04:52 - [32minfo[39m: process exited with code: 0
8 Jul 12:04:56 - [32minfo[39m: process exited with code: 0
8 Jul 12:04:57 - [32minfo[39m: process exited with code: 0
8 Jul 12:04:57 - [32minfo[39m: process exited with code: 0
8 Jul 12:04:57 - [32minfo[39m: process exited with code: 0
8 Jul 12:04:57 - [32minfo[39m: results: [[{"phase":"prepare","code":0},{"phase":"prepare","code":0},{"phase":"prepare","code":0}],[{"phase":"test","code":0},{"phase":"test"},{"phase":"test","code":0}],[{"phase":"deploy","code":0},{"phase":"deploy","code":0},{"phase":"deploy","code":0}],[{"phase":"cleanup","code":0},{"phase":"cleanup","code":0},{"phase":"cleanup","code":0}]]
8 Jul 12:04:57 - [32minfo[39m: complete() tasks: []
8 Jul 12:04:57 - [32minfo[39m: WARNING: no SMTP transport detected nor configured. Cannot send email.
8 Jul 12:05:27 - [32minfo[39m: api.jobs
8 Jul 12:11:12 - [32minfo[39m: api.jobs
8 Jul 12:11:16 - [32minfo[39m: new job
8 Jul 12:11:16 - [32minfo[39m: simpleworker >>  [STRIDER] Updating repo from git@github.com:SHMEDIALIMITED/node-webapp-template.git

8 Jul 12:11:18 - [32minfo[39m: Git clone complete
8 Jul 12:11:18 - [32minfo[39m: simpleworker >>  [STRIDER] Git clone complete

8 Jul 12:11:34 - [32minfo[39m: process exited with code: 0
8 Jul 12:11:34 - [32minfo[39m: process exited with code: 0
8 Jul 12:11:35 - [32minfo[39m: process exited with code: 1
8 Jul 12:11:35 - [32minfo[39m: simpleworker >>  [STRIDER] Custom test command `cd bin/ && jasmine-node test/spec/` failed with exit code 1

8 Jul 12:11:35 - [32minfo[39m: results: [[{"phase":"prepare","code":0},{"phase":"prepare","code":0},{"phase":"prepare","code":0}],[{"phase":"test","code":0},{"phase":"test"},false]]
8 Jul 12:11:36 - [32minfo[39m: process exited with code: 0
8 Jul 12:11:36 - [32minfo[39m: complete() tasks: undefined
8 Jul 12:11:36 - [32minfo[39m: WARNING: no SMTP transport detected nor configured. Cannot send email.
8 Jul 12:13:32 - [32minfo[39m: received a correctly signed webhook for repo https://github.com/shmedialimited/node-webapp-template on master branch - starting task on user patrick.wolleb@shmedia.co.uk's behalf
8 Jul 12:13:32 - [32minfo[39m: new job
8 Jul 12:13:32 - [32minfo[39m: simpleworker >>  [STRIDER] Updating repo from git@github.com:SHMEDIALIMITED/node-webapp-template.git

8 Jul 12:13:35 - [32minfo[39m: Git clone complete
8 Jul 12:13:35 - [32minfo[39m: simpleworker >>  [STRIDER] Git clone complete

8 Jul 12:13:50 - [32minfo[39m: process exited with code: 0
8 Jul 12:13:51 - [32minfo[39m: process exited with code: 0
8 Jul 12:13:51 - [32minfo[39m: process exited with code: 1
8 Jul 12:13:51 - [32minfo[39m: simpleworker >>  [STRIDER] Custom test command `cd bin/ && jasmine-node test/spec/` failed with exit code 1

8 Jul 12:13:51 - [32minfo[39m: results: [[{"phase":"prepare","code":0},{"phase":"prepare","code":0},{"phase":"prepare","code":0}],[{"phase":"test","code":0},{"phase":"test"},false]]
8 Jul 12:13:52 - [32minfo[39m: process exited with code: 0
8 Jul 12:13:52 - [32minfo[39m: complete() tasks: undefined
8 Jul 12:13:52 - [32minfo[39m: WARNING: no SMTP transport detected nor configured. Cannot send email.
8 Jul 12:14:51 - [32minfo[39m: received a correctly signed webhook for repo https://github.com/shmedialimited/node-webapp-template on master branch - starting task on user patrick.wolleb@shmedia.co.uk's behalf
8 Jul 12:14:51 - [32minfo[39m: new job
8 Jul 12:14:51 - [32minfo[39m: simpleworker >>  [STRIDER] Updating repo from git@github.com:SHMEDIALIMITED/node-webapp-template.git

8 Jul 12:14:53 - [32minfo[39m: Git clone complete
8 Jul 12:14:53 - [32minfo[39m: simpleworker >>  [STRIDER] Git clone complete

8 Jul 12:15:09 - [32minfo[39m: process exited with code: 0
8 Jul 12:15:09 - [32minfo[39m: process exited with code: 0
8 Jul 12:15:10 - [32minfo[39m: process exited with code: 0
8 Jul 12:15:10 - [32minfo[39m: process exited with code: 0
8 Jul 12:15:11 - [32minfo[39m: process exited with code: 0
8 Jul 12:15:11 - [32minfo[39m: results: [[{"phase":"prepare","code":0},{"phase":"prepare","code":0},{"phase":"prepare","code":0}],[{"phase":"test","code":0},{"phase":"test"},{"phase":"test","code":0}],[{"phase":"deploy","code":0},{"phase":"deploy","code":0},{"phase":"deploy","code":0}],[{"phase":"cleanup","code":0},{"phase":"cleanup","code":0},{"phase":"cleanup","code":0}]]
8 Jul 12:15:11 - [32minfo[39m: complete() tasks: []
8 Jul 12:15:11 - [32minfo[39m: WARNING: no SMTP transport detected nor configured. Cannot send email.
8 Jul 12:15:35 - [32minfo[39m: api.jobs
8 Jul 12:16:25 - [32minfo[39m: api.jobs
8 Jul 12:16:27 - [32minfo[39m: new job
8 Jul 12:16:27 - [32minfo[39m: simpleworker >>  [STRIDER] Updating repo from git@github.com:SHMEDIALIMITED/node-webapp-template.git

8 Jul 12:16:30 - [32minfo[39m: Git clone complete
8 Jul 12:16:30 - [32minfo[39m: simpleworker >>  [STRIDER] Git clone complete

8 Jul 12:16:46 - [32minfo[39m: process exited with code: 0
8 Jul 12:16:46 - [32minfo[39m: process exited with code: 0
8 Jul 12:16:47 - [32minfo[39m: process exited with code: 0
8 Jul 12:16:48 - [32minfo[39m: process exited with code: 0
8 Jul 12:16:48 - [32minfo[39m: process exited with code: 0
8 Jul 12:16:48 - [32minfo[39m: results: [[{"phase":"prepare","code":0},{"phase":"prepare","code":0},{"phase":"prepare","code":0}],[{"phase":"test","code":0},{"phase":"test"},{"phase":"test","code":0}],[{"phase":"deploy","code":0},{"phase":"deploy","code":0},{"phase":"deploy","code":0}],[{"phase":"cleanup","code":0},{"phase":"cleanup","code":0},{"phase":"cleanup","code":0}]]
8 Jul 12:16:48 - [32minfo[39m: complete() tasks: []
8 Jul 12:16:48 - [32minfo[39m: WARNING: no SMTP transport detected nor configured. Cannot send email.
8 Jul 12:20:29 - [32minfo[39m: api.jobs
8 Jul 12:20:33 - [32minfo[39m: new job
8 Jul 12:20:33 - [32minfo[39m: simpleworker >>  [STRIDER] Updating repo from git@github.com:SHMEDIALIMITED/node-webapp-template.git

8 Jul 12:20:35 - [32minfo[39m: Git clone complete
8 Jul 12:20:35 - [32minfo[39m: simpleworker >>  [STRIDER] Git clone complete

8 Jul 12:20:35 - [32minfo[39m: process exited with code: 0
8 Jul 12:20:35 - [32minfo[39m: results: [[{"phase":"prepare","code":0},{"phase":"prepare","code":0},{"phase":"prepare","code":0}],[{"phase":"test","code":0},{"phase":"test"},{"phase":"test","code":0}],[{"phase":"deploy","code":0},{"phase":"deploy","code":0},{"phase":"deploy","code":0}],[{"phase":"cleanup","code":0},{"phase":"cleanup","code":0},{"phase":"cleanup","code":0}]]
8 Jul 12:20:35 - [32minfo[39m: complete() tasks: []
8 Jul 12:20:35 - [32minfo[39m: WARNING: no SMTP transport detected nor configured. Cannot send email.
8 Jul 12:22:07 - [32minfo[39m: received a correctly signed webhook for repo https://github.com/shmedialimited/node-webapp-template on master branch - starting task on user patrick.wolleb@shmedia.co.uk's behalf
8 Jul 12:22:07 - [32minfo[39m: new job
8 Jul 12:22:07 - [32minfo[39m: simpleworker >>  [STRIDER] Updating repo from git@github.com:SHMEDIALIMITED/node-webapp-template.git

8 Jul 12:22:09 - [32minfo[39m: Git clone complete
8 Jul 12:22:09 - [32minfo[39m: simpleworker >>  [STRIDER] Git clone complete

8 Jul 12:22:09 - [32minfo[39m: process exited with code: 0
8 Jul 12:22:09 - [32minfo[39m: results: [[{"phase":"prepare","code":0},{"phase":"prepare","code":0},{"phase":"prepare","code":0}],[{"phase":"test","code":0},{"phase":"test"},{"phase":"test","code":0}],[{"phase":"deploy","code":0},{"phase":"deploy","code":0},{"phase":"deploy","code":0}],[{"phase":"cleanup","code":0},{"phase":"cleanup","code":0},{"phase":"cleanup","code":0}]]
8 Jul 12:22:09 - [32minfo[39m: complete() tasks: []
8 Jul 12:22:09 - [32minfo[39m: WARNING: no SMTP transport detected nor configured. Cannot send email.
8 Jul 12:24:36 - [32minfo[39m: received a correctly signed webhook for repo https://github.com/shmedialimited/node-webapp-template on master branch - starting task on user patrick.wolleb@shmedia.co.uk's behalf
8 Jul 12:24:36 - [32minfo[39m: new job
8 Jul 12:24:36 - [32minfo[39m: simpleworker >>  [STRIDER] Updating repo from git@github.com:SHMEDIALIMITED/node-webapp-template.git

8 Jul 12:24:39 - [32minfo[39m: Git clone complete
8 Jul 12:24:39 - [32minfo[39m: simpleworker >>  [STRIDER] Git clone complete

8 Jul 12:24:55 - [32minfo[39m: process exited with code: 0
8 Jul 12:24:55 - [32minfo[39m: process exited with code: 0
8 Jul 12:24:56 - [32minfo[39m: process exited with code: 0
8 Jul 12:24:57 - [32minfo[39m: process exited with code: 0
8 Jul 12:24:57 - [32minfo[39m: results: [[{"phase":"prepare","code":0},{"phase":"prepare","code":0},{"phase":"prepare","code":0},{"phase":"prepare","code":0}],[{"phase":"test","code":0},{"phase":"test","code":0},{"phase":"test"},{"phase":"test","code":0}],[{"phase":"deploy","code":0},{"phase":"deploy","code":0},{"phase":"deploy","code":0},{"phase":"deploy","code":0}],[{"phase":"cleanup","code":0},{"phase":"cleanup","code":0},{"phase":"cleanup","code":0},{"phase":"cleanup","code":0}]]
8 Jul 12:24:57 - [32minfo[39m: complete() tasks: []
8 Jul 12:24:57 - [32minfo[39m: WARNING: no SMTP transport detected nor configured. Cannot send email.
8 Jul 12:50:23 - [32minfo[39m: received a correctly signed webhook for repo https://github.com/shmedialimited/node-webapp-template on master branch - starting task on user patrick.wolleb@shmedia.co.uk's behalf
8 Jul 12:50:23 - [32minfo[39m: new job
8 Jul 12:50:23 - [32minfo[39m: simpleworker >>  [STRIDER] Updating repo from git@github.com:SHMEDIALIMITED/node-webapp-template.git

8 Jul 12:50:26 - [32minfo[39m: Git clone complete
8 Jul 12:50:26 - [32minfo[39m: simpleworker >>  [STRIDER] Git clone complete

8 Jul 12:50:41 - [32minfo[39m: process exited with code: 0
8 Jul 12:50:42 - [32minfo[39m: process exited with code: 0
8 Jul 12:50:43 - [32minfo[39m: process exited with code: 0
8 Jul 12:50:43 - [32minfo[39m: process exited with code: 0
8 Jul 12:50:43 - [32minfo[39m: results: [[{"phase":"prepare","code":0},{"phase":"prepare","code":0},{"phase":"prepare","code":0},{"phase":"prepare","code":0}],[{"phase":"test","code":0},{"phase":"test","code":0},{"phase":"test"},{"phase":"test","code":0}],[{"phase":"deploy","code":0},{"phase":"deploy","code":0},{"phase":"deploy","code":0},{"phase":"deploy","code":0}],[{"phase":"cleanup","code":0},{"phase":"cleanup","code":0},{"phase":"cleanup","code":0},{"phase":"cleanup","code":0}]]
8 Jul 12:50:43 - [32minfo[39m: complete() tasks: []
8 Jul 12:50:43 - [32minfo[39m: WARNING: no SMTP transport detected nor configured. Cannot send email.
8 Jul 12:53:07 - [32minfo[39m: api.jobs
8 Jul 12:53:12 - [32minfo[39m: deploy_config privkey: "-----BEGIN DSA PRIVATE KEY-----\nMIIBuwIBAAKBgQCtT2b+lxuJgSTdSfqy4Ycj3N9es9HoKxcnppIpafwS91rCsHsA\nCUs6KBOdMBgyALZ5p+22osJonFhp73iakaSeG/Aamu0pWsVrPuU9q0Opq+ExEVTi\ns5zQ9KYLVEW0ZT2vgFGdIT5lwR+Bb8XjzAazQUHP5nOaERWUNrhb81v9FwIVAKnJ\nM0a0NRNwJ4ELOpVfR5LAsS/tAoGAKUisrPVVIskgKl/gRn9xtObjA/eR6jUog/Xh\n3CCmMD2+9SlwsEYMHvQl8dHAxMq4AxEXYQVWc2QYCzOOOZZX2GGj/Ldf1rkjt62p\nsLPPS07ZbSLipNMtuD1FwMoUvW4IAZEJoB44bGve/Rb4jCPoHnp3J5R+GId8ZCnZ\ndV+qrgICgYB45TfS++7hDDKKW+aP7FQecjR2WpTVrp3cu+VzOK9kdVLU25PQlj8f\ns99S0HLi7BOpPzSEWahwQNMraFfjDbxlZQN3vU4Jet3ekS/d3Zye1OZWNXIroYSJ\ndMGMXIpsBtqnDNQXuxmtEFidgqjju5+f8g8tLXkDJP/xFmUBmi6uLgIVAKgczKq/\n5+achqk0GvTnM5wXxsJo\n-----END DSA PRIVATE KEY-----\n"
8 Jul 12:53:12 - [32minfo[39m: new job
8 Jul 12:53:12 - [32minfo[39m: simpleworker >>  [STRIDER] Updating repo from git@github.com:SHMEDIALIMITED/node-webapp-template.git

8 Jul 12:53:16 - [32minfo[39m: Git clone complete
8 Jul 12:53:16 - [32minfo[39m: simpleworker >>  [STRIDER] Git clone complete

8 Jul 12:53:32 - [32minfo[39m: process exited with code: 0
8 Jul 12:53:33 - [32minfo[39m: process exited with code: 0
8 Jul 12:53:34 - [32minfo[39m: process exited with code: 0
8 Jul 12:53:34 - [32minfo[39m: have heroku config - adding heroku deploy build hook
8 Jul 12:53:34 - [32minfo[39m: simpleworker >>  [STRIDER] Deploying to Heroku ...

8 Jul 12:54:13 - [32minfo[39m: simpleworker >>  [STRIDER] Deployment to Heroku unsuccessful: %s

8 Jul 12:54:13 - [32minfo[39m: results: [[{"phase":"prepare","code":0},{"phase":"prepare","code":0},{"phase":"prepare","code":0},{"phase":"prepare","code":0}],[{"phase":"test","code":0},{"phase":"test","code":0},{"phase":"test"},{"phase":"test","code":0}],[false]]
8 Jul 12:54:13 - [32minfo[39m: complete() tasks: undefined
8 Jul 12:54:13 - [32minfo[39m: WARNING: no SMTP transport detected nor configured. Cannot send email.
8 Jul 12:59:39 - [32minfo[39m: Using MongoDB URL: mongodb://localhost/strider
8 Jul 12:59:40 - [32minfo[39m: Looking for webapp-type extensions under /home/ec2-user/strider/node_modules
8 Jul 12:59:40 - [32minfo[39m: strider-custom webapp extension loaded
8 Jul 12:59:40 - [32minfo[39m: strider-env webapp extension loaded
8 Jul 12:59:40 - [32minfo[39m: strider-sauce webapp extension loaded
8 Jul 12:59:40 - [32minfo[39m: Looking for worker-type extensions under /home/ec2-user/strider/node_modules
8 Jul 12:59:40 - [32minfo[39m: strider-custom worker extension loaded
8 Jul 12:59:40 - [32minfo[39m: strider-sauce worker extension loaded
8 Jul 12:59:40 - [32minfo[39m: strider-python extension loaded
8 Jul 12:59:40 - [32minfo[39m: strider-simple-worker ready
8 Jul 12:59:40 - [32minfo[39m: info: socket.io started
8 Jul 12:59:40 - [32minfo[39m: Express server listening on port 8080 in production mode
8 Jul 13:00:06 - [32minfo[39m: api.jobs
8 Jul 13:00:16 - [32minfo[39m: deploy_config privkey: "-----BEGIN DSA PRIVATE KEY-----\nMIIBuwIBAAKBgQCtT2b+lxuJgSTdSfqy4Ycj3N9es9HoKxcnppIpafwS91rCsHsA\nCUs6KBOdMBgyALZ5p+22osJonFhp73iakaSeG/Aamu0pWsVrPuU9q0Opq+ExEVTi\ns5zQ9KYLVEW0ZT2vgFGdIT5lwR+Bb8XjzAazQUHP5nOaERWUNrhb81v9FwIVAKnJ\nM0a0NRNwJ4ELOpVfR5LAsS/tAoGAKUisrPVVIskgKl/gRn9xtObjA/eR6jUog/Xh\n3CCmMD2+9SlwsEYMHvQl8dHAxMq4AxEXYQVWc2QYCzOOOZZX2GGj/Ldf1rkjt62p\nsLPPS07ZbSLipNMtuD1FwMoUvW4IAZEJoB44bGve/Rb4jCPoHnp3J5R+GId8ZCnZ\ndV+qrgICgYB45TfS++7hDDKKW+aP7FQecjR2WpTVrp3cu+VzOK9kdVLU25PQlj8f\ns99S0HLi7BOpPzSEWahwQNMraFfjDbxlZQN3vU4Jet3ekS/d3Zye1OZWNXIroYSJ\ndMGMXIpsBtqnDNQXuxmtEFidgqjju5+f8g8tLXkDJP/xFmUBmi6uLgIVAKgczKq/\n5+achqk0GvTnM5wXxsJo\n-----END DSA PRIVATE KEY-----\n"
8 Jul 13:00:16 - [32minfo[39m: new job
8 Jul 13:00:16 - [32minfo[39m: simpleworker >>  [STRIDER] Updating repo from git@github.com:SHMEDIALIMITED/node-webapp-template.git

8 Jul 13:00:18 - [32minfo[39m: Git clone complete
8 Jul 13:00:18 - [32minfo[39m: simpleworker >>  [STRIDER] Git clone complete

8 Jul 13:00:34 - [32minfo[39m: process exited with code: 0
8 Jul 13:00:36 - [32minfo[39m: process exited with code: 0
8 Jul 13:00:36 - [32minfo[39m: process exited with code: 0
8 Jul 13:00:36 - [32minfo[39m: have heroku config - adding heroku deploy build hook
8 Jul 13:00:36 - [32minfo[39m: simpleworker >>  [STRIDER] Deploying to Heroku ...

8 Jul 13:00:36 - [32minfo[39m: simpleworker >>  [STRIDER] Ignoring error adding git remote

8 Jul 13:00:37 - [32minfo[39m: simpleworker >>  [STRIDER] Deployment to Heroku unsuccessful: %s

8 Jul 13:00:37 - [32minfo[39m: results: [[{"phase":"prepare","code":0},{"phase":"prepare","code":0},{"phase":"prepare","code":0},{"phase":"prepare","code":0}],[{"phase":"test","code":0},{"phase":"test","code":0},{"phase":"test"},{"phase":"test","code":0}],[false]]
8 Jul 13:00:37 - [32minfo[39m: complete() tasks: undefined
8 Jul 13:00:37 - [32minfo[39m: WARNING: no SMTP transport detected nor configured. Cannot send email.
8 Jul 13:16:45 - [32minfo[39m: Using MongoDB URL: mongodb://localhost/strider
8 Jul 13:16:45 - [32minfo[39m: Looking for webapp-type extensions under /home/ec2-user/strider/node_modules
8 Jul 13:16:45 - [32minfo[39m: strider-custom webapp extension loaded
8 Jul 13:16:45 - [32minfo[39m: strider-env webapp extension loaded
8 Jul 13:16:45 - [32minfo[39m: strider-sauce webapp extension loaded
8 Jul 13:16:45 - [32minfo[39m: Looking for worker-type extensions under /home/ec2-user/strider/node_modules
8 Jul 13:16:45 - [32minfo[39m: strider-custom worker extension loaded
8 Jul 13:16:45 - [32minfo[39m: strider-sauce worker extension loaded
8 Jul 13:16:45 - [32minfo[39m: strider-python extension loaded
8 Jul 13:16:45 - [32minfo[39m: strider-simple-worker ready
8 Jul 13:16:45 - [32minfo[39m: info: socket.io started
8 Jul 13:16:45 - [32minfo[39m: Express server listening on port 8080 in production mode
8 Jul 13:16:51 - [32minfo[39m: deploy_config privkey: "-----BEGIN DSA PRIVATE KEY-----\nMIIBuwIBAAKBgQCtT2b+lxuJgSTdSfqy4Ycj3N9es9HoKxcnppIpafwS91rCsHsA\nCUs6KBOdMBgyALZ5p+22osJonFhp73iakaSeG/Aamu0pWsVrPuU9q0Opq+ExEVTi\ns5zQ9KYLVEW0ZT2vgFGdIT5lwR+Bb8XjzAazQUHP5nOaERWUNrhb81v9FwIVAKnJ\nM0a0NRNwJ4ELOpVfR5LAsS/tAoGAKUisrPVVIskgKl/gRn9xtObjA/eR6jUog/Xh\n3CCmMD2+9SlwsEYMHvQl8dHAxMq4AxEXYQVWc2QYCzOOOZZX2GGj/Ldf1rkjt62p\nsLPPS07ZbSLipNMtuD1FwMoUvW4IAZEJoB44bGve/Rb4jCPoHnp3J5R+GId8ZCnZ\ndV+qrgICgYB45TfS++7hDDKKW+aP7FQecjR2WpTVrp3cu+VzOK9kdVLU25PQlj8f\ns99S0HLi7BOpPzSEWahwQNMraFfjDbxlZQN3vU4Jet3ekS/d3Zye1OZWNXIroYSJ\ndMGMXIpsBtqnDNQXuxmtEFidgqjju5+f8g8tLXkDJP/xFmUBmi6uLgIVAKgczKq/\n5+achqk0GvTnM5wXxsJo\n-----END DSA PRIVATE KEY-----\n"
8 Jul 13:16:51 - [32minfo[39m: new job
8 Jul 13:16:51 - [32minfo[39m: cloning git@github.com:SHMEDIALIMITED/node-webapp-template.git into /home/ec2-user/strider/node_modules/strider-simple-worker/_work
8 Jul 13:16:51 - [32minfo[39m: simpleworker >>  [STRIDER] Starting git clone of repo at git@github.com:SHMEDIALIMITED/node-webapp-template.git

8 Jul 13:17:04 - [32minfo[39m: Git clone complete
8 Jul 13:17:04 - [32minfo[39m: simpleworker >>  [STRIDER] Git clone complete

8 Jul 13:17:21 - [32minfo[39m: process exited with code: 0
8 Jul 13:17:22 - [32minfo[39m: process exited with code: 0
8 Jul 13:17:23 - [32minfo[39m: process exited with code: 0
8 Jul 13:17:23 - [32minfo[39m: have heroku config - adding heroku deploy build hook
8 Jul 13:17:23 - [32minfo[39m: simpleworker >>  [STRIDER] Deploying to Heroku ...

8 Jul 13:17:23 - [32minfo[39m: simpleworker >>  [STRIDER] Added REMOTE

8 Jul 13:17:23 - [32minfo[39m: simpleworker >>  [STRIDER] Staged bin

8 Jul 13:17:23 - [32minfo[39m: simpleworker >>  [STRIDER] Commited

8 Jul 13:17:27 - [32minfo[39m: Using MongoDB URL: mongodb://localhost/strider
8 Jul 13:17:27 - [32minfo[39m: Looking for webapp-type extensions under /home/ec2-user/strider/node_modules
8 Jul 13:17:27 - [32minfo[39m: strider-custom webapp extension loaded
8 Jul 13:17:27 - [32minfo[39m: strider-env webapp extension loaded
8 Jul 13:17:27 - [32minfo[39m: strider-sauce webapp extension loaded
8 Jul 13:17:27 - [32minfo[39m: Looking for worker-type extensions under /home/ec2-user/strider/node_modules
8 Jul 13:17:27 - [32minfo[39m: strider-custom worker extension loaded
8 Jul 13:17:27 - [32minfo[39m: strider-sauce worker extension loaded
8 Jul 13:17:27 - [32minfo[39m: strider-python extension loaded
8 Jul 13:17:27 - [32minfo[39m: strider-simple-worker ready
8 Jul 13:17:27 - [32minfo[39m: info: socket.io started
8 Jul 13:17:27 - [32minfo[39m: Express server listening on port 8080 in production mode
8 Jul 13:21:46 - [32minfo[39m: api.jobs
8 Jul 13:29:57 - [32minfo[39m: Using MongoDB URL: mongodb://localhost/strider
8 Jul 13:29:57 - [32minfo[39m: Looking for webapp-type extensions under /home/ec2-user/strider/node_modules
8 Jul 13:29:58 - [32minfo[39m: strider-custom webapp extension loaded
8 Jul 13:29:58 - [32minfo[39m: strider-env webapp extension loaded
8 Jul 13:29:58 - [32minfo[39m: strider-sauce webapp extension loaded
8 Jul 13:29:58 - [32minfo[39m: Looking for worker-type extensions under /home/ec2-user/strider/node_modules
8 Jul 13:29:58 - [32minfo[39m: strider-custom worker extension loaded
8 Jul 13:29:58 - [32minfo[39m: strider-sauce worker extension loaded
8 Jul 13:29:58 - [32minfo[39m: strider-python extension loaded
8 Jul 13:29:58 - [32minfo[39m: strider-simple-worker ready
8 Jul 13:29:58 - [32minfo[39m: info: socket.io started
8 Jul 13:29:58 - [32minfo[39m: Express server listening on port 8080 in production mode
8 Jul 13:30:03 - [32minfo[39m: deploy_config privkey: "-----BEGIN DSA PRIVATE KEY-----\nMIIBuwIBAAKBgQCtT2b+lxuJgSTdSfqy4Ycj3N9es9HoKxcnppIpafwS91rCsHsA\nCUs6KBOdMBgyALZ5p+22osJonFhp73iakaSeG/Aamu0pWsVrPuU9q0Opq+ExEVTi\ns5zQ9KYLVEW0ZT2vgFGdIT5lwR+Bb8XjzAazQUHP5nOaERWUNrhb81v9FwIVAKnJ\nM0a0NRNwJ4ELOpVfR5LAsS/tAoGAKUisrPVVIskgKl/gRn9xtObjA/eR6jUog/Xh\n3CCmMD2+9SlwsEYMHvQl8dHAxMq4AxEXYQVWc2QYCzOOOZZX2GGj/Ldf1rkjt62p\nsLPPS07ZbSLipNMtuD1FwMoUvW4IAZEJoB44bGve/Rb4jCPoHnp3J5R+GId8ZCnZ\ndV+qrgICgYB45TfS++7hDDKKW+aP7FQecjR2WpTVrp3cu+VzOK9kdVLU25PQlj8f\ns99S0HLi7BOpPzSEWahwQNMraFfjDbxlZQN3vU4Jet3ekS/d3Zye1OZWNXIroYSJ\ndMGMXIpsBtqnDNQXuxmtEFidgqjju5+f8g8tLXkDJP/xFmUBmi6uLgIVAKgczKq/\n5+achqk0GvTnM5wXxsJo\n-----END DSA PRIVATE KEY-----\n"
8 Jul 13:30:03 - [32minfo[39m: new job
8 Jul 13:30:03 - [32minfo[39m: cloning git@github.com:SHMEDIALIMITED/node-webapp-template.git into /home/ec2-user/strider/node_modules/strider-simple-worker/_work
8 Jul 13:30:03 - [32minfo[39m: simpleworker >>  [STRIDER] Starting git clone of repo at git@github.com:SHMEDIALIMITED/node-webapp-template.git

8 Jul 13:30:15 - [32minfo[39m: Git clone complete
8 Jul 13:30:15 - [32minfo[39m: simpleworker >>  [STRIDER] Git clone complete

8 Jul 13:30:31 - [32minfo[39m: process exited with code: 0
8 Jul 13:30:33 - [32minfo[39m: process exited with code: 0
8 Jul 13:30:33 - [32minfo[39m: process exited with code: 0
8 Jul 13:30:33 - [32minfo[39m: have heroku config - adding heroku deploy build hook
8 Jul 13:30:33 - [32minfo[39m: simpleworker >>  [STRIDER] Deploying to Heroku ...

8 Jul 13:30:33 - [32minfo[39m: simpleworker >>  [STRIDER] Added REMOTE

8 Jul 13:30:33 - [32minfo[39m: simpleworker >>  [STRIDER] Staged bin

8 Jul 13:30:34 - [32minfo[39m: simpleworker >>  [STRIDER] Commited

8 Jul 13:30:34 - [32minfo[39m: simpleworker >>  [STRIDER] Deployment to Heroku

8 Jul 13:31:19 - [32minfo[39m: simpleworker >>  [STRIDER] Deployment to Heroku stdoutgit push using:  heroku master


8 Jul 13:31:19 - [32minfo[39m: simpleworker >>  [STRIDER] Deployment to Heroku stderr1/50 (0)
2/50 (1)
3/50 (2)
4/50 (3)
5/50 (4)
6/50 (5)
7/50 (6)
8/50 (7)
9/50 (8)
10/50 (9)
11/50 (10)
12/50 (11)
13/50 (12)
14/50 (13)
15/50 (14)
16/50 (15)
17/50 (16)
18/50 (17)
19/50 (18)
20/50 (19)
21/50 (20)
22/50 (21)
23/50 (22)
24/50 (23)
25/50 (24)
26/50 (25)
27/50 (26)
28/50 (27)
29/50 (28)
30/50 (29)
31/50 (30)
32/50 (31)
33/50 (32)
34/50 (33)
35/50 (34)
36/50 (35)
37/50 (36)
38/50 (37)
39/50 (38)
40/50 (39)
41/50 (40)
42/50 (41)
43/50 (42)
44/50 (43)
45/50 (44)
46/50 (45)
47/50 (46)
48/50 (47)
49/50 (48)
50/50 (49)

-----> Node.js app detected
-----> Resolving engine versions
       Using Node.js version: 0.8.14
       Using npm version: 1.1.65
-----> Fetching Node.js binaries
-----> Vendoring node into slug
-----> Installing dependencies with npm
       npm WARN package.json SH-MEDIA-basic-main@0.0.2 No README.md file found!
       npm WARN package.json SH-MEDIA-basic-main@0.0.2 No README.md file found!
       
       > bson@0.1.8 install /tmp/build_2egrrwd3fzmog/node_modules/mongoose/node_modules/mongodb/node_modules/bson
       > (node-gyp rebuild 2> builderror.log) || (exit 0)
       
       make: Entering directory `/tmp/build_2egrrwd3fzmog/node_modules/mongoose/node_modules/mongodb/node_modules/bson/build'
         CXX(target) Release/obj.target/bson/ext/bson.o
         SOLINK_MODULE(target) Release/obj.target/bson.node
         SOLINK_MODULE(target) Release/obj.target/bson.node: Finished
         COPY Release/bson.node
       make: Leaving directory `/tmp/build_2egrrwd3fzmog/node_modules/mongoose/node_modules/mongodb/node_modules/bson/build'
       
       > kerberos@0.0.3 install /tmp/build_2egrrwd3fzmog/node_modules/mongoose/node_modules/mongodb/node_modules/kerberos
       > (node-gyp rebuild 2> builderror.log) || (exit 0)
       
       make: Entering directory `/tmp/build_2egrrwd3fzmog/node_modules/mongoose/node_modules/mongodb/node_modules/kerberos/build'
         SOLINK_MODULE(target) Release/obj.target/kerberos.node
         SOLINK_MODULE(target) Release/obj.target/kerberos.node: Finished
         COPY Release/kerberos.node
       make: Leaving directory `/tmp/build_2egrrwd3fzmog/node_modules/mongoose/node_modules/mongodb/node_modules/kerberos/build'
       
       > bson@0.1.9 install /tmp/build_2egrrwd3fzmog/node_modules/mongo-connect/node_modules/mongodb/node_modules/bson
       > (node-gyp rebuild 2> builderror.log) || (exit 0)
       
       make: Entering directory `/tmp/build_2egrrwd3fzmog/node_modules/mongo-connect/node_modules/mongodb/node_modules/bson/build'
         CXX(target) Release/obj.target/bson/ext/bson.o
         SOLINK_MODULE(target) Release/obj.target/bson.node
         SOLINK_MODULE(target) Release/obj.target/bson.node: Finished
         COPY Release/bson.node
       make: Leaving directory `/tmp/build_2egrrwd3fzmog/node_modules/mongo-connect/node_modules/mongodb/node_modules/bson/build'
       
       > kerberos@0.0.3 install /tmp/build_2egrrwd3fzmog/node_modules/mongo-connect/node_modules/mongodb/node_modules/kerberos
       > (node-gyp rebuild 2> builderror.log) || (exit 0)
       
       make: Entering directory `/tmp/build_2egrrwd3fzmog/node_modules/mongo-connect/node_modules/mongodb/node_modules/kerberos/build'
         SOLINK_MODULE(target) Release/obj.target/kerberos.node
         SOLINK_MODULE(target) Release/obj.target/kerberos.node: Finished
         COPY Release/kerberos.node
       make: Leaving directory `/tmp/build_2egrrwd3fzmog/node_modules/mongo-connect/node_modules/mongodb/node_modules/kerberos/build'
       express@3.0.4 /tmp/build_2egrrwd3fzmog/node_modules/express
       connect@2.7.1 /tmp/build_2egrrwd3fzmog/node_modules/express/node_modules/connect
       qs@0.5.1 /tmp/build_2egrrwd3fzmog/node_modules/express/node_modules/connect/node_modules/qs
       formidable@1.0.11 /tmp/build_2egrrwd3fzmog/node_modules/express/node_modules/connect/node_modules/formidable
       cookie-signature@0.0.1 /tmp/build_2egrrwd3fzmog/node_modules/express/node_modules/cookie-signature
       crc@0.2.0 /tmp/build_2egrrwd3fzmog/node_modules/express/node_modules/connect/node_modules/crc
       cookie@0.0.5 /tmp/build_2egrrwd3fzmog/node_modules/express/node_modules/cookie
       bytes@0.1.0 /tmp/build_2egrrwd3fzmog/node_modules/express/node_modules/connect/node_modules/bytes
       send@0.1.0 /tmp/build_2egrrwd3fzmog/node_modules/express/node_modules/send
       debug@0.7.2 /tmp/build_2egrrwd3fzmog/node_modules/express/node_modules/debug
       mime@1.2.6 /tmp/build_2egrrwd3fzmog/node_modules/express/node_modules/send/node_modules/mime
       fresh@0.1.0 /tmp/build_2egrrwd3fzmog/node_modules/express/node_modules/fresh
       range-parser@0.0.4 /tmp/build_2egrrwd3fzmog/node_modules/express/node_modules/range-parser
       pause@0.0.1 /tmp/build_2egrrwd3fzmog/node_modules/express/node_modules/connect/node_modules/pause
       commander@0.6.1 /tmp/build_2egrrwd3fzmog/node_modules/express/node_modules/commander
       mkdirp@0.3.3 /tmp/build_2egrrwd3fzmog/node_modules/express/node_modules/mkdirp
       buffer-crc32@0.1.1 /tmp/build_2egrrwd3fzmog/node_modules/express/node_modules/buffer-crc32
       methods@0.0.1 /tmp/build_2egrrwd3fzmog/node_modules/express/node_modules/methods
       ejs@0.8.3 /tmp/build_2egrrwd3fzmog/node_modules/ejs
       fb@0.0.9 /tmp/build_2egrrwd3fzmog/node_modules/fb
       request@2.9.203 /tmp/build_2egrrwd3fzmog/node_modules/fb/node_modules/request
       crypto@0.0.3 /tmp/build_2egrrwd3fzmog/node_modules/fb/node_modules/crypto
       b64url@1.0.3 /tmp/build_2egrrwd3fzmog/node_modules/b64url
       mongoose@3.5.14 /tmp/build_2egrrwd3fzmog/node_modules/mongoose
       hooks@0.2.1 /tmp/build_2egrrwd3fzmog/node_modules/mongoose/node_modules/hooks
       mongodb@1.3.5 /tmp/build_2egrrwd3fzmog/node_modules/mongoose/node_modules/mongodb
       bson@0.1.8 /tmp/build_2egrrwd3fzmog/node_modules/mongoose/node_modules/mongodb/node_modules/bson
       kerberos@0.0.3 /tmp/build_2egrrwd3fzmog/node_modules/mongoose/node_modules/mongodb/node_modules/kerberos
       ms@0.1.0 /tmp/build_2egrrwd3fzmog/node_modules/mongoose/node_modules/ms
       sliced@0.0.3 /tmp/build_2egrrwd3fzmog/node_modules/mongoose/node_modules/sliced
       muri@0.3.1 /tmp/build_2egrrwd3fzmog/node_modules/mongoose/node_modules/muri
       mongo-connect@0.0.6 /tmp/build_2egrrwd3fzmog/node_modules/mongo-connect
       mongodb@1.3.11 /tmp/build_2egrrwd3fzmog/node_modules/mongo-connect/node_modules/mongodb
       bson@0.1.9 /tmp/build_2egrrwd3fzmog/node_modules/mongo-connect/node_modules/mongodb/node_modules/bson
       kerberos@0.0.3 /tmp/build_2egrrwd3fzmog/node_modules/mongo-connect/node_modules/mongodb/node_modules/kerberos
       generic-pool@2.0.3 /tmp/build_2egrrwd3fzmog/node_modules/mongo-connect/node_modules/generic-pool
       log4js@0.6.6 /tmp/build_2egrrwd3fzmog/node_modules/mongo-connect/node_modules/log4js
       async@0.1.15 /tmp/build_2egrrwd3fzmog/node_modules/mongo-connect/node_modules/log4js/node_modules/async
       dequeue@1.0.3 /tmp/build_2egrrwd3fzmog/node_modules/mongo-connect/node_modules/log4js/node_modules/dequeue
       semver@1.1.4 /tmp/build_2egrrwd3fzmog/node_modules/mongo-connect/node_modules/log4js/node_modules/semver
       readable-stream@1.0.2 /tmp/build_2egrrwd3fzmog/node_modules/mongo-connect/node_modules/log4js/node_modules/readable-stream
       underscore@1.4.4 /tmp/build_2egrrwd3fzmog/node_modules/underscore
       Dependencies installed
-----> Building runtime environment
-----> Discovering process types
       Procfile declares types -> web

-----> Compiled slug size: 7.1MB
-----> Launching... done, v12
       http://web-app-template.herokuapp.com deployed to Heroku

To git@heroku.com:web-app-template.git
 + 5f90acf...0f2dd56 0f2dd56c46e78c95e105448341d0c9938aeb80af -> master (forced update)


8 Jul 13:31:19 - [32minfo[39m: simpleworker >>  [STRIDER] Deployment to Heroku errnull

8 Jul 13:31:19 - [32minfo[39m: simpleworker >>  [STRIDER] Deployment to Heroku successful.

8 Jul 13:31:19 - [32minfo[39m: results: [[{"phase":"prepare","code":0},{"phase":"prepare","code":0},{"phase":"prepare","code":0},{"phase":"prepare","code":0}],[{"phase":"test","code":0},{"phase":"test","code":0},{"phase":"test"},{"phase":"test","code":0}],[{"phase":"deploy","code":0},false]]
8 Jul 13:31:19 - [32minfo[39m: complete() tasks: null
8 Jul 13:31:19 - [32minfo[39m: WARNING: no SMTP transport detected nor configured. Cannot send email.
8 Jul 13:56:56 - [32minfo[39m: received a correctly signed webhook for repo https://github.com/shmedialimited/node-webapp-template on master branch - starting task on user patrick.wolleb@shmedia.co.uk's behalf
8 Jul 13:56:56 - [32minfo[39m: deploy_config privkey: "-----BEGIN DSA PRIVATE KEY-----\nMIIBuwIBAAKBgQCtT2b+lxuJgSTdSfqy4Ycj3N9es9HoKxcnppIpafwS91rCsHsA\nCUs6KBOdMBgyALZ5p+22osJonFhp73iakaSeG/Aamu0pWsVrPuU9q0Opq+ExEVTi\ns5zQ9KYLVEW0ZT2vgFGdIT5lwR+Bb8XjzAazQUHP5nOaERWUNrhb81v9FwIVAKnJ\nM0a0NRNwJ4ELOpVfR5LAsS/tAoGAKUisrPVVIskgKl/gRn9xtObjA/eR6jUog/Xh\n3CCmMD2+9SlwsEYMHvQl8dHAxMq4AxEXYQVWc2QYCzOOOZZX2GGj/Ldf1rkjt62p\nsLPPS07ZbSLipNMtuD1FwMoUvW4IAZEJoB44bGve/Rb4jCPoHnp3J5R+GId8ZCnZ\ndV+qrgICgYB45TfS++7hDDKKW+aP7FQecjR2WpTVrp3cu+VzOK9kdVLU25PQlj8f\ns99S0HLi7BOpPzSEWahwQNMraFfjDbxlZQN3vU4Jet3ekS/d3Zye1OZWNXIroYSJ\ndMGMXIpsBtqnDNQXuxmtEFidgqjju5+f8g8tLXkDJP/xFmUBmi6uLgIVAKgczKq/\n5+achqk0GvTnM5wXxsJo\n-----END DSA PRIVATE KEY-----\n"
8 Jul 13:56:56 - [32minfo[39m: new job
8 Jul 13:56:56 - [32minfo[39m: cloning git@github.com:SHMEDIALIMITED/node-webapp-template.git into /home/ec2-user/strider/node_modules/strider-simple-worker/_work
8 Jul 13:56:56 - [32minfo[39m: simpleworker >>  [STRIDER] Starting git clone of repo at git@github.com:SHMEDIALIMITED/node-webapp-template.git

8 Jul 13:57:10 - [32minfo[39m: Git clone complete
8 Jul 13:57:10 - [32minfo[39m: simpleworker >>  [STRIDER] Git clone complete

8 Jul 13:57:27 - [32minfo[39m: process exited with code: 0
8 Jul 13:57:28 - [32minfo[39m: process exited with code: 0
8 Jul 13:57:29 - [32minfo[39m: process exited with code: 0
8 Jul 13:57:29 - [32minfo[39m: have heroku config - adding heroku deploy build hook
8 Jul 13:57:29 - [32minfo[39m: simpleworker >>  [STRIDER] Deploying to Heroku ...

8 Jul 13:57:29 - [32minfo[39m: simpleworker >>  [STRIDER] Added REMOTE

8 Jul 13:57:30 - [32minfo[39m: simpleworker >>  [STRIDER] Staged bin

8 Jul 13:57:30 - [32minfo[39m: simpleworker >>  [STRIDER] Commited

8 Jul 13:57:30 - [32minfo[39m: simpleworker >>  [STRIDER] Deployment to Heroku

8 Jul 13:58:18 - [32minfo[39m: simpleworker >>  [STRIDER] Deployment to Heroku stdoutgit push using:  heroku master


8 Jul 13:58:18 - [32minfo[39m: simpleworker >>  [STRIDER] Deployment to Heroku stderr1/51 (0)
2/51 (1)
3/51 (2)
4/51 (3)
5/51 (4)
6/51 (5)
7/51 (6)
8/51 (7)
9/51 (8)
10/51 (9)
11/51 (10)
12/51 (11)
13/51 (12)
14/51 (13)
15/51 (14)
16/51 (15)
17/51 (16)
18/51 (17)
19/51 (18)
20/51 (19)
21/51 (20)
22/51 (21)
23/51 (22)
24/51 (23)
25/51 (24)
26/51 (25)
27/51 (26)
28/51 (27)
29/51 (28)
30/51 (29)
31/51 (30)
32/51 (31)
33/51 (32)
34/51 (33)
35/51 (34)
36/51 (35)
37/51 (36)
38/51 (37)
39/51 (38)
40/51 (39)
41/51 (40)
42/51 (41)
43/51 (42)
44/51 (43)
45/51 (44)
46/51 (45)
47/51 (46)
48/51 (47)
49/51 (48)
50/51 (49)
51/51 (50)

-----> Node.js app detected
-----> Resolving engine versions
       Using Node.js version: 0.8.14
       Using npm version: 1.1.65
-----> Fetching Node.js binaries
-----> Vendoring node into slug
-----> Installing dependencies with npm
       npm WARN package.json SH-MEDIA-basic-main@0.0.2 No README.md file found!
       npm WARN package.json SH-MEDIA-basic-main@0.0.2 No README.md file found!
       
       > bson@0.1.8 install /tmp/build_8tjxi6ec6dv8/node_modules/mongoose/node_modules/mongodb/node_modules/bson
       > (node-gyp rebuild 2> builderror.log) || (exit 0)
       
       make: Entering directory `/tmp/build_8tjxi6ec6dv8/node_modules/mongoose/node_modules/mongodb/node_modules/bson/build'
         CXX(target) Release/obj.target/bson/ext/bson.o
         SOLINK_MODULE(target) Release/obj.target/bson.node
         SOLINK_MODULE(target) Release/obj.target/bson.node: Finished
         COPY Release/bson.node
       make: Leaving directory `/tmp/build_8tjxi6ec6dv8/node_modules/mongoose/node_modules/mongodb/node_modules/bson/build'
       
       > kerberos@0.0.3 install /tmp/build_8tjxi6ec6dv8/node_modules/mongoose/node_modules/mongodb/node_modules/kerberos
       > (node-gyp rebuild 2> builderror.log) || (exit 0)
       
       make: Entering directory `/tmp/build_8tjxi6ec6dv8/node_modules/mongoose/node_modules/mongodb/node_modules/kerberos/build'
         SOLINK_MODULE(target) Release/obj.target/kerberos.node
         SOLINK_MODULE(target) Release/obj.target/kerberos.node: Finished
         COPY Release/kerberos.node
       make: Leaving directory `/tmp/build_8tjxi6ec6dv8/node_modules/mongoose/node_modules/mongodb/node_modules/kerberos/build'
       
       > bson@0.1.9 install /tmp/build_8tjxi6ec6dv8/node_modules/mongo-connect/node_modules/mongodb/node_modules/bson
       > (node-gyp rebuild 2> builderror.log) || (exit 0)
       
       make: Entering directory `/tmp/build_8tjxi6ec6dv8/node_modules/mongo-connect/node_modules/mongodb/node_modules/bson/build'
         CXX(target) Release/obj.target/bson/ext/bson.o
         SOLINK_MODULE(target) Release/obj.target/bson.node
         SOLINK_MODULE(target) Release/obj.target/bson.node: Finished
         COPY Release/bson.node
       make: Leaving directory `/tmp/build_8tjxi6ec6dv8/node_modules/mongo-connect/node_modules/mongodb/node_modules/bson/build'
       
       > kerberos@0.0.3 install /tmp/build_8tjxi6ec6dv8/node_modules/mongo-connect/node_modules/mongodb/node_modules/kerberos
       > (node-gyp rebuild 2> builderror.log) || (exit 0)
       
       make: Entering directory `/tmp/build_8tjxi6ec6dv8/node_modules/mongo-connect/node_modules/mongodb/node_modules/kerberos/build'
         SOLINK_MODULE(target) Release/obj.target/kerberos.node
         SOLINK_MODULE(target) Release/obj.target/kerberos.node: Finished
         COPY Release/kerberos.node
       make: Leaving directory `/tmp/build_8tjxi6ec6dv8/node_modules/mongo-connect/node_modules/mongodb/node_modules/kerberos/build'
       express@3.0.4 /tmp/build_8tjxi6ec6dv8/node_modules/express
       connect@2.7.1 /tmp/build_8tjxi6ec6dv8/node_modules/express/node_modules/connect
       qs@0.5.1 /tmp/build_8tjxi6ec6dv8/node_modules/express/node_modules/connect/node_modules/qs
       formidable@1.0.11 /tmp/build_8tjxi6ec6dv8/node_modules/express/node_modules/connect/node_modules/formidable
       cookie-signature@0.0.1 /tmp/build_8tjxi6ec6dv8/node_modules/express/node_modules/cookie-signature
       crc@0.2.0 /tmp/build_8tjxi6ec6dv8/node_modules/express/node_modules/connect/node_modules/crc
       cookie@0.0.5 /tmp/build_8tjxi6ec6dv8/node_modules/express/node_modules/cookie
       bytes@0.1.0 /tmp/build_8tjxi6ec6dv8/node_modules/express/node_modules/connect/node_modules/bytes
       send@0.1.0 /tmp/build_8tjxi6ec6dv8/node_modules/express/node_modules/send
       debug@0.7.2 /tmp/build_8tjxi6ec6dv8/node_modules/express/node_modules/debug
       mime@1.2.6 /tmp/build_8tjxi6ec6dv8/node_modules/express/node_modules/send/node_modules/mime
       fresh@0.1.0 /tmp/build_8tjxi6ec6dv8/node_modules/express/node_modules/fresh
       range-parser@0.0.4 /tmp/build_8tjxi6ec6dv8/node_modules/express/node_modules/range-parser
       pause@0.0.1 /tmp/build_8tjxi6ec6dv8/node_modules/express/node_modules/connect/node_modules/pause
       commander@0.6.1 /tmp/build_8tjxi6ec6dv8/node_modules/express/node_modules/commander
       mkdirp@0.3.3 /tmp/build_8tjxi6ec6dv8/node_modules/express/node_modules/mkdirp
       buffer-crc32@0.1.1 /tmp/build_8tjxi6ec6dv8/node_modules/express/node_modules/buffer-crc32
       methods@0.0.1 /tmp/build_8tjxi6ec6dv8/node_modules/express/node_modules/methods
       ejs@0.8.3 /tmp/build_8tjxi6ec6dv8/node_modules/ejs
       fb@0.0.9 /tmp/build_8tjxi6ec6dv8/node_modules/fb
       request@2.9.203 /tmp/build_8tjxi6ec6dv8/node_modules/fb/node_modules/request
       crypto@0.0.3 /tmp/build_8tjxi6ec6dv8/node_modules/fb/node_modules/crypto
       b64url@1.0.3 /tmp/build_8tjxi6ec6dv8/node_modules/b64url
       mongoose@3.5.14 /tmp/build_8tjxi6ec6dv8/node_modules/mongoose
       hooks@0.2.1 /tmp/build_8tjxi6ec6dv8/node_modules/mongoose/node_modules/hooks
       mongodb@1.3.5 /tmp/build_8tjxi6ec6dv8/node_modules/mongoose/node_modules/mongodb
       bson@0.1.8 /tmp/build_8tjxi6ec6dv8/node_modules/mongoose/node_modules/mongodb/node_modules/bson
       kerberos@0.0.3 /tmp/build_8tjxi6ec6dv8/node_modules/mongoose/node_modules/mongodb/node_modules/kerberos
       ms@0.1.0 /tmp/build_8tjxi6ec6dv8/node_modules/mongoose/node_modules/ms
       sliced@0.0.3 /tmp/build_8tjxi6ec6dv8/node_modules/mongoose/node_modules/sliced
       muri@0.3.1 /tmp/build_8tjxi6ec6dv8/node_modules/mongoose/node_modules/muri
       mongo-connect@0.0.6 /tmp/build_8tjxi6ec6dv8/node_modules/mongo-connect
       mongodb@1.3.11 /tmp/build_8tjxi6ec6dv8/node_modules/mongo-connect/node_modules/mongodb
       bson@0.1.9 /tmp/build_8tjxi6ec6dv8/node_modules/mongo-connect/node_modules/mongodb/node_modules/bson
       kerberos@0.0.3 /tmp/build_8tjxi6ec6dv8/node_modules/mongo-connect/node_modules/mongodb/node_modules/kerberos
       generic-pool@2.0.3 /tmp/build_8tjxi6ec6dv8/node_modules/mongo-connect/node_modules/generic-pool
       log4js@0.6.6 /tmp/build_8tjxi6ec6dv8/node_modules/mongo-connect/node_modules/log4js
       async@0.1.15 /tmp/build_8tjxi6ec6dv8/node_modules/mongo-connect/node_modules/log4js/node_modules/async
       dequeue@1.0.3 /tmp/build_8tjxi6ec6dv8/node_modules/mongo-connect/node_modules/log4js/node_modules/dequeue
       semver@1.1.4 /tmp/build_8tjxi6ec6dv8/node_modules/mongo-connect/node_modules/log4js/node_modules/semver
       readable-stream@1.0.2 /tmp/build_8tjxi6ec6dv8/node_modules/mongo-connect/node_modules/log4js/node_modules/readable-stream
       underscore@1.4.4 /tmp/build_8tjxi6ec6dv8/node_modules/underscore
       Dependencies installed
-----> Building runtime environment
-----> Discovering process types
       Procfile declares types -> web

-----> Compiled slug size: 7.1MB
-----> Launching... done, v14
       http://web-app-template.herokuapp.com deployed to Heroku

To git@heroku.com:web-app-template.git
 + 0f2dd56...51bc75e 51bc75e94c8d5218b7c2d3fdc07e00ed7596c805 -> master (forced update)


8 Jul 13:58:18 - [32minfo[39m: simpleworker >>  [STRIDER] Deployment to Heroku errnull

8 Jul 13:58:18 - [32minfo[39m: simpleworker >>  [STRIDER] Deployment to Heroku successful.

8 Jul 13:58:18 - [32minfo[39m: results: [[{"phase":"prepare","code":0},{"phase":"prepare","code":0},{"phase":"prepare","code":0},{"phase":"prepare","code":0}],[{"phase":"test","code":0},{"phase":"test","code":0},{"phase":"test"},{"phase":"test","code":0}],[{"phase":"deploy","code":0},false]]
8 Jul 13:58:18 - [32minfo[39m: complete() tasks: null
8 Jul 13:58:18 - [32minfo[39m: WARNING: no SMTP transport detected nor configured. Cannot send email.
